SLF4J: Failed to load class "org.slf4j.impl.StaticLoggerBinder".
SLF4J: Defaulting to no-operation (NOP) logger implementation
SLF4J: See http://www.slf4j.org/codes.html#StaticLoggerBinder for further details.
Jun 27, 2020 6:16:02 PM org.hibernate.validator.internal.util.Version <clinit>
INFO: HV000001: Hibernate Validator 5.4.1.Final
Jun 27, 2020 6:16:05 PM org.hibernate.validator.internal.util.Version <clinit>
INFO: HV000001: Hibernate Validator 5.4.1.Final
SLF4J: Failed to load class "org.slf4j.impl.StaticLoggerBinder".
SLF4J: Defaulting to no-operation (NOP) logger implementation
SLF4J: See http://www.slf4j.org/codes.html#StaticLoggerBinder for further details.
Jun 27, 2020 6:16:08 PM org.hibernate.validator.internal.util.Version <clinit>
INFO: HV000001: Hibernate Validator 5.4.1.Final
SLF4J: Failed to load class "org.slf4j.impl.StaticLoggerBinder".
SLF4J: Defaulting to no-operation (NOP) logger implementation
SLF4J: See http://www.slf4j.org/codes.html#StaticLoggerBinder for further details.
Jun 27, 2020 6:16:11 PM org.hibernate.validator.internal.util.Version <clinit>
INFO: HV000001: Hibernate Validator 5.4.1.Final
SLF4J: Failed to load class "org.slf4j.impl.StaticLoggerBinder".
SLF4J: Defaulting to no-operation (NOP) logger implementation
SLF4J: See http://www.slf4j.org/codes.html#StaticLoggerBinder for further details.
Jun 27, 2020 6:16:16 PM org.hibernate.validator.internal.util.Version <clinit>
INFO: HV000001: Hibernate Validator 5.4.1.Final
18:16:22,673 |-INFO in ch.qos.logback.classic.LoggerContext[default] - Found resource [logback-test.xml] at [file:/pfs/proj/nobackup/fs/projnb01/snic2020-10-10/dginelli/repairnator-workspace/repairnator-repairnator-experiments-dropwizard-dropwizard-279515036-20170925-155015_bugonly-firstCommit/dropwizard-logging/target/test-classes/logback-test.xml]
18:16:22,758 |-INFO in ch.qos.logback.classic.joran.action.ConfigurationAction - debug attribute not set
18:16:22,761 |-INFO in ch.qos.logback.core.joran.action.AppenderAction - About to instantiate appender of type [ch.qos.logback.core.ConsoleAppender]
18:16:22,766 |-INFO in ch.qos.logback.core.joran.action.AppenderAction - Naming appender as [STDOUT]
18:16:22,786 |-INFO in ch.qos.logback.core.joran.action.NestedComplexPropertyIA - Assuming default type [ch.qos.logback.classic.encoder.PatternLayoutEncoder] for [encoder] property
18:16:22,813 |-INFO in ch.qos.logback.classic.joran.action.RootLoggerAction - Setting level of ROOT logger to OFF
18:16:22,813 |-INFO in ch.qos.logback.core.joran.action.AppenderRefAction - Attaching appender named [STDOUT] to Logger[ROOT]
18:16:22,813 |-INFO in ch.qos.logback.classic.joran.action.ConfigurationAction - End of configuration.
18:16:22,814 |-INFO in ch.qos.logback.classic.joran.JoranConfigurator@119b0892 - Registering current configuration as safe fallback point
18:16:24,012 |-INFO in ch.qos.logback.classic.jul.LevelChangePropagator@1a3e8e24 - Propagating INFO level on Logger[ROOT] onto the JUL framework
18:16:24,032 |-INFO in ch.qos.logback.classic.jul.LevelChangePropagator@1a3e8e24 - Propagating INFO level on Logger[com.example.app] onto the JUL framework
18:16:24,059 |-INFO in ch.qos.logback.classic.jul.LevelChangePropagator@1a3e8e24 - Propagating DEBUG level on Logger[com.example.newApp] onto the JUL framework
18:16:24,061 |-INFO in ch.qos.logback.core.rolling.RollingFileAppender[file-appender] - Setting bufferSize to [256 KB]
18:16:24,065 |-INFO in c.q.l.core.rolling.TimeBasedRollingPolicy@1322559460 - Will use gz compression
18:16:24,066 |-INFO in c.q.l.core.rolling.TimeBasedRollingPolicy@1322559460 - Will use the pattern /tmp/junit3289944548783488292/example-new-app-%d.log for the active file
18:16:24,068 |-INFO in c.q.l.core.rolling.DefaultTimeBasedFileNamingAndTriggeringPolicy - The date pattern is 'yyyy-MM-dd' from file name pattern '/tmp/junit3289944548783488292/example-new-app-%d.log.gz'.
18:16:24,068 |-INFO in c.q.l.core.rolling.DefaultTimeBasedFileNamingAndTriggeringPolicy - Roll-over at midnight.
18:16:24,071 |-INFO in c.q.l.core.rolling.DefaultTimeBasedFileNamingAndTriggeringPolicy - Setting initial period to Sat Jun 27 18:16:23 CEST 2020
18:16:24,084 |-INFO in ch.qos.logback.core.rolling.RollingFileAppender[file-appender] - Active log file name: /tmp/junit3289944548783488292/example-new-app.log
18:16:24,084 |-INFO in ch.qos.logback.core.rolling.RollingFileAppender[file-appender] - File property is set to [/tmp/junit3289944548783488292/example-new-app.log]
18:16:24,106 |-INFO in ch.qos.logback.classic.AsyncAppender[async-file-appender] - Attaching appender named [file-appender] to AsyncAppender.
18:16:24,107 |-INFO in ch.qos.logback.classic.AsyncAppender[async-file-appender] - Setting discardingThreshold to 51
18:16:24,113 |-INFO in ch.qos.logback.classic.jul.LevelChangePropagator@1a3e8e24 - Propagating DEBUG level on Logger[com.example.legacyApp] onto the JUL framework
18:16:24,125 |-INFO in ch.qos.logback.classic.jul.LevelChangePropagator@1a3e8e24 - Propagating DEBUG level on Logger[com.example.notAdditive] onto the JUL framework
18:16:24,125 |-INFO in ch.qos.logback.core.rolling.RollingFileAppender[file-appender] - Setting bufferSize to [8 KB]
18:16:24,126 |-INFO in c.q.l.core.rolling.TimeBasedRollingPolicy@477319344 - Will use gz compression
18:16:24,126 |-INFO in c.q.l.core.rolling.TimeBasedRollingPolicy@477319344 - Will use the pattern /tmp/junit3289944548783488292/example-new-app-not-additive-%d.log for the active file
18:16:24,126 |-INFO in c.q.l.core.rolling.DefaultTimeBasedFileNamingAndTriggeringPolicy - The date pattern is 'yyyy-MM-dd' from file name pattern '/tmp/junit3289944548783488292/example-new-app-not-additive-%d.log.gz'.
18:16:24,126 |-INFO in c.q.l.core.rolling.DefaultTimeBasedFileNamingAndTriggeringPolicy - Roll-over at midnight.
18:16:24,127 |-INFO in c.q.l.core.rolling.DefaultTimeBasedFileNamingAndTriggeringPolicy - Setting initial period to Sat Jun 27 18:16:23 CEST 2020
18:16:24,127 |-INFO in ch.qos.logback.core.rolling.RollingFileAppender[file-appender] - Active log file name: /tmp/junit3289944548783488292/example-new-app-not-additive.log
18:16:24,127 |-INFO in ch.qos.logback.core.rolling.RollingFileAppender[file-appender] - File property is set to [/tmp/junit3289944548783488292/example-new-app-not-additive.log]
18:16:24,127 |-INFO in ch.qos.logback.classic.AsyncAppender[async-file-appender] - Attaching appender named [file-appender] to AsyncAppender.
18:16:24,127 |-INFO in ch.qos.logback.classic.AsyncAppender[async-file-appender] - Setting discardingThreshold to 51
18:16:24,136 |-INFO in ch.qos.logback.classic.AsyncAppender[async-console-appender] - Attaching appender named [console-appender] to AsyncAppender.
18:16:24,136 |-INFO in ch.qos.logback.classic.AsyncAppender[async-console-appender] - Setting discardingThreshold to 51
18:16:24,138 |-INFO in ch.qos.logback.core.rolling.RollingFileAppender[file-appender] - Setting bufferSize to [8 KB]
18:16:24,138 |-INFO in c.q.l.core.rolling.TimeBasedRollingPolicy@1432687668 - Will use gz compression
18:16:24,138 |-INFO in c.q.l.core.rolling.TimeBasedRollingPolicy@1432687668 - Will use the pattern /tmp/junit3289944548783488292/example-%d.log for the active file
18:16:24,139 |-INFO in c.q.l.core.rolling.DefaultTimeBasedFileNamingAndTriggeringPolicy - The date pattern is 'yyyy-MM-dd' from file name pattern '/tmp/junit3289944548783488292/example-%d.log.gz'.
18:16:24,139 |-INFO in c.q.l.core.rolling.DefaultTimeBasedFileNamingAndTriggeringPolicy - Roll-over at midnight.
18:16:24,139 |-INFO in c.q.l.core.rolling.DefaultTimeBasedFileNamingAndTriggeringPolicy - Setting initial period to Sat Jun 27 18:16:23 CEST 2020
18:16:24,139 |-INFO in ch.qos.logback.core.rolling.RollingFileAppender[file-appender] - Active log file name: /tmp/junit3289944548783488292/example.log
18:16:24,139 |-INFO in ch.qos.logback.core.rolling.RollingFileAppender[file-appender] - File property is set to [/tmp/junit3289944548783488292/example.log]
18:16:24,139 |-INFO in ch.qos.logback.classic.AsyncAppender[async-file-appender] - Attaching appender named [file-appender] to AsyncAppender.
18:16:24,139 |-INFO in ch.qos.logback.classic.AsyncAppender[async-file-appender] - Setting discardingThreshold to 51
18:16:24,420 |-INFO in ch.qos.logback.classic.AsyncAppender[async-console-appender] - Worker thread will flush remaining events before exiting. 
18:16:24,421 |-INFO in ch.qos.logback.classic.AsyncAppender[async-console-appender] - Queue flush finished successfully within timeout.
18:16:24,421 |-INFO in ch.qos.logback.classic.AsyncAppender[async-file-appender] - Worker thread will flush remaining events before exiting. 
18:16:24,422 |-INFO in ch.qos.logback.classic.AsyncAppender[async-file-appender] - Queue flush finished successfully within timeout.
18:16:24,422 |-INFO in ch.qos.logback.classic.AsyncAppender[async-file-appender] - Worker thread will flush remaining events before exiting. 
18:16:24,422 |-INFO in ch.qos.logback.classic.AsyncAppender[async-file-appender] - Queue flush finished successfully within timeout.
18:16:24,422 |-INFO in ch.qos.logback.classic.AsyncAppender[async-file-appender] - Worker thread will flush remaining events before exiting. 
18:16:24,422 |-INFO in ch.qos.logback.classic.AsyncAppender[async-file-appender] - Queue flush finished successfully within timeout.
18:16:24,422 |-INFO in ch.qos.logback.classic.jmx.JMXConfigurator(default) - onReset() method called JMXActivator [io.dropwizard:type=Logging]
18:16:24,422 |-INFO in ch.qos.logback.classic.jul.LevelChangePropagator@3bc4ef12 - Propagating INFO level on Logger[ROOT] onto the JUL framework
18:16:24,425 |-INFO in ch.qos.logback.classic.jul.LevelChangePropagator@3bc4ef12 - Propagating DEBUG level on Logger[com.example.app] onto the JUL framework
18:16:24,427 |-INFO in ch.qos.logback.classic.AsyncAppender[async-console-appender] - Attaching appender named [console-appender] to AsyncAppender.
18:16:24,427 |-INFO in ch.qos.logback.classic.AsyncAppender[async-console-appender] - Setting discardingThreshold to 51
18:16:24,427 |-INFO in ch.qos.logback.core.rolling.RollingFileAppender[file-appender] - Setting bufferSize to [8 KB]
18:16:24,428 |-INFO in c.q.l.core.rolling.TimeBasedRollingPolicy@1346667529 - Will use gz compression
18:16:24,428 |-INFO in c.q.l.core.rolling.TimeBasedRollingPolicy@1346667529 - Will use the pattern ./logs/example-%d.log for the active file
18:16:24,428 |-INFO in c.q.l.core.rolling.DefaultTimeBasedFileNamingAndTriggeringPolicy - The date pattern is 'yyyy-MM-dd' from file name pattern './logs/example-%d.log.gz'.
18:16:24,428 |-INFO in c.q.l.core.rolling.DefaultTimeBasedFileNamingAndTriggeringPolicy - Roll-over at midnight.
18:16:24,432 |-INFO in c.q.l.core.rolling.DefaultTimeBasedFileNamingAndTriggeringPolicy - Setting initial period to Sat Jun 27 18:16:24 CEST 2020
18:16:24,432 |-INFO in ch.qos.logback.core.rolling.RollingFileAppender[file-appender] - Active log file name: ./logs/example.log
18:16:24,432 |-INFO in ch.qos.logback.core.rolling.RollingFileAppender[file-appender] - File property is set to [./logs/example.log]
18:16:24,437 |-INFO in ch.qos.logback.classic.AsyncAppender[async-file-appender] - Attaching appender named [file-appender] to AsyncAppender.
18:16:24,437 |-INFO in ch.qos.logback.classic.AsyncAppender[async-file-appender] - Setting discardingThreshold to 51
18:16:24,437 |-INFO in ch.qos.logback.core.rolling.RollingFileAppender[file-appender] - Setting bufferSize to [8 KB]
18:16:24,438 |-INFO in c.q.l.core.rolling.SizeAndTimeBasedRollingPolicy@1446291553 - Archive files will be limited to [100 MB] each.
18:16:24,438 |-INFO in c.q.l.core.rolling.SizeAndTimeBasedRollingPolicy@1446291553 - Will use gz compression
18:16:24,438 |-INFO in c.q.l.core.rolling.SizeAndTimeBasedRollingPolicy@1446291553 - Will use the pattern ./logs/max-file-size-example-%d-%i.log for the active file
18:16:24,457 |-INFO in ch.qos.logback.core.rolling.SizeAndTimeBasedFNATP@2b0dc227 - The date pattern is 'yyyy-MM-dd' from file name pattern './logs/max-file-size-example-%d-%i.log.gz'.
18:16:24,457 |-INFO in ch.qos.logback.core.rolling.SizeAndTimeBasedFNATP@2b0dc227 - Roll-over at midnight.
18:16:24,459 |-INFO in ch.qos.logback.core.rolling.SizeAndTimeBasedFNATP@2b0dc227 - Setting initial period to Sat Jun 27 18:16:24 CEST 2020
18:16:24,463 |-INFO in ch.qos.logback.core.rolling.RollingFileAppender[file-appender] - Active log file name: ./logs/max-file-size-example.log
18:16:24,463 |-INFO in ch.qos.logback.core.rolling.RollingFileAppender[file-appender] - File property is set to [./logs/max-file-size-example.log]
18:16:24,468 |-INFO in ch.qos.logback.classic.AsyncAppender[async-file-appender] - Attaching appender named [file-appender] to AsyncAppender.
18:16:24,468 |-INFO in ch.qos.logback.classic.AsyncAppender[async-file-appender] - Setting discardingThreshold to 51
18:16:24,468 |-INFO in ch.qos.logback.core.rolling.RollingFileAppender[file-appender] - Setting bufferSize to [8 KB]
18:16:24,468 |-INFO in ch.qos.logback.core.rolling.FixedWindowRollingPolicy@37ad042b - Will use gz compression
18:16:24,469 |-INFO in ch.qos.logback.core.rolling.RollingFileAppender[file-appender] - Active log file name: ./logs/max-file-size-example.log
18:16:24,469 |-INFO in ch.qos.logback.core.rolling.RollingFileAppender[file-appender] - File property is set to [./logs/max-file-size-example.log]
18:16:24,469 |-ERROR in ch.qos.logback.core.rolling.RollingFileAppender[file-appender] - 'File' option has the same value "./logs/max-file-size-example.log" as that given for appender [file-appender] defined earlier.
18:16:24,469 |-ERROR in ch.qos.logback.core.rolling.RollingFileAppender[file-appender] - Collisions detected with FileAppender/RollingAppender instances defined earlier. Aborting.
18:16:24,469 |-ERROR in ch.qos.logback.core.rolling.RollingFileAppender[file-appender] - For more information, please visit http://logback.qos.ch/codes.html#earlier_fa_collision
18:16:24,469 |-INFO in ch.qos.logback.classic.AsyncAppender[async-file-appender] - Attaching appender named [file-appender] to AsyncAppender.
18:16:24,469 |-INFO in ch.qos.logback.classic.AsyncAppender[async-file-appender] - Setting discardingThreshold to 51
18:16:24,474 |-INFO in ch.qos.logback.classic.net.SyslogAppender[syslog-appender] - Defaulting maxMessageSize to [65000]
18:16:24,475 |-INFO in ch.qos.logback.classic.AsyncAppender[async-syslog-appender] - Attaching appender named [syslog-appender] to AsyncAppender.
18:16:24,475 |-INFO in ch.qos.logback.classic.AsyncAppender[async-syslog-appender] - Setting discardingThreshold to 51

2020-06-27 18:17:08.315:INFO::main: Logging initialized @2730ms to org.eclipse.jetty.util.log.StdErrLog
2020-06-27 18:17:08.462:INFO:oejs.Server:main: jetty-9.4.7.v20170914
2020-06-27 18:17:08.510:INFO:oejs.session:main: DefaultSessionIdManager workerName=node0
2020-06-27 18:17:08.511:INFO:oejs.session:main: No SessionScavenger set, using defaults
2020-06-27 18:17:08.512:INFO:oejs.session:main: Scavenging every 660000ms
2020-06-27 18:17:08.517:INFO:oejsh.ContextHandler:main: Started o.e.j.s.ServletContextHandler@58dea0a5{/,null,AVAILABLE}
2020-06-27 18:17:08.523:INFO:oejs.AbstractConnector:main: Started LocalConnector@61e76d4{HTTP/1.1,[http/1.1]}
2020-06-27 18:17:08.524:INFO:oejs.Server:main: Started @2938ms
2020-06-27 18:17:08.932:INFO:oejs.AbstractConnector:main: Stopped LocalConnector@61e76d4{HTTP/1.1,[http/1.1]}
2020-06-27 18:17:08.932:INFO:oejs.session:main: Stopped scavenging
2020-06-27 18:17:08.934:INFO:oejsh.ContextHandler:main: Stopped o.e.j.s.ServletContextHandler@58dea0a5{/,null,UNAVAILABLE}
2020-06-27 18:17:11.214:INFO::main: Logging initialized @1417ms to org.eclipse.jetty.util.log.StdErrLog
2020-06-27 18:17:12.531:INFO:oejs.Server:main: jetty-9.4.7.v20170914
2020-06-27 18:17:12.644:INFO:oejs.session:main: DefaultSessionIdManager workerName=node0
2020-06-27 18:17:12.645:INFO:oejs.session:main: No SessionScavenger set, using defaults
2020-06-27 18:17:12.646:INFO:oejs.session:main: Scavenging every 660000ms
2020-06-27 18:17:12.661:INFO:oejsh.ContextHandler:main: Started o.e.j.s.ServletContextHandler@4052274f{/,null,AVAILABLE}
2020-06-27 18:17:12.663:INFO:oejs.AbstractConnector:main: Started LocalConnector@9587ee2{HTTP/1.1,[http/1.1]}
2020-06-27 18:17:12.663:INFO:oejs.Server:main: Started @2865ms
2020-06-27 18:17:12.792:INFO:oejs.AbstractConnector:main: Stopped LocalConnector@9587ee2{HTTP/1.1,[http/1.1]}
2020-06-27 18:17:12.793:INFO:oejs.session:main: Stopped scavenging
2020-06-27 18:17:12.795:INFO:oejsh.ContextHandler:main: Stopped o.e.j.s.ServletContextHandler@4052274f{/,null,UNAVAILABLE}
2020-06-27 18:17:12.798:INFO:oejs.Server:main: jetty-9.4.7.v20170914
2020-06-27 18:17:12.801:INFO:oejs.session:main: DefaultSessionIdManager workerName=node0
2020-06-27 18:17:12.801:INFO:oejs.session:main: No SessionScavenger set, using defaults
2020-06-27 18:17:12.801:INFO:oejs.session:main: Scavenging every 600000ms
2020-06-27 18:17:12.802:INFO:oejsh.ContextHandler:main: Started o.e.j.s.ServletContextHandler@1d71006f{/,null,AVAILABLE}
2020-06-27 18:17:12.802:INFO:oejs.AbstractConnector:main: Started LocalConnector@5b6813df{HTTP/1.1,[http/1.1]}
2020-06-27 18:17:12.802:INFO:oejs.Server:main: Started @3005ms
2020-06-27 18:17:12.841:INFO:oejs.AbstractConnector:main: Stopped LocalConnector@5b6813df{HTTP/1.1,[http/1.1]}
2020-06-27 18:17:12.841:INFO:oejs.session:main: Stopped scavenging
2020-06-27 18:17:12.846:INFO:oejsh.ContextHandler:main: Stopped o.e.j.s.ServletContextHandler@1d71006f{/,null,UNAVAILABLE}
2020-06-27 18:17:12.848:INFO:oejs.Server:main: jetty-9.4.7.v20170914
2020-06-27 18:17:12.850:INFO:oejs.session:main: DefaultSessionIdManager workerName=node0
2020-06-27 18:17:12.850:INFO:oejs.session:main: No SessionScavenger set, using defaults
2020-06-27 18:17:12.850:INFO:oejs.session:main: Scavenging every 660000ms
2020-06-27 18:17:12.851:INFO:oejsh.ContextHandler:main: Started o.e.j.s.ServletContextHandler@28a0fd6c{/,null,AVAILABLE}
2020-06-27 18:17:12.851:INFO:oejs.AbstractConnector:main: Started LocalConnector@2b62442c{HTTP/1.1,[http/1.1]}
2020-06-27 18:17:12.851:INFO:oejs.Server:main: Started @3054ms
2020-06-27 18:17:12.861:INFO:oejs.AbstractConnector:main: Stopped LocalConnector@2b62442c{HTTP/1.1,[http/1.1]}
2020-06-27 18:17:12.861:INFO:oejs.session:main: Stopped scavenging
2020-06-27 18:17:12.861:INFO:oejsh.ContextHandler:main: Stopped o.e.j.s.ServletContextHandler@28a0fd6c{/,null,UNAVAILABLE}
2020-06-27 18:17:12.863:INFO:oejs.Server:main: jetty-9.4.7.v20170914
2020-06-27 18:17:12.866:INFO:oejs.session:main: DefaultSessionIdManager workerName=node0
2020-06-27 18:17:12.866:INFO:oejs.session:main: No SessionScavenger set, using defaults
2020-06-27 18:17:12.867:INFO:oejs.session:main: Scavenging every 600000ms
2020-06-27 18:17:12.869:INFO:oejsh.ContextHandler:main: Started o.e.j.s.ServletContextHandler@362a019c{/,null,AVAILABLE}
2020-06-27 18:17:12.869:INFO:oejs.AbstractConnector:main: Started LocalConnector@1d9bec4d{HTTP/1.1,[http/1.1]}
2020-06-27 18:17:12.869:INFO:oejs.Server:main: Started @3072ms
2020-06-27 18:17:12.878:INFO:oejs.AbstractConnector:main: Stopped LocalConnector@1d9bec4d{HTTP/1.1,[http/1.1]}
2020-06-27 18:17:12.878:INFO:oejs.session:main: Stopped scavenging
2020-06-27 18:17:12.879:INFO:oejsh.ContextHandler:main: Stopped o.e.j.s.ServletContextHandler@362a019c{/,null,UNAVAILABLE}
2020-06-27 18:17:14.652:WARN:oejsh.AbstractHandler:main: No Server set for io.dropwizard.jetty.ContextRoutingHandler@152c4495
2020-06-27 18:17:17.434:INFO:oejsh.ContextHandler:main: Started o.e.j.s.h.ContextHandler@3883b5e9{/,null,AVAILABLE}
2020-06-27 18:17:17.434:INFO:oejs.session:main: DefaultSessionIdManager workerName=node0
2020-06-27 18:17:17.434:INFO:oejs.session:main: No SessionScavenger set, using defaults
2020-06-27 18:17:17.434:INFO:oejs.session:main: Scavenging every 660000ms
2020-06-27 18:17:17.436:INFO:oejsh.ContextHandler:main: Started o.e.j.s.ServletContextHandler@6a07e6ca{/,null,AVAILABLE}
2020-06-27 18:17:17.442:INFO:oejsh.ContextHandler:main: Stopped o.e.j.s.ServletContextHandler@6a07e6ca{/,null,UNAVAILABLE}
2020-06-27 18:17:17.443:INFO:oejsh.ContextHandler:main: Stopped o.e.j.s.h.ContextHandler@3883b5e9{/,null,UNAVAILABLE}
2020-06-27 18:17:17.668:WARN:oejsh.AbstractHandler:main: No Server set for io.dropwizard.jetty.RoutingHandler@188ae8d2[o.e.j.s.h.ContextHandler$MockitoMock$266345960@7a522157{/,null,UNAVAILABLE}, o.e.j.s.h.ContextHandler$MockitoMock$266345960@706c062e{/,null,UNAVAILABLE}]
2020-06-27 18:17:17.670:INFO:oejsh.ContextHandler:main: Started o.e.j.s.h.ContextHandler$MockitoMock$266345960@7a522157{/,null,AVAILABLE}
2020-06-27 18:17:17.671:INFO:oejsh.ContextHandler:main: Started o.e.j.s.h.ContextHandler$MockitoMock$266345960@706c062e{/,null,AVAILABLE}
2020-06-27 18:17:17.672:INFO:oejsh.ContextHandler:main: Stopped o.e.j.s.h.ContextHandler$MockitoMock$266345960@706c062e{/,null,UNAVAILABLE}
2020-06-27 18:17:17.673:INFO:oejsh.ContextHandler:main: Stopped o.e.j.s.h.ContextHandler$MockitoMock$266345960@7a522157{/,null,UNAVAILABLE}
2020-06-27 18:17:17.679:INFO:oejsh.ContextHandler:main: Started o.e.j.s.h.ContextHandler$MockitoMock$266345960@6b92a0d1{/,null,AVAILABLE}
2020-06-27 18:17:17.680:INFO:oejsh.ContextHandler:main: Started o.e.j.s.h.ContextHandler$MockitoMock$266345960@4b9ed99d{/,null,AVAILABLE}
2020-06-27 18:17:17.681:INFO:oejsh.ContextHandler:main: Stopped o.e.j.s.h.ContextHandler$MockitoMock$266345960@4b9ed99d{/,null,UNAVAILABLE}
2020-06-27 18:17:17.682:INFO:oejsh.ContextHandler:main: Stopped o.e.j.s.h.ContextHandler$MockitoMock$266345960@6b92a0d1{/,null,UNAVAILABLE}
18:17:26,285 |-INFO in ch.qos.logback.classic.LoggerContext[default] - Found resource [logback-test.xml] at [file:/pfs/proj/nobackup/fs/projnb01/snic2020-10-10/dginelli/repairnator-workspace/repairnator-repairnator-experiments-dropwizard-dropwizard-279515036-20170925-155015_bugonly-firstCommit/dropwizard-core/target/test-classes/logback-test.xml]
18:17:26,402 |-INFO in ch.qos.logback.classic.joran.action.ConfigurationAction - debug attribute not set
18:17:26,408 |-INFO in ch.qos.logback.core.joran.action.AppenderAction - About to instantiate appender of type [ch.qos.logback.core.ConsoleAppender]
18:17:26,414 |-INFO in ch.qos.logback.core.joran.action.AppenderAction - Naming appender as [STDOUT]
18:17:26,430 |-INFO in ch.qos.logback.core.joran.action.NestedComplexPropertyIA - Assuming default type [ch.qos.logback.classic.encoder.PatternLayoutEncoder] for [encoder] property
18:17:26,512 |-INFO in ch.qos.logback.classic.joran.action.RootLoggerAction - Setting level of ROOT logger to OFF
18:17:26,512 |-INFO in ch.qos.logback.core.joran.action.AppenderRefAction - Attaching appender named [STDOUT] to Logger[ROOT]
18:17:26,513 |-INFO in ch.qos.logback.classic.joran.action.ConfigurationAction - End of configuration.
18:17:26,519 |-INFO in ch.qos.logback.classic.joran.JoranConfigurator@15307c1e - Registering current configuration as safe fallback point
18:17:28,882 |-INFO in io.dropwizard.request.logging.async.AsyncAccessEventAppenderFactory$1[async-console-appender] - Attaching appender named [console-appender] to AsyncAppender.
18:17:28,882 |-INFO in io.dropwizard.request.logging.async.AsyncAccessEventAppenderFactory$1[async-console-appender] - Setting discardingThreshold to 51
18:17:31,648 |-INFO in io.dropwizard.request.logging.async.AsyncAccessEventAppenderFactory$1[async-console-appender] - Attaching appender named [console-appender] to AsyncAppender.
18:17:31,648 |-INFO in io.dropwizard.request.logging.async.AsyncAccessEventAppenderFactory$1[async-console-appender] - Setting discardingThreshold to 51
18:17:31,663 |-INFO in ch.qos.logback.core.rolling.RollingFileAppender[file-appender] - Setting bufferSize to [8 KB]
18:17:31,667 |-INFO in c.q.l.core.rolling.TimeBasedRollingPolicy@947533039 - Will use gz compression
18:17:31,668 |-INFO in c.q.l.core.rolling.TimeBasedRollingPolicy@947533039 - Will use the pattern ./logs/requests-%d.log for the active file
18:17:31,670 |-INFO in c.q.l.core.rolling.DefaultTimeBasedFileNamingAndTriggeringPolicy - The date pattern is 'yyyy-MM-dd' from file name pattern './logs/requests-%d.log.gz'.
18:17:31,670 |-INFO in c.q.l.core.rolling.DefaultTimeBasedFileNamingAndTriggeringPolicy - Roll-over at midnight.
18:17:31,673 |-INFO in c.q.l.core.rolling.DefaultTimeBasedFileNamingAndTriggeringPolicy - Setting initial period to Sat Jun 27 18:17:31 CEST 2020
18:17:31,676 |-INFO in ch.qos.logback.core.rolling.RollingFileAppender[file-appender] - Active log file name: ./logs/requests.log
18:17:31,676 |-INFO in ch.qos.logback.core.rolling.RollingFileAppender[file-appender] - File property is set to [./logs/requests.log]
18:17:31,680 |-INFO in io.dropwizard.request.logging.async.AsyncAccessEventAppenderFactory$1[async-file-appender] - Attaching appender named [file-appender] to AsyncAppender.
18:17:31,680 |-INFO in io.dropwizard.request.logging.async.AsyncAccessEventAppenderFactory$1[async-file-appender] - Setting discardingThreshold to 51
18:17:32,430 |-INFO in io.dropwizard.request.logging.async.AsyncAccessEventAppenderFactory$1[async-console-appender] - Attaching appender named [console-appender] to AsyncAppender.
18:17:32,430 |-INFO in io.dropwizard.request.logging.async.AsyncAccessEventAppenderFactory$1[async-console-appender] - Setting discardingThreshold to 51
18:17:32,445 |-INFO in ch.qos.logback.core.rolling.RollingFileAppender[file-appender] - Setting bufferSize to [8 KB]
18:17:32,446 |-INFO in c.q.l.core.rolling.TimeBasedRollingPolicy@1312527559 - Will use gz compression
18:17:32,446 |-INFO in c.q.l.core.rolling.TimeBasedRollingPolicy@1312527559 - Will use the pattern ./logs/requests-%d.log for the active file
18:17:32,446 |-INFO in c.q.l.core.rolling.DefaultTimeBasedFileNamingAndTriggeringPolicy - The date pattern is 'yyyy-MM-dd' from file name pattern './logs/requests-%d.log.gz'.
18:17:32,446 |-INFO in c.q.l.core.rolling.DefaultTimeBasedFileNamingAndTriggeringPolicy - Roll-over at midnight.
18:17:32,448 |-INFO in c.q.l.core.rolling.DefaultTimeBasedFileNamingAndTriggeringPolicy - Setting initial period to Sat Jun 27 18:17:32 CEST 2020
18:17:32,448 |-ERROR in ch.qos.logback.core.rolling.RollingFileAppender[file-appender] - 'FileNamePattern' option has the same value "./logs/requests-%d.log.gz" as that given for appender [file-appender] defined earlier.
18:17:32,448 |-ERROR in ch.qos.logback.core.rolling.RollingFileAppender[file-appender] - Collisions detected with FileAppender/RollingAppender instances defined earlier. Aborting.
18:17:32,448 |-ERROR in ch.qos.logback.core.rolling.RollingFileAppender[file-appender] - For more information, please visit http://logback.qos.ch/codes.html#earlier_fa_collision
18:17:32,448 |-INFO in io.dropwizard.request.logging.async.AsyncAccessEventAppenderFactory$1[async-file-appender] - Attaching appender named [file-appender] to AsyncAppender.
18:17:32,448 |-INFO in io.dropwizard.request.logging.async.AsyncAccessEventAppenderFactory$1[async-file-appender] - Setting discardingThreshold to 51
18:17:32,754 |-INFO in io.dropwizard.request.logging.async.AsyncAccessEventAppenderFactory$1[async-console-appender] - Attaching appender named [console-appender] to AsyncAppender.
18:17:32,754 |-INFO in io.dropwizard.request.logging.async.AsyncAccessEventAppenderFactory$1[async-console-appender] - Setting discardingThreshold to 51
18:17:32,769 |-INFO in ch.qos.logback.core.rolling.RollingFileAppender[file-appender] - Setting bufferSize to [8 KB]
18:17:32,769 |-INFO in c.q.l.core.rolling.TimeBasedRollingPolicy@1876284397 - Will use gz compression
18:17:32,769 |-INFO in c.q.l.core.rolling.TimeBasedRollingPolicy@1876284397 - Will use the pattern ./logs/requests-%d.log for the active file
18:17:32,770 |-INFO in c.q.l.core.rolling.DefaultTimeBasedFileNamingAndTriggeringPolicy - The date pattern is 'yyyy-MM-dd' from file name pattern './logs/requests-%d.log.gz'.
18:17:32,770 |-INFO in c.q.l.core.rolling.DefaultTimeBasedFileNamingAndTriggeringPolicy - Roll-over at midnight.
18:17:32,770 |-INFO in c.q.l.core.rolling.DefaultTimeBasedFileNamingAndTriggeringPolicy - Setting initial period to Sat Jun 27 18:17:32 CEST 2020
18:17:32,771 |-ERROR in ch.qos.logback.core.rolling.RollingFileAppender[file-appender] - 'FileNamePattern' option has the same value "./logs/requests-%d.log.gz" as that given for appender [file-appender] defined earlier.
18:17:32,771 |-ERROR in ch.qos.logback.core.rolling.RollingFileAppender[file-appender] - Collisions detected with FileAppender/RollingAppender instances defined earlier. Aborting.
18:17:32,771 |-ERROR in ch.qos.logback.core.rolling.RollingFileAppender[file-appender] - For more information, please visit http://logback.qos.ch/codes.html#earlier_fa_collision
18:17:32,771 |-INFO in io.dropwizard.request.logging.async.AsyncAccessEventAppenderFactory$1[async-file-appender] - Attaching appender named [file-appender] to AsyncAppender.
18:17:32,771 |-INFO in io.dropwizard.request.logging.async.AsyncAccessEventAppenderFactory$1[async-file-appender] - Setting discardingThreshold to 51
18:17:33,133 |-INFO in io.dropwizard.request.logging.async.AsyncAccessEventAppenderFactory$1[async-console-appender] - Attaching appender named [console-appender] to AsyncAppender.
18:17:33,133 |-INFO in io.dropwizard.request.logging.async.AsyncAccessEventAppenderFactory$1[async-console-appender] - Setting discardingThreshold to 51
18:17:33,149 |-INFO in ch.qos.logback.core.rolling.RollingFileAppender[file-appender] - Setting bufferSize to [8 KB]
18:17:33,150 |-INFO in c.q.l.core.rolling.TimeBasedRollingPolicy@2039714437 - Will use gz compression
18:17:33,150 |-INFO in c.q.l.core.rolling.TimeBasedRollingPolicy@2039714437 - Will use the pattern ./logs/requests-%d.log for the active file
18:17:33,150 |-INFO in c.q.l.core.rolling.DefaultTimeBasedFileNamingAndTriggeringPolicy - The date pattern is 'yyyy-MM-dd' from file name pattern './logs/requests-%d.log.gz'.
18:17:33,150 |-INFO in c.q.l.core.rolling.DefaultTimeBasedFileNamingAndTriggeringPolicy - Roll-over at midnight.
18:17:33,150 |-INFO in c.q.l.core.rolling.DefaultTimeBasedFileNamingAndTriggeringPolicy - Setting initial period to Sat Jun 27 18:17:32 CEST 2020
18:17:33,151 |-ERROR in ch.qos.logback.core.rolling.RollingFileAppender[file-appender] - 'FileNamePattern' option has the same value "./logs/requests-%d.log.gz" as that given for appender [file-appender] defined earlier.
18:17:33,151 |-ERROR in ch.qos.logback.core.rolling.RollingFileAppender[file-appender] - Collisions detected with FileAppender/RollingAppender instances defined earlier. Aborting.
18:17:33,151 |-ERROR in ch.qos.logback.core.rolling.RollingFileAppender[file-appender] - For more information, please visit http://logback.qos.ch/codes.html#earlier_fa_collision
18:17:33,151 |-INFO in io.dropwizard.request.logging.async.AsyncAccessEventAppenderFactory$1[async-file-appender] - Attaching appender named [file-appender] to AsyncAppender.
18:17:33,151 |-INFO in io.dropwizard.request.logging.async.AsyncAccessEventAppenderFactory$1[async-file-appender] - Setting discardingThreshold to 51
18:17:33,404 |-INFO in io.dropwizard.request.logging.async.AsyncAccessEventAppenderFactory$1[async-console-appender] - Attaching appender named [console-appender] to AsyncAppender.
18:17:33,404 |-INFO in io.dropwizard.request.logging.async.AsyncAccessEventAppenderFactory$1[async-console-appender] - Setting discardingThreshold to 51
18:17:33,417 |-INFO in ch.qos.logback.core.rolling.RollingFileAppender[file-appender] - Setting bufferSize to [8 KB]
18:17:33,418 |-INFO in c.q.l.core.rolling.TimeBasedRollingPolicy@279383060 - Will use gz compression
18:17:33,418 |-INFO in c.q.l.core.rolling.TimeBasedRollingPolicy@279383060 - Will use the pattern ./logs/requests-%d.log for the active file
18:17:33,418 |-INFO in c.q.l.core.rolling.DefaultTimeBasedFileNamingAndTriggeringPolicy - The date pattern is 'yyyy-MM-dd' from file name pattern './logs/requests-%d.log.gz'.
18:17:33,418 |-INFO in c.q.l.core.rolling.DefaultTimeBasedFileNamingAndTriggeringPolicy - Roll-over at midnight.
18:17:33,418 |-INFO in c.q.l.core.rolling.DefaultTimeBasedFileNamingAndTriggeringPolicy - Setting initial period to Sat Jun 27 18:17:32 CEST 2020
18:17:33,419 |-ERROR in ch.qos.logback.core.rolling.RollingFileAppender[file-appender] - 'FileNamePattern' option has the same value "./logs/requests-%d.log.gz" as that given for appender [file-appender] defined earlier.
18:17:33,419 |-ERROR in ch.qos.logback.core.rolling.RollingFileAppender[file-appender] - Collisions detected with FileAppender/RollingAppender instances defined earlier. Aborting.
18:17:33,419 |-ERROR in ch.qos.logback.core.rolling.RollingFileAppender[file-appender] - For more information, please visit http://logback.qos.ch/codes.html#earlier_fa_collision
18:17:33,419 |-INFO in io.dropwizard.request.logging.async.AsyncAccessEventAppenderFactory$1[async-file-appender] - Attaching appender named [file-appender] to AsyncAppender.
18:17:33,419 |-INFO in io.dropwizard.request.logging.async.AsyncAccessEventAppenderFactory$1[async-file-appender] - Setting discardingThreshold to 51
18:17:36,090 |-INFO in io.dropwizard.request.logging.async.AsyncAccessEventAppenderFactory$1[async-console-appender] - Attaching appender named [console-appender] to AsyncAppender.
18:17:36,090 |-INFO in io.dropwizard.request.logging.async.AsyncAccessEventAppenderFactory$1[async-console-appender] - Setting discardingThreshold to 51
18:17:37,514 |-INFO in ch.qos.logback.classic.jul.LevelChangePropagator@2a82f6b - Propagating INFO level on Logger[ROOT] onto the JUL framework
18:17:37,532 |-INFO in ch.qos.logback.classic.AsyncAppender[async-console-appender] - Attaching appender named [console-appender] to AsyncAppender.
18:17:37,532 |-INFO in ch.qos.logback.classic.AsyncAppender[async-console-appender] - Setting discardingThreshold to 51

18:17:26,285 |-INFO in ch.qos.logback.classic.LoggerContext[default] - Found resource [logback-test.xml] at [file:/pfs/proj/nobackup/fs/projnb01/snic2020-10-10/dginelli/repairnator-workspace/repairnator-repairnator-experiments-dropwizard-dropwizard-279515036-20170925-155015_bugonly-firstCommit/dropwizard-core/target/test-classes/logback-test.xml]
18:17:26,402 |-INFO in ch.qos.logback.classic.joran.action.ConfigurationAction - debug attribute not set
18:17:26,408 |-INFO in ch.qos.logback.core.joran.action.AppenderAction - About to instantiate appender of type [ch.qos.logback.core.ConsoleAppender]
18:17:26,414 |-INFO in ch.qos.logback.core.joran.action.AppenderAction - Naming appender as [STDOUT]
18:17:26,430 |-INFO in ch.qos.logback.core.joran.action.NestedComplexPropertyIA - Assuming default type [ch.qos.logback.classic.encoder.PatternLayoutEncoder] for [encoder] property
18:17:26,512 |-INFO in ch.qos.logback.classic.joran.action.RootLoggerAction - Setting level of ROOT logger to OFF
18:17:26,512 |-INFO in ch.qos.logback.core.joran.action.AppenderRefAction - Attaching appender named [STDOUT] to Logger[ROOT]
18:17:26,513 |-INFO in ch.qos.logback.classic.joran.action.ConfigurationAction - End of configuration.
18:17:26,519 |-INFO in ch.qos.logback.classic.joran.JoranConfigurator@15307c1e - Registering current configuration as safe fallback point
18:17:28,882 |-INFO in io.dropwizard.request.logging.async.AsyncAccessEventAppenderFactory$1[async-console-appender] - Attaching appender named [console-appender] to AsyncAppender.
18:17:28,882 |-INFO in io.dropwizard.request.logging.async.AsyncAccessEventAppenderFactory$1[async-console-appender] - Setting discardingThreshold to 51
18:17:31,648 |-INFO in io.dropwizard.request.logging.async.AsyncAccessEventAppenderFactory$1[async-console-appender] - Attaching appender named [console-appender] to AsyncAppender.
18:17:31,648 |-INFO in io.dropwizard.request.logging.async.AsyncAccessEventAppenderFactory$1[async-console-appender] - Setting discardingThreshold to 51
18:17:31,663 |-INFO in ch.qos.logback.core.rolling.RollingFileAppender[file-appender] - Setting bufferSize to [8 KB]
18:17:31,667 |-INFO in c.q.l.core.rolling.TimeBasedRollingPolicy@947533039 - Will use gz compression
18:17:31,668 |-INFO in c.q.l.core.rolling.TimeBasedRollingPolicy@947533039 - Will use the pattern ./logs/requests-%d.log for the active file
18:17:31,670 |-INFO in c.q.l.core.rolling.DefaultTimeBasedFileNamingAndTriggeringPolicy - The date pattern is 'yyyy-MM-dd' from file name pattern './logs/requests-%d.log.gz'.
18:17:31,670 |-INFO in c.q.l.core.rolling.DefaultTimeBasedFileNamingAndTriggeringPolicy - Roll-over at midnight.
18:17:31,673 |-INFO in c.q.l.core.rolling.DefaultTimeBasedFileNamingAndTriggeringPolicy - Setting initial period to Sat Jun 27 18:17:31 CEST 2020
18:17:31,676 |-INFO in ch.qos.logback.core.rolling.RollingFileAppender[file-appender] - Active log file name: ./logs/requests.log
18:17:31,676 |-INFO in ch.qos.logback.core.rolling.RollingFileAppender[file-appender] - File property is set to [./logs/requests.log]
18:17:31,680 |-INFO in io.dropwizard.request.logging.async.AsyncAccessEventAppenderFactory$1[async-file-appender] - Attaching appender named [file-appender] to AsyncAppender.
18:17:31,680 |-INFO in io.dropwizard.request.logging.async.AsyncAccessEventAppenderFactory$1[async-file-appender] - Setting discardingThreshold to 51
18:17:32,430 |-INFO in io.dropwizard.request.logging.async.AsyncAccessEventAppenderFactory$1[async-console-appender] - Attaching appender named [console-appender] to AsyncAppender.
18:17:32,430 |-INFO in io.dropwizard.request.logging.async.AsyncAccessEventAppenderFactory$1[async-console-appender] - Setting discardingThreshold to 51
18:17:32,445 |-INFO in ch.qos.logback.core.rolling.RollingFileAppender[file-appender] - Setting bufferSize to [8 KB]
18:17:32,446 |-INFO in c.q.l.core.rolling.TimeBasedRollingPolicy@1312527559 - Will use gz compression
18:17:32,446 |-INFO in c.q.l.core.rolling.TimeBasedRollingPolicy@1312527559 - Will use the pattern ./logs/requests-%d.log for the active file
18:17:32,446 |-INFO in c.q.l.core.rolling.DefaultTimeBasedFileNamingAndTriggeringPolicy - The date pattern is 'yyyy-MM-dd' from file name pattern './logs/requests-%d.log.gz'.
18:17:32,446 |-INFO in c.q.l.core.rolling.DefaultTimeBasedFileNamingAndTriggeringPolicy - Roll-over at midnight.
18:17:32,448 |-INFO in c.q.l.core.rolling.DefaultTimeBasedFileNamingAndTriggeringPolicy - Setting initial period to Sat Jun 27 18:17:32 CEST 2020
18:17:32,448 |-ERROR in ch.qos.logback.core.rolling.RollingFileAppender[file-appender] - 'FileNamePattern' option has the same value "./logs/requests-%d.log.gz" as that given for appender [file-appender] defined earlier.
18:17:32,448 |-ERROR in ch.qos.logback.core.rolling.RollingFileAppender[file-appender] - Collisions detected with FileAppender/RollingAppender instances defined earlier. Aborting.
18:17:32,448 |-ERROR in ch.qos.logback.core.rolling.RollingFileAppender[file-appender] - For more information, please visit http://logback.qos.ch/codes.html#earlier_fa_collision
18:17:32,448 |-INFO in io.dropwizard.request.logging.async.AsyncAccessEventAppenderFactory$1[async-file-appender] - Attaching appender named [file-appender] to AsyncAppender.
18:17:32,448 |-INFO in io.dropwizard.request.logging.async.AsyncAccessEventAppenderFactory$1[async-file-appender] - Setting discardingThreshold to 51
18:17:32,754 |-INFO in io.dropwizard.request.logging.async.AsyncAccessEventAppenderFactory$1[async-console-appender] - Attaching appender named [console-appender] to AsyncAppender.
18:17:32,754 |-INFO in io.dropwizard.request.logging.async.AsyncAccessEventAppenderFactory$1[async-console-appender] - Setting discardingThreshold to 51
18:17:32,769 |-INFO in ch.qos.logback.core.rolling.RollingFileAppender[file-appender] - Setting bufferSize to [8 KB]
18:17:32,769 |-INFO in c.q.l.core.rolling.TimeBasedRollingPolicy@1876284397 - Will use gz compression
18:17:32,769 |-INFO in c.q.l.core.rolling.TimeBasedRollingPolicy@1876284397 - Will use the pattern ./logs/requests-%d.log for the active file
18:17:32,770 |-INFO in c.q.l.core.rolling.DefaultTimeBasedFileNamingAndTriggeringPolicy - The date pattern is 'yyyy-MM-dd' from file name pattern './logs/requests-%d.log.gz'.
18:17:32,770 |-INFO in c.q.l.core.rolling.DefaultTimeBasedFileNamingAndTriggeringPolicy - Roll-over at midnight.
18:17:32,770 |-INFO in c.q.l.core.rolling.DefaultTimeBasedFileNamingAndTriggeringPolicy - Setting initial period to Sat Jun 27 18:17:32 CEST 2020
18:17:32,771 |-ERROR in ch.qos.logback.core.rolling.RollingFileAppender[file-appender] - 'FileNamePattern' option has the same value "./logs/requests-%d.log.gz" as that given for appender [file-appender] defined earlier.
18:17:32,771 |-ERROR in ch.qos.logback.core.rolling.RollingFileAppender[file-appender] - Collisions detected with FileAppender/RollingAppender instances defined earlier. Aborting.
18:17:32,771 |-ERROR in ch.qos.logback.core.rolling.RollingFileAppender[file-appender] - For more information, please visit http://logback.qos.ch/codes.html#earlier_fa_collision
18:17:32,771 |-INFO in io.dropwizard.request.logging.async.AsyncAccessEventAppenderFactory$1[async-file-appender] - Attaching appender named [file-appender] to AsyncAppender.
18:17:32,771 |-INFO in io.dropwizard.request.logging.async.AsyncAccessEventAppenderFactory$1[async-file-appender] - Setting discardingThreshold to 51
18:17:33,133 |-INFO in io.dropwizard.request.logging.async.AsyncAccessEventAppenderFactory$1[async-console-appender] - Attaching appender named [console-appender] to AsyncAppender.
18:17:33,133 |-INFO in io.dropwizard.request.logging.async.AsyncAccessEventAppenderFactory$1[async-console-appender] - Setting discardingThreshold to 51
18:17:33,149 |-INFO in ch.qos.logback.core.rolling.RollingFileAppender[file-appender] - Setting bufferSize to [8 KB]
18:17:33,150 |-INFO in c.q.l.core.rolling.TimeBasedRollingPolicy@2039714437 - Will use gz compression
18:17:33,150 |-INFO in c.q.l.core.rolling.TimeBasedRollingPolicy@2039714437 - Will use the pattern ./logs/requests-%d.log for the active file
18:17:33,150 |-INFO in c.q.l.core.rolling.DefaultTimeBasedFileNamingAndTriggeringPolicy - The date pattern is 'yyyy-MM-dd' from file name pattern './logs/requests-%d.log.gz'.
18:17:33,150 |-INFO in c.q.l.core.rolling.DefaultTimeBasedFileNamingAndTriggeringPolicy - Roll-over at midnight.
18:17:33,150 |-INFO in c.q.l.core.rolling.DefaultTimeBasedFileNamingAndTriggeringPolicy - Setting initial period to Sat Jun 27 18:17:32 CEST 2020
18:17:33,151 |-ERROR in ch.qos.logback.core.rolling.RollingFileAppender[file-appender] - 'FileNamePattern' option has the same value "./logs/requests-%d.log.gz" as that given for appender [file-appender] defined earlier.
18:17:33,151 |-ERROR in ch.qos.logback.core.rolling.RollingFileAppender[file-appender] - Collisions detected with FileAppender/RollingAppender instances defined earlier. Aborting.
18:17:33,151 |-ERROR in ch.qos.logback.core.rolling.RollingFileAppender[file-appender] - For more information, please visit http://logback.qos.ch/codes.html#earlier_fa_collision
18:17:33,151 |-INFO in io.dropwizard.request.logging.async.AsyncAccessEventAppenderFactory$1[async-file-appender] - Attaching appender named [file-appender] to AsyncAppender.
18:17:33,151 |-INFO in io.dropwizard.request.logging.async.AsyncAccessEventAppenderFactory$1[async-file-appender] - Setting discardingThreshold to 51
18:17:33,404 |-INFO in io.dropwizard.request.logging.async.AsyncAccessEventAppenderFactory$1[async-console-appender] - Attaching appender named [console-appender] to AsyncAppender.
18:17:33,404 |-INFO in io.dropwizard.request.logging.async.AsyncAccessEventAppenderFactory$1[async-console-appender] - Setting discardingThreshold to 51
18:17:33,417 |-INFO in ch.qos.logback.core.rolling.RollingFileAppender[file-appender] - Setting bufferSize to [8 KB]
18:17:33,418 |-INFO in c.q.l.core.rolling.TimeBasedRollingPolicy@279383060 - Will use gz compression
18:17:33,418 |-INFO in c.q.l.core.rolling.TimeBasedRollingPolicy@279383060 - Will use the pattern ./logs/requests-%d.log for the active file
18:17:33,418 |-INFO in c.q.l.core.rolling.DefaultTimeBasedFileNamingAndTriggeringPolicy - The date pattern is 'yyyy-MM-dd' from file name pattern './logs/requests-%d.log.gz'.
18:17:33,418 |-INFO in c.q.l.core.rolling.DefaultTimeBasedFileNamingAndTriggeringPolicy - Roll-over at midnight.
18:17:33,418 |-INFO in c.q.l.core.rolling.DefaultTimeBasedFileNamingAndTriggeringPolicy - Setting initial period to Sat Jun 27 18:17:32 CEST 2020
18:17:33,419 |-ERROR in ch.qos.logback.core.rolling.RollingFileAppender[file-appender] - 'FileNamePattern' option has the same value "./logs/requests-%d.log.gz" as that given for appender [file-appender] defined earlier.
18:17:33,419 |-ERROR in ch.qos.logback.core.rolling.RollingFileAppender[file-appender] - Collisions detected with FileAppender/RollingAppender instances defined earlier. Aborting.
18:17:33,419 |-ERROR in ch.qos.logback.core.rolling.RollingFileAppender[file-appender] - For more information, please visit http://logback.qos.ch/codes.html#earlier_fa_collision
18:17:33,419 |-INFO in io.dropwizard.request.logging.async.AsyncAccessEventAppenderFactory$1[async-file-appender] - Attaching appender named [file-appender] to AsyncAppender.
18:17:33,419 |-INFO in io.dropwizard.request.logging.async.AsyncAccessEventAppenderFactory$1[async-file-appender] - Setting discardingThreshold to 51
18:17:36,090 |-INFO in io.dropwizard.request.logging.async.AsyncAccessEventAppenderFactory$1[async-console-appender] - Attaching appender named [console-appender] to AsyncAppender.
18:17:36,090 |-INFO in io.dropwizard.request.logging.async.AsyncAccessEventAppenderFactory$1[async-console-appender] - Setting discardingThreshold to 51
18:17:37,514 |-INFO in ch.qos.logback.classic.jul.LevelChangePropagator@2a82f6b - Propagating INFO level on Logger[ROOT] onto the JUL framework
18:17:37,532 |-INFO in ch.qos.logback.classic.AsyncAppender[async-console-appender] - Attaching appender named [console-appender] to AsyncAppender.
18:17:37,532 |-INFO in ch.qos.logback.classic.AsyncAppender[async-console-appender] - Setting discardingThreshold to 51
18:17:37,822 |-INFO in ch.qos.logback.classic.AsyncAppender[async-console-appender] - Worker thread will flush remaining events before exiting. 
18:17:37,823 |-INFO in ch.qos.logback.classic.AsyncAppender[async-console-appender] - Queue flush finished successfully within timeout.
18:17:37,823 |-INFO in ch.qos.logback.classic.jmx.JMXConfigurator(default) - onReset() method called JMXActivator [io.dropwizard:type=Logging]
18:17:37,823 |-INFO in ch.qos.logback.classic.jul.LevelChangePropagator@7d6d120b - Propagating INFO level on Logger[ROOT] onto the JUL framework
18:17:37,824 |-INFO in ch.qos.logback.classic.AsyncAppender[async-console-appender] - Attaching appender named [console-appender] to AsyncAppender.
18:17:37,824 |-INFO in ch.qos.logback.classic.AsyncAppender[async-console-appender] - Setting discardingThreshold to 51

io.dropwizard.configuration.ConfigurationParsingException: /tmp/dropwizard-invalid-config136957915958631006.yml has an error:
  * Configuration at /tmp/dropwizard-invalid-config136957915958631006.yml must not be empty

	at io.dropwizard.configuration.ConfigurationParsingException$Builder.build(ConfigurationParsingException.java:277)
	at io.dropwizard.configuration.BaseConfigurationFactory.build(BaseConfigurationFactory.java:89)
	at io.dropwizard.cli.ConfiguredCommand.parseConfiguration(ConfiguredCommand.java:124)
	at io.dropwizard.cli.ConfiguredCommand.run(ConfiguredCommand.java:72)
	at io.dropwizard.cli.Cli.run(Cli.java:75)
	at io.dropwizard.Application.run(Application.java:93)
	at io.dropwizard.ApplicationTest.exitWithFatalErrorWhenCommandFails(ApplicationTest.java:72)
	at sun.reflect.NativeMethodAccessorImpl.invoke0(Native Method)
	at sun.reflect.NativeMethodAccessorImpl.invoke(NativeMethodAccessorImpl.java:62)
	at sun.reflect.DelegatingMethodAccessorImpl.invoke(DelegatingMethodAccessorImpl.java:43)
	at java.lang.reflect.Method.invoke(Method.java:498)
	at org.junit.runners.model.FrameworkMethod$1.runReflectiveCall(FrameworkMethod.java:50)
	at org.junit.internal.runners.model.ReflectiveCallable.run(ReflectiveCallable.java:12)
	at org.junit.runners.model.FrameworkMethod.invokeExplosively(FrameworkMethod.java:47)
	at org.junit.internal.runners.statements.InvokeMethod.evaluate(InvokeMethod.java:17)
	at org.junit.runners.ParentRunner.runLeaf(ParentRunner.java:325)
	at org.junit.runners.BlockJUnit4ClassRunner.runChild(BlockJUnit4ClassRunner.java:78)
	at org.junit.runners.BlockJUnit4ClassRunner.runChild(BlockJUnit4ClassRunner.java:57)
	at org.junit.runners.ParentRunner$3.run(ParentRunner.java:290)
	at org.junit.runners.ParentRunner$1.schedule(ParentRunner.java:71)
	at org.junit.runners.ParentRunner.runChildren(ParentRunner.java:288)
	at org.junit.runners.ParentRunner.access$000(ParentRunner.java:58)
	at org.junit.runners.ParentRunner$2.evaluate(ParentRunner.java:268)
	at org.junit.runners.ParentRunner.run(ParentRunner.java:363)
	at org.apache.maven.surefire.junit4.JUnit4Provider.execute(JUnit4Provider.java:367)
	at org.apache.maven.surefire.junit4.JUnit4Provider.executeWithRerun(JUnit4Provider.java:274)
	at org.apache.maven.surefire.junit4.JUnit4Provider.executeTestSet(JUnit4Provider.java:238)
	at org.apache.maven.surefire.junit4.JUnit4Provider.invoke(JUnit4Provider.java:161)
	at org.apache.maven.surefire.booter.ForkedBooter.invokeProviderInSameClassLoader(ForkedBooter.java:290)
	at org.apache.maven.surefire.booter.ForkedBooter.runSuitesInProcess(ForkedBooter.java:242)
	at org.apache.maven.surefire.booter.ForkedBooter.main(ForkedBooter.java:121)
Jun 27, 2020 6:18:19 PM org.apache.tomcat.jdbc.pool.ConnectionPool init
SEVERE: Unable to create initial connections of pool.
java.sql.SQLException: Unable to load class: org.example.no.driver.here from ClassLoader:sun.misc.Launcher$AppClassLoader@3d4eac69;ClassLoader:sun.misc.Launcher$AppClassLoader@3d4eac69
	at org.apache.tomcat.jdbc.pool.PooledConnection.connectUsingDriver(PooledConnection.java:283)
	at org.apache.tomcat.jdbc.pool.PooledConnection.connect(PooledConnection.java:203)
	at org.apache.tomcat.jdbc.pool.ConnectionPool.createConnection(ConnectionPool.java:735)
	at org.apache.tomcat.jdbc.pool.ConnectionPool.borrowConnection(ConnectionPool.java:667)
	at org.apache.tomcat.jdbc.pool.ConnectionPool.init(ConnectionPool.java:482)
	at org.apache.tomcat.jdbc.pool.ConnectionPool.<init>(ConnectionPool.java:154)
	at org.apache.tomcat.jdbc.pool.DataSourceProxy.pCreatePool(DataSourceProxy.java:118)
	at org.apache.tomcat.jdbc.pool.DataSourceProxy.createPool(DataSourceProxy.java:107)
	at org.apache.tomcat.jdbc.pool.DataSourceProxy.getConnection(DataSourceProxy.java:131)
	at io.dropwizard.db.DataSourceFactoryTest.invalidJDBCDriverClassThrowsSQLException(DataSourceFactoryTest.java:96)
	at sun.reflect.NativeMethodAccessorImpl.invoke0(Native Method)
	at sun.reflect.NativeMethodAccessorImpl.invoke(NativeMethodAccessorImpl.java:62)
	at sun.reflect.DelegatingMethodAccessorImpl.invoke(DelegatingMethodAccessorImpl.java:43)
	at java.lang.reflect.Method.invoke(Method.java:498)
	at org.junit.runners.model.FrameworkMethod$1.runReflectiveCall(FrameworkMethod.java:50)
	at org.junit.internal.runners.model.ReflectiveCallable.run(ReflectiveCallable.java:12)
	at org.junit.runners.model.FrameworkMethod.invokeExplosively(FrameworkMethod.java:47)
	at org.junit.internal.runners.statements.InvokeMethod.evaluate(InvokeMethod.java:17)
	at org.junit.internal.runners.statements.ExpectException.evaluate(ExpectException.java:19)
	at org.junit.internal.runners.statements.RunBefores.evaluate(RunBefores.java:26)
	at org.junit.internal.runners.statements.RunAfters.evaluate(RunAfters.java:27)
	at org.junit.runners.ParentRunner.runLeaf(ParentRunner.java:325)
	at org.junit.runners.BlockJUnit4ClassRunner.runChild(BlockJUnit4ClassRunner.java:78)
	at org.junit.runners.BlockJUnit4ClassRunner.runChild(BlockJUnit4ClassRunner.java:57)
	at org.junit.runners.ParentRunner$3.run(ParentRunner.java:290)
	at org.junit.runners.ParentRunner$1.schedule(ParentRunner.java:71)
	at org.junit.runners.ParentRunner.runChildren(ParentRunner.java:288)
	at org.junit.runners.ParentRunner.access$000(ParentRunner.java:58)
	at org.junit.runners.ParentRunner$2.evaluate(ParentRunner.java:268)
	at org.junit.runners.ParentRunner.run(ParentRunner.java:363)
	at org.apache.maven.surefire.junit4.JUnit4Provider.execute(JUnit4Provider.java:367)
	at org.apache.maven.surefire.junit4.JUnit4Provider.executeWithRerun(JUnit4Provider.java:274)
	at org.apache.maven.surefire.junit4.JUnit4Provider.executeTestSet(JUnit4Provider.java:238)
	at org.apache.maven.surefire.junit4.JUnit4Provider.invoke(JUnit4Provider.java:161)
	at org.apache.maven.surefire.booter.ForkedBooter.invokeProviderInSameClassLoader(ForkedBooter.java:290)
	at org.apache.maven.surefire.booter.ForkedBooter.runSuitesInProcess(ForkedBooter.java:242)
	at org.apache.maven.surefire.booter.ForkedBooter.main(ForkedBooter.java:121)
Caused by: java.lang.ClassNotFoundException: Unable to load class: org.example.no.driver.here from ClassLoader:sun.misc.Launcher$AppClassLoader@3d4eac69;ClassLoader:sun.misc.Launcher$AppClassLoader@3d4eac69
	at org.apache.tomcat.jdbc.pool.ClassLoaderUtil.loadClass(ClassLoaderUtil.java:56)
	at org.apache.tomcat.jdbc.pool.PooledConnection.connectUsingDriver(PooledConnection.java:271)
	... 36 more
Caused by: java.lang.ClassNotFoundException: org.example.no.driver.here
	at java.net.URLClassLoader.findClass(URLClassLoader.java:382)
	at java.lang.ClassLoader.loadClass(ClassLoader.java:424)
	at sun.misc.Launcher$AppClassLoader.loadClass(Launcher.java:349)
	at java.lang.ClassLoader.loadClass(ClassLoader.java:357)
	at java.lang.Class.forName0(Native Method)
	at java.lang.Class.forName(Class.java:348)
	at org.apache.tomcat.jdbc.pool.ClassLoaderUtil.loadClass(ClassLoaderUtil.java:38)
	... 37 more

 0, Time elapsed: 2.576 sec - in io.dropwizard.server.AbstractServerFactoryTest
Running io.dropwizard.server.SimpleServerFactoryTest
127.0.0.1 - - [27/Jun/2020:16:17:36 +0000] "GET /service/test HTTP/1.1" 200 18 "-" "Java/1.8.0_202" 13
127.0.0.1 - - [27/Jun/2020:16:17:36 +0000] "POST /secret/tasks/hello?name=test_user HTTP/1.1" 200 17 "-" "Java/1.8.0_202" 68
Tests run: 6, Failures: 0, Errors: 0, Skipped: 0, Time elapsed: 0.989 sec - in io.dropwizard.server.SimpleServerFactoryTest
Running io.dropwizard.cli.ConfiguredCommandTest
Tests run: 1, Failures: 0, Errors: 0, Skipped: 0, Time elapsed: 0.074 sec - in io.dropwizard.cli.ConfiguredCommandTest
Running io.dropwizard.cli.CommandTest
Tests run: 1, Failures: 0, Errors: 0, Skipped: 0, Time elapsed: 0.098 sec - in io.dropwizard.cli.CommandTest
Running io.dropwizard.cli.CliTest
Tests run: 15, Failures: 0, Errors: 0, Skipped: 0, Time elapsed: 0.778 sec - in io.dropwizard.cli.CliTest
Running io.dropwizard.cli.InheritedServerCommandTest
INFO  [2020-06-27 16:17:38,046] org.eclipse.jetty.server.Server: jetty-9.4.7.v20170914
INFO  [2020-06-27 16:17:38,102] org.eclipse.jetty.server.AbstractConnector: Started ServerConnector@4ac5f0bc{HTTP/1.1,[http/1.1]}{0.0.0.0:35209}
INFO  [2020-06-27 16:17:38,102] org.eclipse.jetty.server.Server: Started @12837ms
INFO  [2020-06-27 16:17:38,112] org.eclipse.jetty.server.AbstractConnector: Stopped ServerConnector@4ac5f0bc{HTTP/1.1,[http/1.1]}{0.0.0.0:0}
Tests run: 4, Failures: 0, Errors: 0, Skipped: 0, Time elapsed: 0.147 sec - in io.dropwizard.cli.InheritedServerCommandTest
Running io.dropwizard.cli.ServerCommandTest
INFO  [2020-06-27 16:17:38,148] org.eclipse.jetty.server.Server: jetty-9.4.7.v20170914
INFO  [2020-06-27 16:17:38,202] org.eclipse.jetty.server.AbstractConnector: Started ServerConnector@7a5b398b{HTTP/1.1,[http/1.1]}{0.0.0.0:45309}
INFO  [2020-06-27 16:17:38,202] org.eclipse.jetty.server.Server: Started @12937ms
INFO  [2020-06-27 16:17:38,211] org.eclipse.jetty.server.AbstractConnector: Stopped ServerConnector@7a5b398b{HTTP/1.1,[http/1.1]}{0.0.0.0:0}
INFO  [2020-06-27 16:17:38,218] org.eclipse.jetty.server.Server: jetty-9.4.7.v20170914
INFO  [2020-06-27 16:17:38,270] org.eclipse.jetty.server.AbstractConnector: Started ServerConnector@2ba2045{HTTP/1.1,[http/1.1]}{0.0.0.0:33881}
ERROR [2020-06-27 16:17:38,272] io.dropwizard.cli.ServerCommand: Unable to start server, shutting down
! java.io.IOException: oh crap
! at io.dropwizard.cli.ServerCommandTest$2.doStart(ServerCommandTest.java:90)
! at org.eclipse.jetty.util.component.AbstractLifeCycle.start(AbstractLifeCycle.java:68)
! at org.eclipse.jetty.util.component.ContainerLifeCycle.start(ContainerLifeCycle.java:131)
! at org.eclipse.jetty.server.Server.start(Server.java:449)
! at org.eclipse.jetty.util.component.ContainerLifeCycle.doStart(ContainerLifeCycle.java:113)
! at org.eclipse.jetty.server.handler.AbstractHandler.doStart(AbstractHandler.java:113)
! at org.eclipse.jetty.server.Server.doStart(Server.java:416)
! at org.eclipse.jetty.util.component.AbstractLifeCycle.start(AbstractLifeCycle.java:68)
! at io.dropwizard.cli.ServerCommand.run(ServerCommand.java:53)
! at io.dropwizard.cli.ServerCommandTest.stopsAServerIfThereIsAnErrorStartingIt(ServerCommandTest.java:95)
! at sun.reflect.NativeMethodAccessorImpl.invoke0(Native Method)
! at sun.reflect.NativeMethodAccessorImpl.invoke(NativeMethodAccessorImpl.java:62)
! at sun.reflect.DelegatingMethodAccessorImpl.invoke(DelegatingMethodAccessorImpl.java:43)
! at java.lang.reflect.Method.invoke(Method.java:498)
! at org.junit.runners.model.FrameworkMethod$1.runReflectiveCall(FrameworkMethod.java:50)
! at org.junit.internal.runners.model.ReflectiveCallable.run(ReflectiveCallable.java:12)
! at org.junit.runners.model.FrameworkMethod.invokeExplosively(FrameworkMethod.java:47)
! at org.junit.internal.runners.statements.InvokeMethod.evaluate(InvokeMethod.java:17)
! at org.junit.internal.runners.statements.RunBefores.evaluate(RunBefores.java:26)
! at org.junit.internal.runners.statements.RunAfters.evaluate(RunAfters.java:27)
! at org.junit.runners.ParentRunner.runLeaf(ParentRunner.java:325)
! at org.junit.runners.BlockJUnit4ClassRunner.runChild(BlockJUnit4ClassRunner.java:78)
! at org.junit.runners.BlockJUnit4ClassRunner.runChild(BlockJUnit4ClassRunner.java:57)
! at org.junit.runners.ParentRunner$3.run(ParentRunner.java:290)
! at org.junit.runners.ParentRunner$1.schedule(ParentRunner.java:71)
! at org.junit.runners.ParentRunner.runChildren(ParentRunner.java:288)
! at org.junit.runners.ParentRunner.access$000(ParentRunner.java:58)
! at org.junit.runners.ParentRunner$2.evaluate(ParentRunner.java:268)
! at org.junit.runners.ParentRunner.run(ParentRunner.java:363)
! at org.apache.maven.surefire.junit4.JUnit4Provider.execute(JUnit4Provider.java:367)
! at org.apache.maven.surefire.junit4.JUnit4Provider.executeWithRerun(JUnit4Provider.java:274)
! at org.apache.maven.surefire.junit4.JUnit4Provider.executeTestSet(JUnit4Provider.java:238)
! at org.apache.maven.surefire.junit4.JUnit4Provider.invoke(JUnit4Provider.java:161)
! at org.apache.maven.surefire.booter.ForkedBooter.invokeProviderInSameClassLoader(ForkedBooter.java:290)
! at org.apache.maven.surefire.booter.ForkedBooter.runSuitesInProcess(ForkedBooter.java:242)
! at org.apache.maven.surefire.booter.ForkedBooter.main(ForkedBooter.java:121)
INFO  [2020-06-27 16:17:38,282] org.eclipse.jetty.server.AbstractConnector: Stopped ServerConnector@2ba2045{HTTP/1.1,[http/1.1]}{0.0.0.0:0}
throw NullPointerException, see Issue#1557
Tests run: 5, Failures: 0, Errors: 0, Skipped: 0, Time elapsed: 0.132 sec - in io.dropwizard.cli.ServerCommandTest
Running io.dropwizard.cli.CheckCommandTest
WARN  [2020-06-27 16:17:38,286] io.dropwizard.cli.ServerCommand: Failure during stop server
! java.lang.NullPointerException: null
! at io.dropwizard.cli.ServerCommandTest$1.doStop(ServerCommandTest.java:36)
! at org.eclipse.jetty.util.component.AbstractLifeCycle.stop(AbstractLifeCycle.java:89)
! at io.dropwizard.cli.ServerCommand.run(ServerCommand.java:57)
! at io.dropwizard.cli.ServerCommandTest.stopsAServerIfThereIsAnErrorStartingIt(ServerCommandTest.java:95)
! at sun.reflect.NativeMethodAccessorImpl.invoke0(Native Method)
! at sun.reflect.NativeMethodAccessorImpl.invoke(NativeMethodAccessorImpl.java:62)
! at sun.reflect.DelegatingMethodAccessorImpl.invoke(DelegatingMethodAccessorImpl.java:43)
! at java.lang.reflect.Method.invoke(Method.java:498)
! at org.junit.runners.model.FrameworkMethod$1.runReflectiveCall(FrameworkMethod.java:50)
! at org.junit.internal.runners.model.ReflectiveCallable.run(ReflectiveCallable.java:12)
! at org.junit.runners.model.FrameworkMethod.invokeExplosively(FrameworkMethod.java:47)
! at org.junit.internal.runners.statements.InvokeMethod.evaluate(InvokeMethod.java:17)
! at org.junit.internal.runners.statements.RunBefores.evaluate(RunBefores.java:26)
! at org.junit.internal.runners.statements.RunAfters.evaluate(RunAfters.java:27)
! at org.junit.runners.ParentRunner.runLeaf(ParentRunner.java:325)
! at org.junit.runners.BlockJUnit4ClassRunner.runChild(BlockJUnit4ClassRunner.java:78)
! at org.junit.runners.BlockJUnit4ClassRunner.runChild(BlockJUnit4ClassRunner.java:57)
! at org.junit.runners.ParentRunner$3.run(ParentRunner.java:290)
! at org.junit.runners.ParentRunner$1.schedule(ParentRunner.java:71)
! at org.junit.runners.ParentRunner.runChildren(ParentRunner.java:288)
! at org.junit.runners.ParentRunner.access$000(ParentRunner.java:58)
! at org.junit.runners.ParentRunner$2.evaluate(ParentRunner.java:268)
! at org.junit.runners.ParentRunner.run(ParentRunner.java:363)
! at org.apache.maven.surefire.junit4.JUnit4Provider.execute(JUnit4Provider.java:367)
! at org.apache.maven.surefire.junit4.JUnit4Provider.executeWithRerun(JUnit4Provider.java:274)
! at org.apache.maven.surefire.junit4.JUnit4Provider.executeTestSet(JUnit4Provider.java:238)
! at org.apache.maven.surefire.junit4.JUnit4Provider.invoke(JUnit4Provider.java:161)
! at org.apache.maven.surefire.booter.ForkedBooter.invokeProviderInSameClassLoader(ForkedBooter.java:290)
! at org.apache.maven.surefire.booter.ForkedBooter.runSuitesInProcess(ForkedBooter.java:242)
! at org.apache.maven.surefire.booter.ForkedBooter.main(ForkedBooter.java:121)
INFO  [2020-06-27 16:17:38,329] io.dropwizard.cli.CheckCommand: Configuration is OK
Tests run: 3, Failures: 0, Errors: 0, Skipped: 0, Time elapsed: 0.03 sec - in io.dropwizard.cli.CheckCommandTest
Running io.dropwizard.ConfigurationTest
Tests run: 3, Failures: 0, Errors: 0, Skipped: 0, Time elapsed: 0.094 sec - in io.dropwizard.ConfigurationTest
Running io.dropwizard.ApplicationTest
Tests run: 4, Failures: 0, Errors: 0, Skipped: 0, Time elapsed: 0.043 sec - in io.dropwizard.ApplicationTest

Results :

Tests run: 72, Failures: 0, Errors: 0, Skipped: 0

[INFO]                                                                         
[INFO] ------------------------------------------------------------------------
[INFO] Building Dropwizard Test Helpers 1.2.0-rc7-SNAPSHOT
[INFO] ------------------------------------------------------------------------
[INFO] 
[INFO] --- maven-enforcer-plugin:1.4.1:enforce (enforce) @ dropwizard-testing ---
[INFO] Skipping Rule Enforcement.
[INFO] 
[INFO] --- maven-resources-plugin:3.0.1:resources (default-resources) @ dropwizard-testing ---
[INFO] Using 'UTF-8' encoding to copy filtered resources.
[INFO] skip non existing resourceDirectory /pfs/proj/nobackup/fs/projnb01/snic2020-10-10/dginelli/repairnator-workspace/repairnator-repairnator-experiments-dropwizard-dropwizard-279515036-20170925-155015_bugonly-firstCommit/dropwizard-testing/src/main/resources
[INFO] 
[INFO] --- maven-compiler-plugin:3.6.0:compile (default-compile) @ dropwizard-testing ---
[INFO] Nothing to compile - all classes are up to date
[INFO] 
[INFO] --- maven-resources-plugin:3.0.1:testResources (default-testResources) @ dropwizard-testing ---
[INFO] Using 'UTF-8' encoding to copy filtered resources.
[INFO] Copying 5 resources
[INFO] 
[INFO] --- maven-compiler-plugin:3.6.0:testCompile (default-testCompile) @ dropwizard-testing ---
[INFO] Nothing to compile - all classes are up to date
[INFO] 
[INFO] --- maven-surefire-plugin:2.19.1:test (default-test) @ dropwizard-testing ---
[INFO] Surefire report directory: /pfs/proj/nobackup/fs/projnb01/snic2020-10-10/dginelli/repairnator-workspace/repairnator-repairnator-experiments-dropwizard-dropwizard-279515036-20170925-155015_bugonly-firstCommit/dropwizard-testing/target/surefire-reports

-------------------------------------------------------
 T E S T S
-------------------------------------------------------
Running io.dropwizard.testing.app.PersonResourceTest
ERROR [2020-06-27 18:17:44,966] io.dropwizard.jersey.errors.LoggingExceptionMapper: Error handling a request: 71d85b57f42bcaf6
! java.lang.Exception: I'm an exception!
! at io.dropwizard.testing.app.PersonResource.exceptional(PersonResource.java:56)
! at sun.reflect.NativeMethodAccessorImpl.invoke0(Native Method)
! at sun.reflect.NativeMethodAccessorImpl.invoke(NativeMethodAccessorImpl.java:62)
! at sun.reflect.DelegatingMethodAccessorImpl.invoke(DelegatingMethodAccessorImpl.java:43)
! at java.lang.reflect.Method.invoke(Method.java:498)
! at org.glassfish.jersey.server.model.internal.ResourceMethodInvocationHandlerFactory$1.invoke(ResourceMethodInvocationHandlerFactory.java:81)
! at org.glassfish.jersey.server.model.internal.AbstractJavaResourceMethodDispatcher$1.run(AbstractJavaResourceMethodDispatcher.java:144)
! at org.glassfish.jersey.server.model.internal.AbstractJavaResourceMethodDispatcher.invoke(AbstractJavaResourceMethodDispatcher.java:161)
! at org.glassfish.jersey.server.model.internal.JavaResourceMethodDispatcherProvider$TypeOutInvoker.doDispatch(JavaResourceMethodDispatcherProvider.java:205)
! at org.glassfish.jersey.server.model.internal.AbstractJavaResourceMethodDispatcher.dispatch(AbstractJavaResourceMethodDispatcher.java:99)
! at org.glassfish.jersey.server.model.ResourceMethodInvoker.invoke(ResourceMethodInvoker.java:389)
! at org.glassfish.jersey.server.model.ResourceMethodInvoker.apply(ResourceMethodInvoker.java:347)
! at org.glassfish.jersey.server.model.ResourceMethodInvoker.apply(ResourceMethodInvoker.java:102)
! at org.glassfish.jersey.server.ServerRuntime$2.run(ServerRuntime.java:326)
! at org.glassfish.jersey.internal.Errors$1.call(Errors.java:271)
! at org.glassfish.jersey.internal.Errors$1.call(Errors.java:267)
! at org.glassfish.jersey.internal.Errors.process(Errors.java:315)
! at org.glassfish.jersey.internal.Errors.process(Errors.java:297)
! at org.glassfish.jersey.internal.Errors.process(Errors.java:267)
! at org.glassfish.jersey.process.internal.RequestScope.runInScope(RequestScope.java:317)
! at org.glassfish.jersey.server.ServerRuntime.process(ServerRuntime.java:305)
! at org.glassfish.jersey.server.ApplicationHandler.handle(ApplicationHandler.java:1154)
! at org.glassfish.jersey.test.inmemory.InMemoryConnector.apply(InMemoryConnector.java:275)
! at org.glassfish.jersey.client.ClientRuntime.invoke(ClientRuntime.java:252)
! at org.glassfish.jersey.client.JerseyInvocation$1.call(JerseyInvocation.java:684)
! at org.glassfish.jersey.client.JerseyInvocation$1.call(JerseyInvocation.java:681)
! at org.glassfish.jersey.internal.Errors.process(Errors.java:315)
! at org.glassfish.jersey.internal.Errors.process(Errors.java:297)
! at org.glassfish.jersey.internal.Errors.process(Errors.java:228)
! at org.glassfish.jersey.process.internal.RequestScope.runInScope(RequestScope.java:444)
! at org.glassfish.jersey.client.JerseyInvocation.invoke(JerseyInvocation.java:681)
! at org.glassfish.jersey.client.JerseyInvocation$Builder.method(JerseyInvocation.java:437)
! at org.glassfish.jersey.client.JerseyInvocation$Builder.post(JerseyInvocation.java:343)
! at io.dropwizard.testing.app.PersonResourceTest.testDefaultExceptionMapper(PersonResourceTest.java:104)
! at sun.reflect.NativeMethodAccessorImpl.invoke0(Native Method)
! at sun.reflect.NativeMethodAccessorImpl.invoke(NativeMethodAccessorImpl.java:62)
! at sun.reflect.DelegatingMethodAccessorImpl.invoke(DelegatingMethodAccessorImpl.java:43)
! at java.lang.reflect.Method.invoke(Method.java:498)
! at org.junit.runners.model.FrameworkMethod$1.runReflectiveCall(FrameworkMethod.java:50)
! at org.junit.internal.runners.model.ReflectiveCallable.run(ReflectiveCallable.java:12)
! at org.junit.runners.model.FrameworkMethod.invokeExplosively(FrameworkMethod.java:47)
! at org.junit.internal.runners.statements.InvokeMethod.evaluate(InvokeMethod.java:17)
! at org.junit.internal.runners.statements.RunBefores.evaluate(RunBefores.java:26)
! at org.junit.runners.ParentRunner.runLeaf(ParentRunner.java:325)
! at org.junit.runners.BlockJUnit4ClassRunner.runChild(BlockJUnit4ClassRunner.java:78)
! at org.junit.runners.BlockJUnit4ClassRunner.runChild(BlockJUnit4ClassRunner.java:57)
! at org.junit.runners.ParentRunner$3.run(ParentRunner.java:290)
! at org.junit.runners.ParentRunner$1.schedule(ParentRunner.java:71)
! at org.junit.runners.ParentRunner.runChildren(ParentRunner.java:288)
! at org.junit.runners.ParentRunner.access$000(ParentRunner.java:58)
! at org.junit.runners.ParentRunner$2.evaluate(ParentRunner.java:268)
! at io.dropwizard.testing.junit.ResourceTestRule$1.evaluate(ResourceTestRule.java:198)
! at org.junit.rules.RunRules.evaluate(RunRules.java:20)
! at org.junit.runners.ParentRunner.run(ParentRunner.java:363)
! at org.apache.maven.surefire.junit4.JUnit4Provider.execute(JUnit4Provider.java:367)
! at org.apache.maven.surefire.junit4.JUnit4Provider.executeWithRerun(JUnit4Provider.java:274)
! at org.apache.maven.surefire.junit4.JUnit4Provider.executeTestSet(JUnit4Provider.java:238)
! at org.apache.maven.surefire.junit4.JUnit4Provider.invoke(JUnit4Provider.java:161)
! at org.apache.maven.surefire.booter.ForkedBooter.invokeProviderInSameClassLoader(ForkedBooter.java:290)
! at org.apache.maven.surefire.booter.ForkedBooter.runSuitesInProcess(ForkedBooter.java:242)
! at org.apache.maven.surefire.booter.ForkedBooter.main(ForkedBooter.java:121)
ERROR [2020-06-27 18:17:44,995] io.dropwizard.jersey.errors.LoggingExceptionMapper: Error handling a request: 1b80baaf62fa6093
! javax.ws.rs.WebApplicationException: Parameters must have the same validation groups in validationGroupsException
! at io.dropwizard.jersey.validation.DropwizardConfiguredValidator.getGroup(DropwizardConfiguredValidator.java:82)
! at io.dropwizard.jersey.validation.DropwizardConfiguredValidator.validateResourceAndInputParams(DropwizardConfiguredValidator.java:37)
! at org.glassfish.jersey.server.model.internal.AbstractJavaResourceMethodDispatcher.invoke(AbstractJavaResourceMethodDispatcher.java:134)
! at org.glassfish.jersey.server.model.internal.JavaResourceMethodDispatcherProvider$TypeOutInvoker.doDispatch(JavaResourceMethodDispatcherProvider.java:205)
! at org.glassfish.jersey.server.model.internal.AbstractJavaResourceMethodDispatcher.dispatch(AbstractJavaResourceMethodDispatcher.java:99)
! at org.glassfish.jersey.server.model.ResourceMethodInvoker.invoke(ResourceMethodInvoker.java:389)
! at org.glassfish.jersey.server.model.ResourceMethodInvoker.apply(ResourceMethodInvoker.java:347)
! at org.glassfish.jersey.server.model.ResourceMethodInvoker.apply(ResourceMethodInvoker.java:102)
! at org.glassfish.jersey.server.ServerRuntime$2.run(ServerRuntime.java:326)
! at org.glassfish.jersey.internal.Errors$1.call(Errors.java:271)
! at org.glassfish.jersey.internal.Errors$1.call(Errors.java:267)
! at org.glassfish.jersey.internal.Errors.process(Errors.java:315)
! at org.glassfish.jersey.internal.Errors.process(Errors.java:297)
! at org.glassfish.jersey.internal.Errors.process(Errors.java:267)
! at org.glassfish.jersey.process.internal.RequestScope.runInScope(RequestScope.java:317)
! at org.glassfish.jersey.server.ServerRuntime.process(ServerRuntime.java:305)
! at org.glassfish.jersey.server.ApplicationHandler.handle(ApplicationHandler.java:1154)
! at org.glassfish.jersey.test.inmemory.InMemoryConnector.apply(InMemoryConnector.java:275)
! at org.glassfish.jersey.client.ClientRuntime.invoke(ClientRuntime.java:252)
! at org.glassfish.jersey.client.JerseyInvocation$1.call(JerseyInvocation.java:684)
! at org.glassfish.jersey.client.JerseyInvocation$1.call(JerseyInvocation.java:681)
! at org.glassfish.jersey.internal.Errors.process(Errors.java:315)
! at org.glassfish.jersey.internal.Errors.process(Errors.java:297)
! at org.glassfish.jersey.internal.Errors.process(Errors.java:228)
! at org.glassfish.jersey.process.internal.RequestScope.runInScope(RequestScope.java:444)
! at org.glassfish.jersey.client.JerseyInvocation.invoke(JerseyInvocation.java:681)
! at org.glassfish.jersey.client.JerseyInvocation$Builder.method(JerseyInvocation.java:437)
! at org.glassfish.jersey.client.JerseyInvocation$Builder.post(JerseyInvocation.java:343)
! at io.dropwizard.testing.app.PersonResourceTest.testValidationGroupsException(PersonResourceTest.java:121)
! at sun.reflect.NativeMethodAccessorImpl.invoke0(Native Method)
! at sun.reflect.NativeMethodAccessorImpl.invoke(NativeMethodAccessorImpl.java:62)
! at sun.reflect.DelegatingMethodAccessorImpl.invoke(DelegatingMethodAccessorImpl.java:43)
! at java.lang.reflect.Method.invoke(Method.java:498)
! at org.junit.runners.model.FrameworkMethod$1.runReflectiveCall(FrameworkMethod.java:50)
! at org.junit.internal.runners.model.ReflectiveCallable.run(ReflectiveCallable.java:12)
! at org.junit.runners.model.FrameworkMethod.invokeExplosively(FrameworkMethod.java:47)
! at org.junit.internal.runners.statements.InvokeMethod.evaluate(InvokeMethod.java:17)
! at org.junit.internal.runners.statements.RunBefores.evaluate(RunBefores.java:26)
! at org.junit.runners.ParentRunner.runLeaf(ParentRunner.java:325)
! at org.junit.runners.BlockJUnit4ClassRunner.runChild(BlockJUnit4ClassRunner.java:78)
! at org.junit.runners.BlockJUnit4ClassRunner.runChild(BlockJUnit4ClassRunner.java:57)
! at org.junit.runners.ParentRunner$3.run(ParentRunner.java:290)
! at org.junit.runners.ParentRunner$1.schedule(ParentRunner.java:71)
! at org.junit.runners.ParentRunner.runChildren(ParentRunner.java:288)
! at org.junit.runners.ParentRunner.access$000(ParentRunner.java:58)
! at org.junit.runners.ParentRunner$2.evaluate(ParentRunner.java:268)
! at io.dropwizard.testing.junit.ResourceTestRule$1.evaluate(ResourceTestRule.java:198)
! at org.junit.rules.RunRules.evaluate(RunRules.java:20)
! at org.junit.runners.ParentRunner.run(ParentRunner.java:363)
! at org.apache.maven.surefire.junit4.JUnit4Provider.execute(JUnit4Provider.java:367)
! at org.apache.maven.surefire.junit4.JUnit4Provider.executeWithRerun(JUnit4Provider.java:274)
! at org.apache.maven.surefire.junit4.JUnit4Provider.executeTestSet(JUnit4Provider.java:238)
! at org.apache.maven.surefire.junit4.JUnit4Provider.invoke(JUnit4Provider.java:161)
! at org.apache.maven.surefire.booter.ForkedBooter.invokeProviderInSameClassLoader(ForkedBooter.java:290)
! at org.apache.maven.surefire.booter.ForkedBooter.runSuitesInProcess(ForkedBooter.java:242)
! at org.apache.maven.surefire.booter.ForkedBooter.main(ForkedBooter.java:121)
Tests run: 9, Failures: 0, Errors: 0, Skipped: 0, Time elapsed: 4.481 sec - in io.dropwizard.testing.app.PersonResourceTest
Running io.dropwizard.testing.app.PersonResourceExceptionMapperTest
Tests run: 4, Failures: 0, Errors: 0, Skipped: 0, Time elapsed: 0.324 sec - in io.dropwizard.testing.app.PersonResourceExceptionMapperTest
Running io.dropwizard.testing.app.GzipDefaultVaryBehaviourTest
Tests run: 1, Failures: 0, Errors: 0, Skipped: 0, Time elapsed: 1.556 sec - in io.dropwizard.testing.app.GzipDefaultVaryBehaviourTest
Running io.dropwizard.testing.FixtureHelpersTest
Tests run: 2, Failures: 0, Errors: 0, Skipped: 0, Time elapsed: 0.004 sec - in io.dropwizard.testing.FixtureHelpersTest
Running io.dropwizard.testing.junit.DAOTestRuleTest
INFO  [2020-06-27 18:17:47,327] org.hibernate.Version: HHH000412: Hibernate Core {5.2.10.Final}
INFO  [2020-06-27 18:17:47,349] org.hibernate.cfg.Environment: HHH000206: hibernate.properties not found
INFO  [2020-06-27 18:17:47,437] org.hibernate.annotations.common.Version: HCANN000001: Hibernate Commons Annotations {5.0.1.Final}
WARN  [2020-06-27 18:17:47,630] org.hibernate.orm.connections.pooling: HHH10001002: Using Hibernate built-in connection pool (not for production use!)
INFO  [2020-06-27 18:17:47,648] org.hibernate.orm.connections.pooling: HHH10001005: using driver [org.h2.Driver] at URL [jdbc:h2:mem:c0b304a3-936e-4644-a39f-754798be396f]
INFO  [2020-06-27 18:17:47,648] org.hibernate.orm.connections.pooling: HHH10001001: Connection properties: {user=sa, password=}
INFO  [2020-06-27 18:17:47,648] org.hibernate.orm.connections.pooling: HHH10001003: Autocommit mode: false
INFO  [2020-06-27 18:17:47,651] org.hibernate.engine.jdbc.connections.internal.DriverManagerConnectionProviderImpl: HHH000115: Hibernate connection pool size: 20 (min=1)
INFO  [2020-06-27 18:17:47,872] org.hibernate.dialect.Dialect: HHH000400: Using dialect: org.hibernate.dialect.H2Dialect
INFO  [2020-06-27 18:17:48,659] org.hibernate.orm.connections.access: HHH10001501: Connection obtained from JdbcConnectionAccess [org.hibernate.engine.jdbc.env.internal.JdbcEnvironmentInitiator$ConnectionProviderJdbcConnectionAccess@35ff072c] for (non-JTA) DDL execution was not in auto-commit mode; the Connection 'local transaction' will be committed and the Connection will be set into auto-commit mode.
INFO  [2020-06-27 18:17:48,662] org.hibernate.orm.connections.access: HHH10001501: Connection obtained from JdbcConnectionAccess [org.hibernate.engine.jdbc.env.internal.JdbcEnvironmentInitiator$ConnectionProviderJdbcConnectionAccess@4bca8eaf] for (non-JTA) DDL execution was not in auto-commit mode; the Connection 'local transaction' will be committed and the Connection will be set into auto-commit mode.
INFO  [2020-06-27 18:17:48,681] org.hibernate.tool.schema.internal.SchemaCreatorImpl: HHH000476: Executing import script 'org.hibernate.tool.schema.internal.exec.ScriptSourceInputNonExistentImpl@673a9db4'
INFO  [2020-06-27 18:17:48,846] org.hibernate.engine.internal.StatisticalLoggingSessionEventListener: Session Metrics {
    39059 nanoseconds spent acquiring 4 JDBC connections;
    91256 nanoseconds spent releasing 3 JDBC connections;
    1098654 nanoseconds spent preparing 3 JDBC statements;
    1523513 nanoseconds spent executing 3 JDBC statements;
    0 nanoseconds spent executing 0 JDBC batches;
    0 nanoseconds spent performing 0 L2C puts;
    0 nanoseconds spent performing 0 L2C hits;
    0 nanoseconds spent performing 0 L2C misses;
    3943973 nanoseconds spent executing 1 flushes (flushing a total of 1 entities and 0 collections);
    0 nanoseconds spent executing 0 partial-flushes (flushing a total of 0 entities and 0 collections)
}
WARN  [2020-06-27 18:17:48,866] org.hibernate.orm.connections.pooling: HHH10001002: Using Hibernate built-in connection pool (not for production use!)
INFO  [2020-06-27 18:17:48,866] org.hibernate.orm.connections.pooling: HHH10001005: using driver [org.h2.Driver] at URL [jdbc:h2:mem:c80a1dc5-ad98-417a-bc8a-23c878de95a2]
INFO  [2020-06-27 18:17:48,867] org.hibernate.orm.connections.pooling: HHH10001001: Connection properties: {user=sa, password=}
INFO  [2020-06-27 18:17:48,867] org.hibernate.orm.connections.pooling: HHH10001003: Autocommit mode: false
INFO  [2020-06-27 18:17:48,867] org.hibernate.engine.jdbc.connections.internal.DriverManagerConnectionProviderImpl: HHH000115: Hibernate connection pool size: 20 (min=1)
INFO  [2020-06-27 18:17:48,874] org.hibernate.dialect.Dialect: HHH000400: Using dialect: org.hibernate.dialect.H2Dialect
INFO  [2020-06-27 18:17:48,935] org.hibernate.orm.connections.access: HHH10001501: Connection obtained from JdbcConnectionAccess [org.hibernate.engine.jdbc.env.internal.JdbcEnvironmentInitiator$ConnectionProviderJdbcConnectionAccess@70e1aa20] for (non-JTA) DDL execution was not in auto-commit mode; the Connection 'local transaction' will be committed and the Connection will be set into auto-commit mode.
INFO  [2020-06-27 18:17:48,935] org.hibernate.orm.connections.access: HHH10001501: Connection obtained from JdbcConnectionAccess [org.hibernate.engine.jdbc.env.internal.JdbcEnvironmentInitiator$ConnectionProviderJdbcConnectionAccess@e67d3b7] for (non-JTA) DDL execution was not in auto-commit mode; the Connection 'local transaction' will be committed and the Connection will be set into auto-commit mode.
INFO  [2020-06-27 18:17:48,939] org.hibernate.tool.schema.internal.SchemaCreatorImpl: HHH000476: Executing import script 'org.hibernate.tool.schema.internal.exec.ScriptSourceInputNonExistentImpl@673a9db4'
INFO  [2020-06-27 18:17:48,947] org.hibernate.engine.internal.StatisticalLoggingSessionEventListener: Session Metrics {
    10666 nanoseconds spent acquiring 2 JDBC connections;
    22515 nanoseconds spent releasing 1 JDBC connections;
    199058 nanoseconds spent preparing 2 JDBC statements;
    327692 nanoseconds spent executing 2 JDBC statements;
    0 nanoseconds spent executing 0 JDBC batches;
    0 nanoseconds spent performing 0 L2C puts;
    0 nanoseconds spent performing 0 L2C hits;
    0 nanoseconds spent performing 0 L2C misses;
    153697 nanoseconds spent executing 1 flushes (flushing a total of 1 entities and 0 collections);
    0 nanoseconds spent executing 0 partial-flushes (flushing a total of 0 entities and 0 collections)
}
WARN  [2020-06-27 18:17:48,974] org.hibernate.orm.connections.pooling: HHH10001002: Using Hibernate built-in connection pool (not for production use!)
INFO  [2020-06-27 18:17:48,974] org.hibernate.orm.connections.pooling: HHH10001005: using driver [org.h2.Driver] at URL [jdbc:h2:mem:f1c4bce1-0623-40eb-9b9a-ae3016b7ad7b]
INFO  [2020-06-27 18:17:48,974] org.hibernate.orm.connections.pooling: HHH10001001: Connection properties: {user=sa, password=}
INFO  [2020-06-27 18:17:48,974] org.hibernate.orm.connections.pooling: HHH10001003: Autocommit mode: false
INFO  [2020-06-27 18:17:48,974] org.hibernate.engine.jdbc.connections.internal.DriverManagerConnectionProviderImpl: HHH000115: Hibernate connection pool size: 20 (min=1)
INFO  [2020-06-27 18:17:48,979] org.hibernate.dialect.Dialect: HHH000400: Using dialect: org.hibernate.dialect.H2Dialect
INFO  [2020-06-27 18:17:49,017] org.hibernate.orm.connections.access: HHH10001501: Connection obtained from JdbcConnectionAccess [org.hibernate.engine.jdbc.env.internal.JdbcEnvironmentInitiator$ConnectionProviderJdbcConnectionAccess@7d90764a] for (non-JTA) DDL execution was not in auto-commit mode; the Connection 'local transaction' will be committed and the Connection will be set into auto-commit mode.
INFO  [2020-06-27 18:17:49,018] org.hibernate.orm.connections.access: HHH10001501: Connection obtained from JdbcConnectionAccess [org.hibernate.engine.jdbc.env.internal.JdbcEnvironmentInitiator$ConnectionProviderJdbcConnectionAccess@6843fdc4] for (non-JTA) DDL execution was not in auto-commit mode; the Connection 'local transaction' will be committed and the Connection will be set into auto-commit mode.
INFO  [2020-06-27 18:17:49,020] org.hibernate.tool.schema.internal.SchemaCreatorImpl: HHH000476: Executing import script 'org.hibernate.tool.schema.internal.exec.ScriptSourceInputNonExistentImpl@673a9db4'
INFO  [2020-06-27 18:17:49,025] org.hibernate.engine.internal.StatisticalLoggingSessionEventListener: Session Metrics {
    6046 nanoseconds spent acquiring 1 JDBC connections;
    20735 nanoseconds spent releasing 1 JDBC connections;
    0 nanoseconds spent preparing 0 JDBC statements;
    0 nanoseconds spent executing 0 JDBC statements;
    0 nanoseconds spent executing 0 JDBC batches;
    0 nanoseconds spent performing 0 L2C puts;
    0 nanoseconds spent performing 0 L2C hits;
    0 nanoseconds spent performing 0 L2C misses;
    0 nanoseconds spent executing 0 flushes (flushing a total of 0 entities and 0 collections);
    0 nanoseconds spent executing 0 partial-flushes (flushing a total of 0 entities and 0 collections)
}
WARN  [2020-06-27 18:17:49,040] org.hibernate.orm.connections.pooling: HHH10001002: Using Hibernate built-in connection pool (not for production use!)
INFO  [2020-06-27 18:17:49,040] org.hibernate.orm.connections.pooling: HHH10001005: using driver [org.h2.Driver] at URL [jdbc:h2:mem:ccac4037-319e-470f-b64b-bcd3d265e701]
INFO  [2020-06-27 18:17:49,040] org.hibernate.orm.connections.pooling: HHH10001001: Connection properties: {user=sa, password=}
INFO  [2020-06-27 18:17:49,041] org.hibernate.orm.connections.pooling: HHH10001003: Autocommit mode: false
INFO  [2020-06-27 18:17:49,041] org.hibernate.engine.jdbc.connections.internal.DriverManagerConnectionProviderImpl: HHH000115: Hibernate connection pool size: 20 (min=1)
INFO  [2020-06-27 18:17:49,056] org.hibernate.dialect.Dialect: HHH000400: Using dialect: org.hibernate.dialect.H2Dialect
INFO  [2020-06-27 18:17:49,115] org.hibernate.orm.connections.access: HHH10001501: Connection obtained from JdbcConnectionAccess [org.hibernate.engine.jdbc.env.internal.JdbcEnvironmentInitiator$ConnectionProviderJdbcConnectionAccess@1e6bd367] for (non-JTA) DDL execution was not in auto-commit mode; the Connection 'local transaction' will be committed and the Connection will be set into auto-commit mode.
INFO  [2020-06-27 18:17:49,117] org.hibernate.orm.connections.access: HHH10001501: Connection obtained from JdbcConnectionAccess [org.hibernate.engine.jdbc.env.internal.JdbcEnvironmentInitiator$ConnectionProviderJdbcConnectionAccess@2bd7f686] for (non-JTA) DDL execution was not in auto-commit mode; the Connection 'local transaction' will be committed and the Connection will be set into auto-commit mode.
INFO  [2020-06-27 18:17:49,121] org.hibernate.tool.schema.internal.SchemaCreatorImpl: HHH000476: Executing import script 'org.hibernate.tool.schema.internal.exec.ScriptSourceInputNonExistentImpl@673a9db4'
INFO  [2020-06-27 18:17:49,122] org.hibernate.engine.internal.StatisticalLoggingSessionEventListener: Session Metrics {
    0 nanoseconds spent acquiring 0 JDBC connections;
    0 nanoseconds spent releasing 0 JDBC connections;
    0 nanoseconds spent preparing 0 JDBC statements;
    0 nanoseconds spent executing 0 JDBC statements;
    0 nanoseconds spent executing 0 JDBC batches;
    0 nanoseconds spent performing 0 L2C puts;
    0 nanoseconds spent performing 0 L2C hits;
    0 nanoseconds spent performing 0 L2C misses;
    0 nanoseconds spent executing 0 flushes (flushing a total of 0 entities and 0 collections);
    0 nanoseconds spent executing 0 partial-flushes (flushing a total of 0 entities and 0 collections)
}
WARN  [2020-06-27 18:17:49,128] org.hibernate.orm.connections.pooling: HHH10001002: Using Hibernate built-in connection pool (not for production use!)
INFO  [2020-06-27 18:17:49,128] org.hibernate.orm.connections.pooling: HHH10001005: using driver [org.h2.Driver] at URL [jdbc:h2:mem:88581f53-8e7c-4f1f-ae26-477f9703fb76]
INFO  [2020-06-27 18:17:49,129] org.hibernate.orm.connections.pooling: HHH10001001: Connection properties: {user=sa, password=}
INFO  [2020-06-27 18:17:49,129] org.hibernate.orm.connections.pooling: HHH10001003: Autocommit mode: false
INFO  [2020-06-27 18:17:49,129] org.hibernate.engine.jdbc.connections.internal.DriverManagerConnectionProviderImpl: HHH000115: Hibernate connection pool size: 20 (min=1)
INFO  [2020-06-27 18:17:49,145] org.hibernate.dialect.Dialect: HHH000400: Using dialect: org.hibernate.dialect.H2Dialect
INFO  [2020-06-27 18:17:49,182] org.hibernate.orm.connections.access: HHH10001501: Connection obtained from JdbcConnectionAccess [org.hibernate.engine.jdbc.env.internal.JdbcEnvironmentInitiator$ConnectionProviderJdbcConnectionAccess@dbca149] for (non-JTA) DDL execution was not in auto-commit mode; the Connection 'local transaction' will be committed and the Connection will be set into auto-commit mode.
INFO  [2020-06-27 18:17:49,182] org.hibernate.orm.connections.access: HHH10001501: Connection obtained from JdbcConnectionAccess [org.hibernate.engine.jdbc.env.internal.JdbcEnvironmentInitiator$ConnectionProviderJdbcConnectionAccess@68550d86] for (non-JTA) DDL execution was not in auto-commit mode; the Connection 'local transaction' will be committed and the Connection will be set into auto-commit mode.
INFO  [2020-06-27 18:17:49,184] org.hibernate.tool.schema.internal.SchemaCreatorImpl: HHH000476: Executing import script 'org.hibernate.tool.schema.internal.exec.ScriptSourceInputNonExistentImpl@673a9db4'
INFO  [2020-06-27 18:17:49,195] org.hibernate.engine.internal.StatisticalLoggingSessionEventListener: Session Metrics {
    6266 nanoseconds spent acquiring 1 JDBC connections;
    20641 nanoseconds spent releasing 1 JDBC connections;
    69215 nanoseconds spent preparing 1 JDBC statements;
    239046 nanoseconds spent executing 1 JDBC statements;
    0 nanoseconds spent executing 0 JDBC batches;
    0 nanoseconds spent performing 0 L2C puts;
    0 nanoseconds spent performing 0 L2C hits;
    0 nanoseconds spent performing 0 L2C misses;
    153584 nanoseconds spent executing 1 flushes (flushing a total of 1 entities and 0 collections);
    0 nanoseconds spent executing 0 partial-flushes (flushing a total of 0 entities and 0 collections)
}
Tests run: 5, Failures: 0, Errors: 0, Skipped: 0, Time elapsed: 2.137 sec - in io.dropwizard.testing.junit.DAOTestRuleTest
Running io.dropwizard.testing.junit.DropwizardAppRuleWithoutConfigTest
INFO  [2020-06-27 16:17:49,588] io.dropwizard.server.DefaultServerFactory: Registering jersey handler with root path prefix: /
INFO  [2020-06-27 16:17:49,589] io.dropwizard.server.DefaultServerFactory: Registering admin handler with root path prefix: /
INFO  [2020-06-27 16:17:49,589] io.dropwizard.server.ServerFactory: Starting TestApplication
INFO  [2020-06-27 16:17:49,694] org.eclipse.jetty.setuid.SetUIDListener: Opened application@fd5c7f6{HTTP/1.1,[http/1.1]}{0.0.0.0:37545}
INFO  [2020-06-27 16:17:49,694] org.eclipse.jetty.setuid.SetUIDListener: Opened admin@3724ab90{HTTP/1.1,[http/1.1]}{0.0.0.0:34807}
INFO  [2020-06-27 16:17:49,694] org.eclipse.jetty.server.Server: jetty-9.4.7.v20170914
INFO  [2020-06-27 16:17:49,815] io.dropwizard.jersey.DropwizardResourceConfig: The following paths were found for the configured resources:

    GET     /test (io.dropwizard.testing.junit.DropwizardAppRuleWithoutConfigTest.TestResource)

INFO  [2020-06-27 16:17:49,816] org.eclipse.jetty.server.handler.ContextHandler: Started i.d.j.MutableServletContextHandler@2370c90{/,null,AVAILABLE}
INFO  [2020-06-27 16:17:49,817] io.dropwizard.setup.AdminEnvironment: tasks = 

    POST    /tasks/log-level (io.dropwizard.servlets.tasks.LogConfigurationTask)
    POST    /tasks/gc (io.dropwizard.servlets.tasks.GarbageCollectionTask)

WARN  [2020-06-27 16:17:49,817] io.dropwizard.setup.AdminEnvironment: 
!!!!!!!!!!!!!!!!!!!!!!!!!!!!!!!!!!!!!!!!!!!!!!!!!!!!!!!!!!!!!!!!!!!!!!!!!!!!!!!!
!!!!!!!!!!!!!!!!!!!!!!!!!!!!!!!!!!!!!!!!!!!!!!!!!!!!!!!!!!!!!!!!!!!!!!!!!!!!!!!!
!    THIS APPLICATION HAS NO HEALTHCHECKS. THIS MEANS YOU WILL NEVER KNOW      !
!     IF IT DIES IN PRODUCTION, WHICH MEANS YOU WILL NEVER KNOW IF YOU'RE      !
!    LETTING YOUR USERS DOWN. YOU SHOULD ADD A HEALTHCHECK FOR EACH OF YOUR    !
!         APPLICATION'S DEPENDENCIES WHICH FULLY (BUT LIGHTLY) TESTS IT.       !
!!!!!!!!!!!!!!!!!!!!!!!!!!!!!!!!!!!!!!!!!!!!!!!!!!!!!!!!!!!!!!!!!!!!!!!!!!!!!!!!
!!!!!!!!!!!!!!!!!!!!!!!!!!!!!!!!!!!!!!!!!!!!!!!!!!!!!!!!!!!!!!!!!!!!!!!!!!!!!!!!
INFO  [2020-06-27 16:17:49,818] org.eclipse.jetty.server.handler.ContextHandler: Started i.d.j.MutableServletContextHandler@644c3590{/,null,AVAILABLE}
INFO  [2020-06-27 16:17:49,819] org.eclipse.jetty.server.AbstractConnector: Started application@fd5c7f6{HTTP/1.1,[http/1.1]}{0.0.0.0:37545}
INFO  [2020-06-27 16:17:49,873] org.eclipse.jetty.server.AbstractConnector: Started admin@3724ab90{HTTP/1.1,[http/1.1]}{0.0.0.0:34807}
INFO  [2020-06-27 16:17:49,874] org.eclipse.jetty.server.Server: Started @10079ms
127.0.0.1 - - [27/Jun/2020:16:17:49 +0000] "GET /test HTTP/1.1" 200 18 "-" "Jersey/2.25.1 (HttpUrlConnection 1.8.0_202)" 49
INFO  [2020-06-27 16:17:49,981] org.eclipse.jetty.server.AbstractConnector: Stopped application@fd5c7f6{HTTP/1.1,[http/1.1]}{0.0.0.0:0}
INFO  [2020-06-27 16:17:49,982] org.eclipse.jetty.server.AbstractConnector: Stopped admin@3724ab90{HTTP/1.1,[http/1.1]}{0.0.0.0:0}
INFO  [2020-06-27 16:17:49,983] org.eclipse.jetty.server.handler.ContextHandler: Stopped i.d.j.MutableServletContextHandler@644c3590{/,null,UNAVAILABLE}
INFO  [2020-06-27 16:17:49,984] org.eclipse.jetty.server.handler.ContextHandler: Stopped i.d.j.MutableServletContextHandler@2370c90{/,null,UNAVAILABLE}
Tests run: 1, Failures: 0, Errors: 0, Skipped: 0, Time elapsed: 0.748 sec - in io.dropwizard.testing.junit.DropwizardAppRuleWithoutConfigTest
Running io.dropwizard.testing.junit.DropwizardAppRuleWithExplicitTest
INFO  [2020-06-27 16:17:50,034] io.dropwizard.server.DefaultServerFactory: Registering jersey handler with root path prefix: /
INFO  [2020-06-27 16:17:50,034] io.dropwizard.server.DefaultServerFactory: Registering admin handler with root path prefix: /
INFO  [2020-06-27 16:17:50,035] io.dropwizard.server.ServerFactory: Starting TestApplication
INFO  [2020-06-27 16:17:50,090] org.eclipse.jetty.setuid.SetUIDListener: Opened application@4b3e4253{HTTP/1.1,[http/1.1]}{0.0.0.0:34263}
INFO  [2020-06-27 16:17:50,090] org.eclipse.jetty.setuid.SetUIDListener: Opened admin@13b5598b{HTTP/1.1,[http/1.1]}{0.0.0.0:40915}
INFO  [2020-06-27 16:17:50,090] org.eclipse.jetty.server.Server: jetty-9.4.7.v20170914
INFO  [2020-06-27 16:17:50,171] io.dropwizard.jersey.DropwizardResourceConfig: The following paths were found for the configured resources:

    GET     /test (io.dropwizard.testing.junit.DropwizardAppRuleWithExplicitTest.TestResource)

INFO  [2020-06-27 16:17:50,180] org.eclipse.jetty.server.handler.ContextHandler: Started i.d.j.MutableServletContextHandler@47f4dc8d{/,null,AVAILABLE}
INFO  [2020-06-27 16:17:50,181] io.dropwizard.setup.AdminEnvironment: tasks = 

    POST    /tasks/log-level (io.dropwizard.servlets.tasks.LogConfigurationTask)
    POST    /tasks/gc (io.dropwizard.servlets.tasks.GarbageCollectionTask)

WARN  [2020-06-27 16:17:50,182] io.dropwizard.setup.AdminEnvironment: 
!!!!!!!!!!!!!!!!!!!!!!!!!!!!!!!!!!!!!!!!!!!!!!!!!!!!!!!!!!!!!!!!!!!!!!!!!!!!!!!!
!!!!!!!!!!!!!!!!!!!!!!!!!!!!!!!!!!!!!!!!!!!!!!!!!!!!!!!!!!!!!!!!!!!!!!!!!!!!!!!!
!    THIS APPLICATION HAS NO HEALTHCHECKS. THIS MEANS YOU WILL NEVER KNOW      !
!     IF IT DIES IN PRODUCTION, WHICH MEANS YOU WILL NEVER KNOW IF YOU'RE      !
!    LETTING YOUR USERS DOWN. YOU SHOULD ADD A HEALTHCHECK FOR EACH OF YOUR    !
!         APPLICATION'S DEPENDENCIES WHICH FULLY (BUT LIGHTLY) TESTS IT.       !
!!!!!!!!!!!!!!!!!!!!!!!!!!!!!!!!!!!!!!!!!!!!!!!!!!!!!!!!!!!!!!!!!!!!!!!!!!!!!!!!
!!!!!!!!!!!!!!!!!!!!!!!!!!!!!!!!!!!!!!!!!!!!!!!!!!!!!!!!!!!!!!!!!!!!!!!!!!!!!!!!
INFO  [2020-06-27 16:17:50,182] org.eclipse.jetty.server.handler.ContextHandler: Started i.d.j.MutableServletContextHandler@738153d8{/,null,AVAILABLE}
INFO  [2020-06-27 16:17:50,183] org.eclipse.jetty.server.AbstractConnector: Started application@4b3e4253{HTTP/1.1,[http/1.1]}{0.0.0.0:34263}
INFO  [2020-06-27 16:17:50,184] org.eclipse.jetty.server.AbstractConnector: Started admin@13b5598b{HTTP/1.1,[http/1.1]}{0.0.0.0:40915}
INFO  [2020-06-27 16:17:50,184] org.eclipse.jetty.server.Server: Started @10390ms
127.0.0.1 - - [27/Jun/2020:16:17:50 +0000] "GET /test HTTP/1.1" 200 20 "-" "Jersey/2.25.1 (HttpUrlConnection 1.8.0_202)" 13
INFO  [2020-06-27 16:17:50,263] org.eclipse.jetty.server.AbstractConnector: Stopped application@4b3e4253{HTTP/1.1,[http/1.1]}{0.0.0.0:0}
INFO  [2020-06-27 16:17:50,264] org.eclipse.jetty.server.AbstractConnector: Stopped admin@13b5598b{HTTP/1.1,[http/1.1]}{0.0.0.0:0}
INFO  [2020-06-27 16:17:50,264] org.eclipse.jetty.server.handler.ContextHandler: Stopped i.d.j.MutableServletContextHandler@738153d8{/,null,UNAVAILABLE}
INFO  [2020-06-27 16:17:50,267] org.eclipse.jetty.server.handler.ContextHandler: Stopped i.d.j.MutableServletContextHandler@47f4dc8d{/,null,UNAVAILABLE}
Tests run: 2, Failures: 0, Errors: 0, Skipped: 0, Time elapsed: 0.275 sec - in io.dropwizard.testing.junit.DropwizardAppRuleWithExplicitTest
Running io.dropwizard.testing.junit.DropwizardAppRuleReentrantTest
Tests run: 1, Failures: 0, Errors: 0, Skipped: 0, Time elapsed: 0.317 sec - in io.dropwizard.testing.junit.DropwizardAppRuleReentrantTest
Running io.dropwizard.testing.junit.DropwizardAppRuleConfigOverrideTest
Tests run: 2, Failures: 0, Errors: 0, Skipped: 0, Time elapsed: 0.389 sec - in io.dropwizard.testing.junit.DropwizardAppRuleConfigOverrideTest
Running io.dropwizard.testing.junit.DropwizardAppRuleTest
Tests run: 6, Failures: 0, Errors: 0, Skipped: 0, Time elapsed: 0.469 sec - in io.dropwizard.testing.junit.DropwizardAppRuleTest
Running io.dropwizard.testing.junit.DAOTestRuleConfigTest
WARN  [2020-06-27 18:17:51,514] org.hibernate.orm.connections.pooling: HHH10001002: Using Hibernate built-in connection pool (not for production use!)
INFO  [2020-06-27 18:17:51,530] org.hibernate.orm.connections.pooling: HHH10001005: using driver [org.h2.Driver] at URL [jdbc:h2:mem:rule-config-test]
INFO  [2020-06-27 18:17:51,530] org.hibernate.orm.connections.pooling: HHH10001001: Connection properties: {user=username, password=}
INFO  [2020-06-27 18:17:51,530] org.hibernate.orm.connections.pooling: HHH10001003: Autocommit mode: false
INFO  [2020-06-27 18:17:51,530] org.hibernate.engine.jdbc.connections.internal.DriverManagerConnectionProviderImpl: HHH000115: Hibernate connection pool size: 20 (min=1)
INFO  [2020-06-27 18:17:51,531] org.hibernate.dialect.Dialect: HHH000400: Using dialect: org.hibernate.dialect.H2Dialect
Hibernate: 
    
    drop table test_entities if exists
INFO  [2020-06-27 18:17:51,569] org.hibernate.orm.connections.access: HHH10001501: Connection obtained from JdbcConnectionAccess [org.hibernate.engine.jdbc.env.internal.JdbcEnvironmentInitiator$ConnectionProviderJdbcConnectionAccess@76b49d0] for (non-JTA) DDL execution was not in auto-commit mode; the Connection 'local transaction' will be committed and the Connection will be set into auto-commit mode.
Hibernate: 
    
    create table test_entities (
       id bigint generated by default as identity,
        desc varchar(255) not null,
        primary key (id)
    )
INFO  [2020-06-27 18:17:51,570] org.hibernate.orm.connections.access: HHH10001501: Connection obtained from JdbcConnectionAccess [org.hibernate.engine.jdbc.env.internal.JdbcEnvironmentInitiator$ConnectionProviderJdbcConnectionAccess@223c42b0] for (non-JTA) DDL execution was not in auto-commit mode; the Connection 'local transaction' will be committed and the Connection will be set into auto-commit mode.
INFO  [2020-06-27 18:17:51,574] org.hibernate.tool.schema.internal.SchemaCreatorImpl: HHH000476: Executing import script 'org.hibernate.tool.schema.internal.exec.ScriptSourceInputNonExistentImpl@673a9db4'
Hibernate: 
    /* insert io.dropwizard.testing.junit.TestEntity
        */ insert 
        into
            test_entities
            (id, desc) 
        values
            (null, ?)
INFO  [2020-06-27 18:17:51,580] org.hibernate.engine.internal.StatisticalLoggingSessionEventListener: Session Metrics {
    6655 nanoseconds spent acquiring 1 JDBC connections;
    0 nanoseconds spent releasing 0 JDBC connections;
    88338 nanoseconds spent preparing 1 JDBC statements;
    322604 nanoseconds spent executing 1 JDBC statements;
    0 nanoseconds spent executing 0 JDBC batches;
    0 nanoseconds spent performing 0 L2C puts;
    0 nanoseconds spent performing 0 L2C hits;
    0 nanoseconds spent performing 0 L2C misses;
    0 nanoseconds spent executing 0 flushes (flushing a total of 0 entities and 0 collections);
    0 nanoseconds spent executing 0 partial-flushes (flushing a total of 0 entities and 0 collections)
}
Tests run: 1, Failures: 0, Errors: 0, Skipped: 0, Time elapsed: 0.081 sec - in io.dropwizard.testing.junit.DAOTestRuleConfigTest
Running io.dropwizard.testing.junit.DropwizardAppRuleResetConfigOverrideTest
Tests run: 1, Failures: 0, Errors: 0, Skipped: 0, Time elapsed: 0.621 sec - in io.dropwizard.testing.junit.DropwizardAppRuleResetConfigOverrideTest
Running io.dropwizard.testing.junit.DropwizardClientRuleTest
INFO  [2020-06-27 16:17:52,418] io.dropwizard.server.DefaultServerFactory: Registering jersey handler with root path prefix: /
INFO  [2020-06-27 16:17:52,418] io.dropwizard.server.DefaultServerFactory: Registering admin handler with root path prefix: /
INFO  [2020-06-27 16:17:52,419] io.dropwizard.server.SimpleServerFactory: Registering jersey handler with root path prefix: /application
INFO  [2020-06-27 16:17:52,419] io.dropwizard.server.SimpleServerFactory: Registering admin handler with root path prefix: /admin
INFO  [2020-06-27 16:17:52,419] io.dropwizard.server.ServerFactory: Starting FakeApplication
INFO  [2020-06-27 16:17:52,478] org.eclipse.jetty.setuid.SetUIDListener: Opened FakeApplication@7a792f64{HTTP/1.1,[http/1.1]}{0.0.0.0:38065}
INFO  [2020-06-27 16:17:52,478] org.eclipse.jetty.server.Server: jetty-9.4.7.v20170914
INFO  [2020-06-27 16:17:52,548] io.dropwizard.jersey.DropwizardResourceConfig: The following paths were found for the configured resources:

    GET     /test (io.dropwizard.testing.junit.TestResource)

INFO  [2020-06-27 16:17:52,549] org.eclipse.jetty.server.handler.ContextHandler: Started i.d.j.MutableServletContextHandler@648be86e{/application,null,AVAILABLE}
INFO  [2020-06-27 16:17:52,552] io.dropwizard.setup.AdminEnvironment: tasks = 

    POST    /tasks/log-level (io.dropwizard.servlets.tasks.LogConfigurationTask)
    POST    /tasks/gc (io.dropwizard.servlets.tasks.GarbageCollectionTask)

INFO  [2020-06-27 16:17:52,553] org.eclipse.jetty.server.handler.ContextHandler: Started i.d.j.MutableServletContextHandler@66a1fe88{/admin,null,AVAILABLE}
INFO  [2020-06-27 16:17:52,554] org.eclipse.jetty.server.AbstractConnector: Started FakeApplication@7a792f64{HTTP/1.1,[http/1.1]}{0.0.0.0:38065}
INFO  [2020-06-27 16:17:52,554] org.eclipse.jetty.server.Server: Started @12760ms
INFO  [2020-06-27 16:17:52,726] io.dropwizard.server.DefaultServerFactory: Registering jersey handler with root path prefix: /
INFO  [2020-06-27 16:17:52,726] io.dropwizard.server.DefaultServerFactory: Registering admin handler with root path prefix: /
INFO  [2020-06-27 16:17:52,726] io.dropwizard.server.SimpleServerFactory: Registering jersey handler with root path prefix: /application
INFO  [2020-06-27 16:17:52,727] io.dropwizard.server.SimpleServerFactory: Registering admin handler with root path prefix: /admin
INFO  [2020-06-27 16:17:52,727] io.dropwizard.server.ServerFactory: Starting FakeApplication
INFO  [2020-06-27 16:17:52,778] org.eclipse.jetty.setuid.SetUIDListener: Opened FakeApplication@61c53e05{HTTP/1.1,[http/1.1]}{0.0.0.0:42997}
INFO  [2020-06-27 16:17:52,778] org.eclipse.jetty.server.Server: jetty-9.4.7.v20170914
INFO  [2020-06-27 16:17:52,885] io.dropwizard.jersey.DropwizardResourceConfig: The following paths were found for the configured resources:

    GET     /test (io.dropwizard.testing.junit.TestResource)

INFO  [2020-06-27 16:17:52,886] org.eclipse.jetty.server.handler.ContextHandler: Started i.d.j.MutableServletContextHandler@7c4f721e{/application,null,AVAILABLE}
INFO  [2020-06-27 16:17:52,888] io.dropwizard.setup.AdminEnvironment: tasks = 

    POST    /tasks/log-level (io.dropwizard.servlets.tasks.LogConfigurationTask)
    POST    /tasks/gc (io.dropwizard.servlets.tasks.GarbageCollectionTask)

INFO  [2020-06-27 16:17:52,889] org.eclipse.jetty.server.handler.ContextHandler: Started i.d.j.MutableServletContextHandler@79832158{/admin,null,AVAILABLE}
INFO  [2020-06-27 16:17:52,891] org.eclipse.jetty.server.AbstractConnector: Started FakeApplication@61c53e05{HTTP/1.1,[http/1.1]}{0.0.0.0:42997}
INFO  [2020-06-27 16:17:52,891] org.eclipse.jetty.server.Server: Started @13097ms
127.0.0.1 - - [27/Jun/2020:16:17:52 +0000] "GET /application/test HTTP/1.1" 200 3 "-" "Java/1.8.0_202" 4
127.0.0.1 - - [27/Jun/2020:16:17:52 +0000] "GET /application/test HTTP/1.1" 200 15 "-" "Java/1.8.0_202" 11
INFO  [2020-06-27 16:17:52,967] org.eclipse.jetty.server.AbstractConnector: Stopped FakeApplication@61c53e05{HTTP/1.1,[http/1.1]}{0.0.0.0:0}
INFO  [2020-06-27 16:17:52,967] org.eclipse.jetty.server.handler.ContextHandler: Stopped i.d.j.MutableServletContextHandler@79832158{/admin,null,UNAVAILABLE}
INFO  [2020-06-27 16:17:52,969] org.eclipse.jetty.server.handler.ContextHandler: Stopped i.d.j.MutableServletContextHandler@7c4f721e{/application,null,UNAVAILABLE}
INFO  [2020-06-27 18:17:52,986] org.eclipse.jetty.server.AbstractConnector: Stopped FakeApplication@7a792f64{HTTP/1.1,[http/1.1]}{0.0.0.0:0}
INFO  [2020-06-27 18:17:52,986] org.eclipse.jetty.server.handler.ContextHandler: Stopped i.d.j.MutableServletContextHandler@66a1fe88{/admin,null,UNAVAILABLE}
INFO  [2020-06-27 18:17:52,987] org.eclipse.jetty.server.handler.ContextHandler: Stopped i.d.j.MutableServletContextHandler@648be86e{/application,null,UNAVAILABLE}
Tests run: 2, Failures: 0, Errors: 0, Skipped: 0, Time elapsed: 0.763 sec - in io.dropwizard.testing.junit.DropwizardClientRuleTest
Running io.dropwizard.testing.DropwizardTestSupportTest
Tests run: 6, Failures: 0, Errors: 0, Skipped: 0, Time elapsed: 0.41 sec - in io.dropwizard.testing.DropwizardTestSupportTest

Results :

Tests run: 43, Failures: 0, Errors: 0, Skipped: 0

[INFO]                                                                         
[INFO] ------------------------------------------------------------------------
[INFO] Building Dropwizard HTTP Client 1.2.0-rc7-SNAPSHOT
[INFO] ------------------------------------------------------------------------
[INFO] 
[INFO] --- maven-enforcer-plugin:1.4.1:enforce (enforce) @ dropwizard-client ---
[INFO] Skipping Rule Enforcement.
[INFO] 
[INFO] --- maven-resources-plugin:3.0.1:resources (default-resources) @ dropwizard-client ---
[INFO] Using 'UTF-8' encoding to copy filtered resources.
[INFO] skip non existing resourceDirectory /pfs/proj/nobackup/fs/projnb01/snic2020-10-10/dginelli/repairnator-workspace/repairnator-repairnator-experiments-dropwizard-dropwizard-279515036-20170925-155015_bugonly-firstCommit/dropwizard-client/src/main/resources
[INFO] 
[INFO] --- maven-compiler-plugin:3.6.0:compile (default-compile) @ dropwizard-client ---
[INFO] Nothing to compile - all classes are up to date
[INFO] 
[INFO] --- maven-resources-plugin:3.0.1:testResources (default-testResources) @ dropwizard-client ---
[INFO] Using 'UTF-8' encoding to copy filtered resources.
[INFO] Copying 25 resources
[INFO] 
[INFO] --- maven-compiler-plugin:3.6.0:testCompile (default-testCompile) @ dropwizard-client ---
[INFO] Nothing to compile - all classes are up to date
[INFO] 
[INFO] --- maven-surefire-plugin:2.19.1:test (default-test) @ dropwizard-client ---
[INFO] Surefire report directory: /pfs/proj/nobackup/fs/projnb01/snic2020-10-10/dginelli/repairnator-workspace/repairnator-repairnator-experiments-dropwizard-dropwizard-279515036-20170925-155015_bugonly-firstCommit/dropwizard-client/target/surefire-reports

-------------------------------------------------------
 T E S T S
-------------------------------------------------------
Running io.dropwizard.client.JerseyClientBuilderTest
Tests run: 20, Failures: 0, Errors: 0, Skipped: 0, Time elapsed: 3.933 sec - in io.dropwizard.client.JerseyClientBuilderTest
Running io.dropwizard.client.DropwizardApacheConnectorTest
INFO  [2020-06-27 16:18:00,533] io.dropwizard.server.DefaultServerFactory: Registering jersey handler with root path prefix: /
INFO  [2020-06-27 16:18:00,539] io.dropwizard.server.DefaultServerFactory: Registering admin handler with root path prefix: /
INFO  [2020-06-27 16:18:00,563] io.dropwizard.server.ServerFactory: Starting TestApplication
INFO  [2020-06-27 16:18:00,841] org.eclipse.jetty.setuid.SetUIDListener: Opened application@22d477c2{HTTP/1.1,[http/1.1]}{0.0.0.0:41219}
INFO  [2020-06-27 16:18:00,842] org.eclipse.jetty.setuid.SetUIDListener: Opened admin@5e85c21b{HTTP/1.1,[http/1.1]}{0.0.0.0:34077}
INFO  [2020-06-27 16:18:00,844] org.eclipse.jetty.server.Server: jetty-9.4.7.v20170914
INFO  [2020-06-27 16:18:01,893] io.dropwizard.jersey.DropwizardResourceConfig: The following paths were found for the configured resources:

    GET     /long_running (io.dropwizard.client.DropwizardApacheConnectorTest.TestResource)
    GET     /redirect (io.dropwizard.client.DropwizardApacheConnectorTest.TestResource)
    GET     /redirected (io.dropwizard.client.DropwizardApacheConnectorTest.TestResource)

INFO  [2020-06-27 16:18:01,896] org.eclipse.jetty.server.handler.ContextHandler: Started i.d.j.MutableServletContextHandler@58b97c15{/,null,AVAILABLE}
INFO  [2020-06-27 16:18:01,898] io.dropwizard.setup.AdminEnvironment: tasks = 

    POST    /tasks/log-level (io.dropwizard.servlets.tasks.LogConfigurationTask)
    POST    /tasks/gc (io.dropwizard.servlets.tasks.GarbageCollectionTask)

INFO  [2020-06-27 16:18:01,904] org.eclipse.jetty.server.handler.ContextHandler: Started i.d.j.MutableServletContextHandler@6d8b7ea9{/,null,AVAILABLE}
INFO  [2020-06-27 16:18:01,913] org.eclipse.jetty.server.AbstractConnector: Started application@22d477c2{HTTP/1.1,[http/1.1]}{0.0.0.0:41219}
INFO  [2020-06-27 16:18:01,915] org.eclipse.jetty.server.AbstractConnector: Started admin@5e85c21b{HTTP/1.1,[http/1.1]}{0.0.0.0:34077}
INFO  [2020-06-27 16:18:01,915] org.eclipse.jetty.server.Server: Started @7437ms
127.0.0.1 - - [27/Jun/2020:16:18:03 +0000] "GET /long_running HTTP/1.1" 200 7 "-" "test-dropwizard-apache-connector (test)" 1100
127.0.0.1 - - [27/Jun/2020:16:18:03 +0000] "GET /long_running HTTP/1.1" 200 7 "-" "test-dropwizard-apache-connector (test)" 1002
127.0.0.1 - - [27/Jun/2020:16:18:04 +0000] "GET /redirect HTTP/1.1" 307 0 "-" "test-dropwizard-apache-connector (test)" 2
127.0.0.1 - - [27/Jun/2020:16:18:04 +0000] "GET /redirected HTTP/1.1" 200 10 "-" "test-dropwizard-apache-connector (test)" 1
127.0.0.1 - - [27/Jun/2020:16:18:05 +0000] "GET /long_running HTTP/1.1" 200 7 "-" "test-dropwizard-apache-connector (test)" 1001
127.0.0.1 - - [27/Jun/2020:16:18:06 +0000] "GET /long_running HTTP/1.1" 200 7 "-" "test-dropwizard-apache-connector (test)" 1001
127.0.0.1 - - [27/Jun/2020:16:18:07 +0000] "GET /long_running HTTP/1.1" 200 7 "-" "test-dropwizard-apache-connector (test)" 1002
127.0.0.1 - - [27/Jun/2020:16:18:08 +0000] "GET /long_running HTTP/1.1" 200 7 "-" "test-dropwizard-apache-connector (test)" 1001
127.0.0.1 - - [27/Jun/2020:16:18:09 +0000] "GET /long_running HTTP/1.1" 200 7 "-" "test-dropwizard-apache-connector (test)" 1002
127.0.0.1 - - [27/Jun/2020:16:18:09 +0000] "GET /redirect HTTP/1.1" 307 0 "-" "test-dropwizard-apache-connector (test)" 1
INFO  [2020-06-27 16:18:09,941] org.eclipse.jetty.server.AbstractConnector: Stopped application@22d477c2{HTTP/1.1,[http/1.1]}{0.0.0.0:0}
INFO  [2020-06-27 16:18:09,942] org.eclipse.jetty.server.AbstractConnector: Stopped admin@5e85c21b{HTTP/1.1,[http/1.1]}{0.0.0.0:0}
INFO  [2020-06-27 16:18:09,943] org.eclipse.jetty.server.handler.ContextHandler: Stopped i.d.j.MutableServletContextHandler@6d8b7ea9{/,null,UNAVAILABLE}
INFO  [2020-06-27 16:18:09,946] org.eclipse.jetty.server.handler.ContextHandler: Stopped i.d.j.MutableServletContextHandler@58b97c15{/,null,UNAVAILABLE}
Tests run: 7, Failures: 0, Errors: 0, Skipped: 1, Time elapsed: 10.89 sec - in io.dropwizard.client.DropwizardApacheConnectorTest
Running io.dropwizard.client.proxy.HttpClientConfigurationTest
Tests run: 14, Failures: 0, Errors: 0, Skipped: 0, Time elapsed: 0.987 sec - in io.dropwizard.client.proxy.HttpClientConfigurationTest
Running io.dropwizard.client.proxy.NonProxyListProxyRoutePlannerTest
Tests run: 5, Failures: 0, Errors: 0, Skipped: 0, Time elapsed: 0.033 sec - in io.dropwizard.client.proxy.NonProxyListProxyRoutePlannerTest
Running io.dropwizard.client.ConfiguredCloseableHttpClientTest
Tests run: 2, Failures: 0, Errors: 0, Skipped: 0, Time elapsed: 0.08 sec - in io.dropwizard.client.ConfiguredCloseableHttpClientTest
Running io.dropwizard.client.JerseyIgnoreRequestUserAgentHeaderFilterTest
INFO  [2020-06-27 16:18:11,241] io.dropwizard.server.DefaultServerFactory: Registering jersey handler with root path prefix: /
INFO  [2020-06-27 16:18:11,241] io.dropwizard.server.DefaultServerFactory: Registering admin handler with root path prefix: /
INFO  [2020-06-27 16:18:11,247] io.dropwizard.server.ServerFactory: Starting TestApplication
INFO  [2020-06-27 16:18:11,314] org.eclipse.jetty.setuid.SetUIDListener: Opened application@5a919251{HTTP/1.1,[http/1.1]}{0.0.0.0:42651}
INFO  [2020-06-27 16:18:11,314] org.eclipse.jetty.setuid.SetUIDListener: Opened admin@33a0b857{HTTP/1.1,[http/1.1]}{0.0.0.0:42901}
INFO  [2020-06-27 16:18:11,314] org.eclipse.jetty.server.Server: jetty-9.4.7.v20170914
INFO  [2020-06-27 16:18:11,422] io.dropwizard.jersey.DropwizardResourceConfig: The following paths were found for the configured resources:

    GET     /user_agent (io.dropwizard.client.JerseyIgnoreRequestUserAgentHeaderFilterTest.TestResource)

INFO  [2020-06-27 16:18:11,423] org.eclipse.jetty.server.handler.ContextHandler: Started i.d.j.MutableServletContextHandler@71a509c{/,null,AVAILABLE}
INFO  [2020-06-27 16:18:11,425] io.dropwizard.setup.AdminEnvironment: tasks = 

    POST    /tasks/log-level (io.dropwizard.servlets.tasks.LogConfigurationTask)
    POST    /tasks/gc (io.dropwizard.servlets.tasks.GarbageCollectionTask)

WARN  [2020-06-27 16:18:11,425] io.dropwizard.setup.AdminEnvironment: 
!!!!!!!!!!!!!!!!!!!!!!!!!!!!!!!!!!!!!!!!!!!!!!!!!!!!!!!!!!!!!!!!!!!!!!!!!!!!!!!!
!!!!!!!!!!!!!!!!!!!!!!!!!!!!!!!!!!!!!!!!!!!!!!!!!!!!!!!!!!!!!!!!!!!!!!!!!!!!!!!!
!    THIS APPLICATION HAS NO HEALTHCHECKS. THIS MEANS YOU WILL NEVER KNOW      !
!     IF IT DIES IN PRODUCTION, WHICH MEANS YOU WILL NEVER KNOW IF YOU'RE      !
!    LETTING YOUR USERS DOWN. YOU SHOULD ADD A HEALTHCHECK FOR EACH OF YOUR    !
!         APPLICATION'S DEPENDENCIES WHICH FULLY (BUT LIGHTLY) TESTS IT.       !
!!!!!!!!!!!!!!!!!!!!!!!!!!!!!!!!!!!!!!!!!!!!!!!!!!!!!!!!!!!!!!!!!!!!!!!!!!!!!!!!
!!!!!!!!!!!!!!!!!!!!!!!!!!!!!!!!!!!!!!!!!!!!!!!!!!!!!!!!!!!!!!!!!!!!!!!!!!!!!!!!
INFO  [2020-06-27 16:18:11,427] org.eclipse.jetty.server.handler.ContextHandler: Started i.d.j.MutableServletContextHandler@2e94655a{/,null,AVAILABLE}
INFO  [2020-06-27 16:18:11,428] org.eclipse.jetty.server.AbstractConnector: Started application@5a919251{HTTP/1.1,[http/1.1]}{0.0.0.0:42651}
INFO  [2020-06-27 16:18:11,429] org.eclipse.jetty.server.AbstractConnector: Started admin@33a0b857{HTTP/1.1,[http/1.1]}{0.0.0.0:42901}
INFO  [2020-06-27 16:18:11,429] org.eclipse.jetty.server.Server: Started @16950ms
127.0.0.1 - - [27/Jun/2020:16:18:11 +0000] "GET /user_agent HTTP/1.1" 200 27 "-" "RequestUserAgentHeaderValue" 13
127.0.0.1 - - [27/Jun/2020:16:18:11 +0000] "GET /user_agent HTTP/1.1" 200 10 "-" "ClientName" 3
127.0.0.1 - - [27/Jun/2020:16:18:11 +0000] "GET /user_agent HTTP/1.1" 200 26 "-" "ClientUserAgentHeaderValue" 1
127.0.0.1 - - [27/Jun/2020:16:18:11 +0000] "GET /user_agent HTTP/1.1" 200 27 "-" "RequestUserAgentHeaderValue" 2
INFO  [2020-06-27 16:18:11,734] org.eclipse.jetty.server.AbstractConnector: Stopped application@5a919251{HTTP/1.1,[http/1.1]}{0.0.0.0:0}
INFO  [2020-06-27 16:18:11,735] org.eclipse.jetty.server.AbstractConnector: Stopped admin@33a0b857{HTTP/1.1,[http/1.1]}{0.0.0.0:0}
INFO  [2020-06-27 16:18:11,735] org.eclipse.jetty.server.handler.ContextHandler: Stopped i.d.j.MutableServletContextHandler@2e94655a{/,null,UNAVAILABLE}
INFO  [2020-06-27 16:18:11,736] org.eclipse.jetty.server.handler.ContextHandler: Stopped i.d.j.MutableServletContextHandler@71a509c{/,null,UNAVAILABLE}
Tests run: 4, Failures: 0, Errors: 0, Skipped: 0, Time elapsed: 0.654 sec - in io.dropwizard.client.JerseyIgnoreRequestUserAgentHeaderFilterTest
Running io.dropwizard.client.ssl.DropwizardSSLConnectionSocketFactoryTest
INFO  [2020-06-27 16:18:12,014] io.dropwizard.server.DefaultServerFactory: Registering jersey handler with root path prefix: /
INFO  [2020-06-27 16:18:12,014] io.dropwizard.server.DefaultServerFactory: Registering admin handler with root path prefix: /
INFO  [2020-06-27 16:18:12,017] io.dropwizard.server.ServerFactory: Starting TlsTestApplication
INFO  [2020-06-27 16:18:12,082] org.eclipse.jetty.setuid.SetUIDListener: Opened application@21e72fb2{SSL,[ssl, http/1.1]}{0.0.0.0:38355}
INFO  [2020-06-27 16:18:12,082] org.eclipse.jetty.setuid.SetUIDListener: Opened application@219a9b16{SSL,[ssl, http/1.1]}{0.0.0.0:37243}
INFO  [2020-06-27 16:18:12,082] org.eclipse.jetty.setuid.SetUIDListener: Opened application@3744c760{SSL,[ssl, http/1.1]}{0.0.0.0:46027}
INFO  [2020-06-27 16:18:12,082] org.eclipse.jetty.setuid.SetUIDListener: Opened application@7cb4fc46{SSL,[ssl, http/1.1]}{0.0.0.0:45415}
INFO  [2020-06-27 16:18:12,082] org.eclipse.jetty.setuid.SetUIDListener: Opened application@64b6d6dd{SSL,[ssl, http/1.1]}{0.0.0.0:44339}
INFO  [2020-06-27 16:18:12,082] org.eclipse.jetty.setuid.SetUIDListener: Opened admin@1181a376{HTTP/1.1,[http/1.1]}{0.0.0.0:34079}
INFO  [2020-06-27 16:18:12,082] org.eclipse.jetty.server.Server: jetty-9.4.7.v20170914
INFO  [2020-06-27 16:18:12,212] org.eclipse.jetty.util.ssl.SslContextFactory: x509=X509@500341c4(1,h=[],w=[]) for SslContextFactory@3d4b3b94(file:///pfs/proj/nobackup/fs/projnb01/snic2020-10-10/dginelli/repairnator-workspace/repairnator-repairnator-experiments-dropwizard-dropwizard-279515036-20170925-155015_bugonly-firstCommit/dropwizard-client/target/test-classes/stores/server/keycert.p12,null)
INFO  [2020-06-27 16:18:12,235] io.dropwizard.jetty.HttpsConnectorFactory: Supported protocols: [SSLv2Hello, SSLv3, TLSv1, TLSv1.1, TLSv1.2]
INFO  [2020-06-27 16:18:12,235] io.dropwizard.jetty.HttpsConnectorFactory: Supported cipher suites: [TLS_ECDHE_ECDSA_WITH_AES_256_CBC_SHA384, TLS_ECDHE_RSA_WITH_AES_256_CBC_SHA384, TLS_RSA_WITH_AES_256_CBC_SHA256, TLS_ECDH_ECDSA_WITH_AES_256_CBC_SHA384, TLS_ECDH_RSA_WITH_AES_256_CBC_SHA384, TLS_DHE_RSA_WITH_AES_256_CBC_SHA256, TLS_DHE_DSS_WITH_AES_256_CBC_SHA256, TLS_ECDHE_ECDSA_WITH_AES_256_CBC_SHA, TLS_ECDHE_RSA_WITH_AES_256_CBC_SHA, TLS_RSA_WITH_AES_256_CBC_SHA, TLS_ECDH_ECDSA_WITH_AES_256_CBC_SHA, TLS_ECDH_RSA_WITH_AES_256_CBC_SHA, TLS_DHE_RSA_WITH_AES_256_CBC_SHA, TLS_DHE_DSS_WITH_AES_256_CBC_SHA, TLS_ECDHE_ECDSA_WITH_AES_128_CBC_SHA256, TLS_ECDHE_RSA_WITH_AES_128_CBC_SHA256, TLS_RSA_WITH_AES_128_CBC_SHA256, TLS_ECDH_ECDSA_WITH_AES_128_CBC_SHA256, TLS_ECDH_RSA_WITH_AES_128_CBC_SHA256, TLS_DHE_RSA_WITH_AES_128_CBC_SHA256, TLS_DHE_DSS_WITH_AES_128_CBC_SHA256, TLS_ECDHE_ECDSA_WITH_AES_128_CBC_SHA, TLS_ECDHE_RSA_WITH_AES_128_CBC_SHA, TLS_RSA_WITH_AES_128_CBC_SHA, TLS_ECDH_ECDSA_WITH_AES_128_CBC_SHA, TLS_ECDH_RSA_WITH_AES_128_CBC_SHA, TLS_DHE_RSA_WITH_AES_128_CBC_SHA, TLS_DHE_DSS_WITH_AES_128_CBC_SHA, TLS_ECDHE_ECDSA_WITH_AES_256_GCM_SHA384, TLS_ECDHE_ECDSA_WITH_AES_128_GCM_SHA256, TLS_ECDHE_RSA_WITH_AES_256_GCM_SHA384, TLS_RSA_WITH_AES_256_GCM_SHA384, TLS_ECDH_ECDSA_WITH_AES_256_GCM_SHA384, TLS_ECDH_RSA_WITH_AES_256_GCM_SHA384, TLS_DHE_RSA_WITH_AES_256_GCM_SHA384, TLS_DHE_DSS_WITH_AES_256_GCM_SHA384, TLS_ECDHE_RSA_WITH_AES_128_GCM_SHA256, TLS_RSA_WITH_AES_128_GCM_SHA256, TLS_ECDH_ECDSA_WITH_AES_128_GCM_SHA256, TLS_ECDH_RSA_WITH_AES_128_GCM_SHA256, TLS_DHE_RSA_WITH_AES_128_GCM_SHA256, TLS_DHE_DSS_WITH_AES_128_GCM_SHA256]
INFO  [2020-06-27 16:18:12,235] io.dropwizard.jetty.HttpsConnectorFactory: Configured protocols: [TLSv1.2]
INFO  [2020-06-27 16:18:12,246] org.eclipse.jetty.util.ssl.SslContextFactory: x509=X509@252d690(1,h=[],w=[]) for SslContextFactory@614427b2(file:///pfs/proj/nobackup/fs/projnb01/snic2020-10-10/dginelli/repairnator-workspace/repairnator-repairnator-experiments-dropwizard-dropwizard-279515036-20170925-155015_bugonly-firstCommit/dropwizard-client/target/test-classes/stores/server/self_sign_keycert.p12,null)
INFO  [2020-06-27 16:18:12,276] org.eclipse.jetty.util.ssl.SslContextFactory: x509=X509@73f506d7(1,h=[],w=[]) for SslContextFactory@1d957b5a(file:///pfs/proj/nobackup/fs/projnb01/snic2020-10-10/dginelli/repairnator-workspace/repairnator-repairnator-experiments-dropwizard-dropwizard-279515036-20170925-155015_bugonly-firstCommit/dropwizard-client/target/test-classes/stores/server/keycert.p12,file:///pfs/proj/nobackup/fs/projnb01/snic2020-10-10/dginelli/repairnator-workspace/repairnator-repairnator-experiments-dropwizard-dropwizard-279515036-20170925-155015_bugonly-firstCommit/dropwizard-client/target/test-classes/stores/server/ca_truststore.ts)
INFO  [2020-06-27 16:18:12,294] org.eclipse.jetty.util.ssl.SslContextFactory: x509=X509@12c66345(1,h=[],w=[]) for SslContextFactory@24bf95ec(file:///pfs/proj/nobackup/fs/projnb01/snic2020-10-10/dginelli/repairnator-workspace/repairnator-repairnator-experiments-dropwizard-dropwizard-279515036-20170925-155015_bugonly-firstCommit/dropwizard-client/target/test-classes/stores/server/bad_host_keycert.p12,null)
INFO  [2020-06-27 16:18:12,317] org.eclipse.jetty.util.ssl.SslContextFactory: x509=X509@2a71d430(1,h=[],w=[]) for SslContextFactory@b0c4670(file:///pfs/proj/nobackup/fs/projnb01/snic2020-10-10/dginelli/repairnator-workspace/repairnator-repairnator-experiments-dropwizard-dropwizard-279515036-20170925-155015_bugonly-firstCommit/dropwizard-client/target/test-classes/stores/server/keycert.p12,null)
INFO  [2020-06-27 16:18:12,320] org.eclipse.jetty.util.ssl.SslContextFactory: Protocol SSLv1 not supported in [SSLv2Hello, SSLv3, TLSv1, TLSv1.1, TLSv1.2]
INFO  [2020-06-27 16:18:12,320] org.eclipse.jetty.util.ssl.SslContextFactory: Protocol SSLv2 not supported in [SSLv2Hello, SSLv3, TLSv1, TLSv1.1, TLSv1.2]
WARN  [2020-06-27 16:18:12,320] org.eclipse.jetty.util.ssl.SslContextFactory: No selected protocols from [SSLv2Hello, SSLv3, TLSv1, TLSv1.1, TLSv1.2]
INFO  [2020-06-27 16:18:12,431] io.dropwizard.jersey.DropwizardResourceConfig: The following paths were found for the configured resources:

    GET     / (io.dropwizard.client.ssl.DropwizardSSLConnectionSocketFactoryTest.TestResource)

INFO  [2020-06-27 16:18:12,442] org.eclipse.jetty.server.handler.ContextHandler: Started i.d.j.MutableServletContextHandler@3644d305{/,null,AVAILABLE}
INFO  [2020-06-27 16:18:12,443] io.dropwizard.setup.AdminEnvironment: tasks = 

    POST    /tasks/log-level (io.dropwizard.servlets.tasks.LogConfigurationTask)
    POST    /tasks/gc (io.dropwizard.servlets.tasks.GarbageCollectionTask)

WARN  [2020-06-27 16:18:12,444] io.dropwizard.setup.AdminEnvironment: 
!!!!!!!!!!!!!!!!!!!!!!!!!!!!!!!!!!!!!!!!!!!!!!!!!!!!!!!!!!!!!!!!!!!!!!!!!!!!!!!!
!!!!!!!!!!!!!!!!!!!!!!!!!!!!!!!!!!!!!!!!!!!!!!!!!!!!!!!!!!!!!!!!!!!!!!!!!!!!!!!!
!    THIS APPLICATION HAS NO HEALTHCHECKS. THIS MEANS YOU WILL NEVER KNOW      !
!     IF IT DIES IN PRODUCTION, WHICH MEANS YOU WILL NEVER KNOW IF YOU'RE      !
!    LETTING YOUR USERS DOWN. YOU SHOULD ADD A HEALTHCHECK FOR EACH OF YOUR    !
!         APPLICATION'S DEPENDENCIES WHICH FULLY (BUT LIGHTLY) TESTS IT.       !
!!!!!!!!!!!!!!!!!!!!!!!!!!!!!!!!!!!!!!!!!!!!!!!!!!!!!!!!!!!!!!!!!!!!!!!!!!!!!!!!
!!!!!!!!!!!!!!!!!!!!!!!!!!!!!!!!!!!!!!!!!!!!!!!!!!!!!!!!!!!!!!!!!!!!!!!!!!!!!!!!
INFO  [2020-06-27 16:18:12,448] org.eclipse.jetty.server.handler.ContextHandler: Started i.d.j.MutableServletContextHandler@11101f62{/,null,AVAILABLE}
INFO  [2020-06-27 16:18:12,450] org.eclipse.jetty.server.AbstractConnector: Started application@21e72fb2{SSL,[ssl, http/1.1]}{0.0.0.0:38355}
INFO  [2020-06-27 16:18:12,451] org.eclipse.jetty.server.AbstractConnector: Started application@219a9b16{SSL,[ssl, http/1.1]}{0.0.0.0:37243}
INFO  [2020-06-27 16:18:12,501] org.eclipse.jetty.server.AbstractConnector: Started application@3744c760{SSL,[ssl, http/1.1]}{0.0.0.0:46027}
INFO  [2020-06-27 16:18:12,502] org.eclipse.jetty.server.AbstractConnector: Started application@7cb4fc46{SSL,[ssl, http/1.1]}{0.0.0.0:45415}
INFO  [2020-06-27 16:18:12,502] org.eclipse.jetty.server.AbstractConnector: Started application@64b6d6dd{SSL,[ssl, http/1.1]}{0.0.0.0:44339}
INFO  [2020-06-27 16:18:12,502] org.eclipse.jetty.server.AbstractConnector: Started admin@1181a376{HTTP/1.1,[http/1.1]}{0.0.0.0:34079}
INFO  [2020-06-27 16:18:12,502] org.eclipse.jetty.server.Server: Started @18024ms
127.0.0.1 - - [27/Jun/2020:16:18:12 +0000] "GET / HTTP/1.1" 200 0 "-" "TlsTestApplication (bad_host_noop_verifier_working)" 13
127.0.0.1 - - [27/Jun/2020:16:18:13 +0000] "GET / HTTP/1.1" 200 0 "-" "TlsTestApplication (self_sign_permitted)" 2
127.0.0.1 - - [27/Jun/2020:16:18:13 +0000] "GET / HTTP/1.1" 200 0 "-" "TlsTestApplication (tls_working_client)" 2
127.0.0.1 - - [27/Jun/2020:16:18:13 +0000] "GET / HTTP/1.1" 200 0 "-" "TlsTestApplication (bad_host_fail_verifier_working)" 1
127.0.0.1 - - [27/Jun/2020:16:18:13 +0000] "GET / HTTP/1.1" 200 0 "-" "TlsTestApplication (client_auth_using_cert_alias_working)" 1
127.0.0.1 - - [27/Jun/2020:16:18:13 +0000] "GET / HTTP/1.1" 200 0 "-" "TlsTestApplication (bad_host_working)" 2
127.0.0.1 - - [27/Jun/2020:16:18:13 +0000] "GET / HTTP/1.1" 200 0 "-" "TlsTestApplication (client_auth_working)" 1
INFO  [2020-06-27 16:18:13,899] org.eclipse.jetty.server.AbstractConnector: Stopped application@21e72fb2{SSL,[ssl, http/1.1]}{0.0.0.0:0}
INFO  [2020-06-27 16:18:13,902] org.eclipse.jetty.server.AbstractConnector: Stopped application@219a9b16{SSL,[ssl, http/1.1]}{0.0.0.0:0}
INFO  [2020-06-27 16:18:13,903] org.eclipse.jetty.server.AbstractConnector: Stopped application@3744c760{SSL,[ssl, http/1.1]}{0.0.0.0:0}
INFO  [2020-06-27 16:18:13,904] org.eclipse.jetty.server.AbstractConnector: Stopped application@7cb4fc46{SSL,[ssl, http/1.1]}{0.0.0.0:0}
INFO  [2020-06-27 16:18:13,905] org.eclipse.jetty.server.AbstractConnector: Stopped application@64b6d6dd{SSL,[ssl, http/1.1]}{0.0.0.0:0}
INFO  [2020-06-27 16:18:13,906] org.eclipse.jetty.server.AbstractConnector: Stopped admin@1181a376{HTTP/1.1,[http/1.1]}{0.0.0.0:0}
INFO  [2020-06-27 16:18:13,906] org.eclipse.jetty.server.handler.ContextHandler: Stopped i.d.j.MutableServletContextHandler@11101f62{/,null,UNAVAILABLE}
INFO  [2020-06-27 16:18:13,907] org.eclipse.jetty.server.handler.ContextHandler: Stopped i.d.j.MutableServletContextHandler@3644d305{/,null,UNAVAILABLE}
Tests run: 16, Failures: 0, Errors: 0, Skipped: 0, Time elapsed: 2.158 sec - in io.dropwizard.client.ssl.DropwizardSSLConnectionSocketFactoryTest
Running io.dropwizard.client.HttpClientBuilderTest
Tests run: 44, Failures: 0, Errors: 0, Skipped: 0, Time elapsed: 0.33 sec - in io.dropwizard.client.HttpClientBuilderTest
Running io.dropwizard.client.JerseyClientIntegrationTest
Tests run: 8, Failures: 0, Errors: 0, Skipped: 0, Time elapsed: 0.535 sec - in io.dropwizard.client.JerseyClientIntegrationTest
Running io.dropwizard.client.DropwizardExecutorProviderTest
Tests run: 2, Failures: 0, Errors: 0, Skipped: 0, Time elapsed: 0 sec - in io.dropwizard.client.DropwizardExecutorProviderTest
Running io.dropwizard.client.JerseyClientConfigurationTest
Tests run: 1, Failures: 0, Errors: 0, Skipped: 0, Time elapsed: 0.039 sec - in io.dropwizard.client.JerseyClientConfigurationTest

Results :

Tests run: 123, Failures: 0, Errors: 0, Skipped: 1

[INFO]                                                                         
[INFO] ------------------------------------------------------------------------
[INFO] Building Dropwizard Database Support 1.2.0-rc7-SNAPSHOT
[INFO] ------------------------------------------------------------------------
[INFO] 
[INFO] --- maven-enforcer-plugin:1.4.1:enforce (enforce) @ dropwizard-db ---
[INFO] Skipping Rule Enforcement.
[INFO] 
[INFO] --- maven-resources-plugin:3.0.1:resources (default-resources) @ dropwizard-db ---
[INFO] Using 'UTF-8' encoding to copy filtered resources.
[INFO] skip non existing resourceDirectory /pfs/proj/nobackup/fs/projnb01/snic2020-10-10/dginelli/repairnator-workspace/repairnator-repairnator-experiments-dropwizard-dropwizard-279515036-20170925-155015_bugonly-firstCommit/dropwizard-db/src/main/resources
[INFO] 
[INFO] --- maven-compiler-plugin:3.6.0:compile (default-compile) @ dropwizard-db ---
[INFO] Nothing to compile - all classes are up to date
[INFO] 
[INFO] --- maven-resources-plugin:3.0.1:testResources (default-testResources) @ dropwizard-db ---
[INFO] Using 'UTF-8' encoding to copy filtered resources.
[INFO] Copying 5 resources
[INFO] 
[INFO] --- maven-compiler-plugin:3.6.0:testCompile (default-testCompile) @ dropwizard-db ---
[INFO] Nothing to compile - all classes are up to date
[INFO] 
[INFO] --- maven-surefire-plugin:2.19.1:test (default-test) @ dropwizard-db ---
[INFO] Surefire report directory: /pfs/proj/nobackup/fs/projnb01/snic2020-10-10/dginelli/repairnator-workspace/repairnator-repairnator-experiments-dropwizard-dropwizard-279515036-20170925-155015_bugonly-firstCommit/dropwizard-db/target/surefire-reports

-------------------------------------------------------
 T E S T S
-------------------------------------------------------
Running io.dropwizard.db.TimeBoundHealthCheckTest
Tests run: 1, Failures: 0, Errors: 0, Skipped: 0, Time elapsed: 1.141 sec - in io.dropwizard.db.TimeBoundHealthCheckTest
Running io.dropwizard.db.DataSourceConfigurationTest
Tests run: 4, Failures: 0, Errors: 0, Skipped: 0, Time elapsed: 1.803 sec - in io.dropwizard.db.DataSourceConfigurationTest
Running io.dropwizard.db.DataSourceFactoryTest
Tests run: 8, Failures: 0, Errors: 0, Skipped: 0, Time elapsed: 0.589 sec - in io.dropwizard.db.DataSourceFactoryTest
Running io.dropwizard.db.ManagedPooledDataSourceTest
Tests run: 1, Failures: 0, Errors: 0, Skipped: 0, Time elapsed: 0 sec - in io.dropwizard.db.ManagedPooledDataSourceTest

Results :

Tests run: 14, Failures: 0, Errors: 0, Skipped: 0

[INFO]                                                                         
[INFO] ------------------------------------------------------------------------
[INFO] Building Dropwizard JDBI Support 1.2.0-rc7-SNAPSHOT
[INFO] ------------------------------------------------------------------------
[INFO] 
[INFO] --- maven-enforcer-plugin:1.4.1:enforce (enforce) @ dropwizard-jdbi ---
[INFO] Skipping Rule Enforcement.
[INFO] 
[INFO] --- maven-resources-plugin:3.0.1:resources (default-resources) @ dropwizard-jdbi ---
[INFO] Using 'UTF-8' encoding to copy filtered resources.
[INFO] skip non existing resourceDirectory /pfs/proj/nobackup/fs/projnb01/snic2020-10-10/dginelli/repairnator-workspace/repairnator-repairnator-experiments-dropwizard-dropwizard-279515036-20170925-155015_bugonly-firstCommit/dropwizard-jdbi/src/main/resources
[INFO] 
[INFO] --- maven-compiler-plugin:3.6.0:compile (default-compile) @ dropwizard-jdbi ---
[INFO] Nothing to compile - all classes are up to date
[INFO] 
[INFO] --- maven-resources-plugin:3.0.1:testResources (default-testResources) @ dropwizard-jdbi ---
[INFO] Using 'UTF-8' encoding to copy filtered resources.
[INFO] Copying 1 resource
[INFO] 
[INFO] --- maven-compiler-plugin:3.6.0:testCompile (default-testCompile) @ dropwizard-jdbi ---
[INFO] Nothing to compile - all classes are up to date
[INFO] 
[INFO] --- maven-surefire-plugin:2.19.1:test (default-test) @ dropwizard-jdbi ---
[INFO] Surefire report directory: /pfs/proj/nobackup/fs/projnb01/snic2020-10-10/dginelli/repairnator-workspace/repairnator-repairnator-experiments-dropwizard-dropwizard-279515036-20170925-155015_bugonly-firstCommit/dropwizard-jdbi/target/surefire-reports

-------------------------------------------------------
 T E S T S
-------------------------------------------------------
Running io.dropwizard.jdbi.bundles.DBIExceptionsBundleTest
Tests run: 1, Failures: 0, Errors: 0, Skipped: 0, Time elapsed: 1.368 sec - in io.dropwizard.jdbi.bundles.DBIExceptionsBundleTest
Running io.dropwizard.jdbi.JDBITest
Tests run: 7, Failures: 0, Errors: 0, Skipped: 0, Time elapsed: 1.612 sec - in io.dropwizard.jdbi.JDBITest
Running io.dropwizard.jdbi.DBIHealthCheckTest
Tests run: 1, Failures: 0, Errors: 0, Skipped: 0, Time elapsed: 0.288 sec - in io.dropwizard.jdbi.DBIHealthCheckTest
Running io.dropwizard.jdbi.jersey.LoggingSQLExceptionMapperTest
Tests run: 1, Failures: 0, Errors: 0, Skipped: 0, Time elapsed: 0.161 sec - in io.dropwizard.jdbi.jersey.LoggingSQLExceptionMapperTest
Running io.dropwizard.jdbi.jersey.LoggingDBIExceptionMapperTest
Tests run: 2, Failures: 0, Errors: 0, Skipped: 0, Time elapsed: 0.027 sec - in io.dropwizard.jdbi.jersey.LoggingDBIExceptionMapperTest
Running io.dropwizard.jdbi.timestamps.OptionalZonedDateTimeTest
Tests run: 2, Failures: 0, Errors: 0, Skipped: 0, Time elapsed: 0.989 sec - in io.dropwizard.jdbi.timestamps.OptionalZonedDateTimeTest
Running io.dropwizard.jdbi.timestamps.GuavaOptionalZonedDateTimeTest
Tests run: 2, Failures: 0, Errors: 0, Skipped: 0, Time elapsed: 0.104 sec - in io.dropwizard.jdbi.timestamps.GuavaOptionalZonedDateTimeTest
Running io.dropwizard.jdbi.timestamps.GuavaOptionalOffsetDateTimeTest
Tests run: 2, Failures: 0, Errors: 0, Skipped: 0, Time elapsed: 0.085 sec - in io.dropwizard.jdbi.timestamps.GuavaOptionalOffsetDateTimeTest
Running io.dropwizard.jdbi.timestamps.GuavaOptionalLocalDateTest
Tests run: 2, Failures: 0, Errors: 0, Skipped: 0, Time elapsed: 0.096 sec - in io.dropwizard.jdbi.timestamps.GuavaOptionalLocalDateTest
Running io.dropwizard.jdbi.timestamps.GuavaOptionalInstantTest
Tests run: 2, Failures: 0, Errors: 0, Skipped: 0, Time elapsed: 0.085 sec - in io.dropwizard.jdbi.timestamps.GuavaOptionalInstantTest
Running io.dropwizard.jdbi.timestamps.OptionalLocalDateTest
Tests run: 2, Failures: 0, Errors: 0, Skipped: 0, Time elapsed: 0.087 sec - in io.dropwizard.jdbi.timestamps.OptionalLocalDateTest
Running io.dropwizard.jdbi.timestamps.OptionalOffsetDateTimeTest
Tests run: 2, Failures: 0, Errors: 0, Skipped: 0, Time elapsed: 0.076 sec - in io.dropwizard.jdbi.timestamps.OptionalOffsetDateTimeTest
Running io.dropwizard.jdbi.timestamps.JodaDateTimeSqlTimestampTest
Tests run: 2, Failures: 0, Errors: 0, Skipped: 0, Time elapsed: 0.783 sec - in io.dropwizard.jdbi.timestamps.JodaDateTimeSqlTimestampTest
Running io.dropwizard.jdbi.timestamps.OptionalLocalDateTimeTest
Tests run: 2, Failures: 0, Errors: 0, Skipped: 0, Time elapsed: 0.073 sec - in io.dropwizard.jdbi.timestamps.OptionalLocalDateTimeTest
Running io.dropwizard.jdbi.timestamps.GuavaOptionalDateTimeTest
Tests run: 2, Failures: 0, Errors: 0, Skipped: 0, Time elapsed: 0.07 sec - in io.dropwizard.jdbi.timestamps.GuavaOptionalDateTimeTest
Running io.dropwizard.jdbi.timestamps.GuavaOptionalLocalDateTimeTest
Tests run: 2, Failures: 0, Errors: 0, Skipped: 0, Time elapsed: 0.088 sec - in io.dropwizard.jdbi.timestamps.GuavaOptionalLocalDateTimeTest
Running io.dropwizard.jdbi.timestamps.OptionalInstantTest
Tests run: 2, Failures: 0, Errors: 0, Skipped: 0, Time elapsed: 0.062 sec - in io.dropwizard.jdbi.timestamps.OptionalInstantTest
Running io.dropwizard.jdbi.timestamps.OptionalDateTimeTest
Tests run: 2, Failures: 0, Errors: 0, Skipped: 0, Time elapsed: 0.065 sec - in io.dropwizard.jdbi.timestamps.OptionalDateTimeTest
Running io.dropwizard.jdbi.args.JodaDateTimeMapperTest
Tests run: 4, Failures: 0, Errors: 0, Skipped: 0, Time elapsed: 0.31 sec - in io.dropwizard.jdbi.args.JodaDateTimeMapperTest
Running io.dropwizard.jdbi.args.OptionalIntTest
Tests run: 2, Failures: 0, Errors: 0, Skipped: 0, Time elapsed: 0.083 sec - in io.dropwizard.jdbi.args.OptionalIntTest
Running io.dropwizard.jdbi.args.LocalDateTimeMapperTest
Tests run: 4, Failures: 0, Errors: 0, Skipped: 0, Time elapsed: 0 sec - in io.dropwizard.jdbi.args.LocalDateTimeMapperTest
Running io.dropwizard.jdbi.args.LocalDateArgumentTest
Tests run: 2, Failures: 0, Errors: 0, Skipped: 0, Time elapsed: 0.135 sec - in io.dropwizard.jdbi.args.LocalDateArgumentTest
Running io.dropwizard.jdbi.args.OptionalLongTest
Tests run: 2, Failures: 0, Errors: 0, Skipped: 0, Time elapsed: 0.066 sec - in io.dropwizard.jdbi.args.OptionalLongTest
Running io.dropwizard.jdbi.args.LocalDateMapperTest
Tests run: 4, Failures: 0, Errors: 0, Skipped: 0, Time elapsed: 0 sec - in io.dropwizard.jdbi.args.LocalDateMapperTest
Running io.dropwizard.jdbi.args.InstantMapperTest
Tests run: 4, Failures: 0, Errors: 0, Skipped: 0, Time elapsed: 0 sec - in io.dropwizard.jdbi.args.InstantMapperTest
Running io.dropwizard.jdbi.args.InstantArgumentTest
Tests run: 3, Failures: 0, Errors: 0, Skipped: 0, Time elapsed: 0 sec - in io.dropwizard.jdbi.args.InstantArgumentTest
Running io.dropwizard.jdbi.args.ZonedDateTimeMapperTest
Tests run: 4, Failures: 0, Errors: 0, Skipped: 0, Time elapsed: 0 sec - in io.dropwizard.jdbi.args.ZonedDateTimeMapperTest
Running io.dropwizard.jdbi.args.OffsetDateTimeMapperTest
Tests run: 4, Failures: 0, Errors: 0, Skipped: 0, Time elapsed: 0 sec - in io.dropwizard.jdbi.args.OffsetDateTimeMapperTest
Running io.dropwizard.jdbi.args.LocalDateTimeArgumentTest
Tests run: 2, Failures: 0, Errors: 0, Skipped: 0, Time elapsed: 0 sec - in io.dropwizard.jdbi.args.LocalDateTimeArgumentTest
Running io.dropwizard.jdbi.args.OffsetDateTimeArgumentTest
Tests run: 2, Failures: 0, Errors: 0, Skipped: 0, Time elapsed: 0 sec - in io.dropwizard.jdbi.args.OffsetDateTimeArgumentTest
Running io.dropwizard.jdbi.args.ZonedDateTimeArgumentTest
Tests run: 2, Failures: 0, Errors: 0, Skipped: 0, Time elapsed: 0 sec - in io.dropwizard.jdbi.args.ZonedDateTimeArgumentTest
Running io.dropwizard.jdbi.args.JodaDateTimeArgumentTest
Tests run: 2, Failures: 0, Errors: 0, Skipped: 0, Time elapsed: 0 sec - in io.dropwizard.jdbi.args.JodaDateTimeArgumentTest
Running io.dropwizard.jdbi.args.OptionalDoubleTest
Tests run: 2, Failures: 0, Errors: 0, Skipped: 0, Time elapsed: 0.019 sec - in io.dropwizard.jdbi.args.OptionalDoubleTest
Running io.dropwizard.jdbi.DBIFactoryTest
Tests run: 1, Failures: 0, Errors: 0, Skipped: 0, Time elapsed: 0.04 sec - in io.dropwizard.jdbi.DBIFactoryTest
Running io.dropwizard.jdbi.GuavaJDBITest
Tests run: 7, Failures: 0, Errors: 0, Skipped: 0, Time elapsed: 0.134 sec - in io.dropwizard.jdbi.GuavaJDBITest

Results :

Tests run: 89, Failures: 0, Errors: 0, Skipped: 0

[INFO]                                                                         
[INFO] ------------------------------------------------------------------------
[INFO] Building Dropwizard Migrations 1.2.0-rc7-SNAPSHOT
[INFO] ------------------------------------------------------------------------
[INFO] 
[INFO] --- maven-enforcer-plugin:1.4.1:enforce (enforce) @ dropwizard-migrations ---
[INFO] Skipping Rule Enforcement.
[INFO] 
[INFO] --- maven-resources-plugin:3.0.1:resources (default-resources) @ dropwizard-migrations ---
[INFO] Using 'UTF-8' encoding to copy filtered resources.
[INFO] skip non existing resourceDirectory /pfs/proj/nobackup/fs/projnb01/snic2020-10-10/dginelli/repairnator-workspace/repairnator-repairnator-experiments-dropwizard-dropwizard-279515036-20170925-155015_bugonly-firstCommit/dropwizard-migrations/src/main/resources
[INFO] 
[INFO] --- maven-compiler-plugin:3.6.0:compile (default-compile) @ dropwizard-migrations ---
[INFO] Nothing to compile - all classes are up to date
[INFO] 
[INFO] --- maven-resources-plugin:3.0.1:testResources (default-testResources) @ dropwizard-migrations ---
[INFO] Using 'UTF-8' encoding to copy filtered resources.
[INFO] Copying 5 resources
[INFO] 
[INFO] --- maven-compiler-plugin:3.6.0:testCompile (default-testCompile) @ dropwizard-migrations ---
[INFO] Nothing to compile - all classes are up to date
[INFO] 
[INFO] --- maven-surefire-plugin:2.19.1:test (default-test) @ dropwizard-migrations ---
[INFO] Surefire report directory: /pfs/proj/nobackup/fs/projnb01/snic2020-10-10/dginelli/repairnator-workspace/repairnator-repairnator-experiments-dropwizard-dropwizard-279515036-20170925-155015_bugonly-firstCommit/dropwizard-migrations/target/surefire-reports

-------------------------------------------------------
 T E S T S
-------------------------------------------------------
Running io.dropwizard.migrations.DbFastForwardCommandTest
Tests run: 5, Failures: 0, Errors: 0, Skipped: 0, Time elapsed: 4.014 sec - in io.dropwizard.migrations.DbFastForwardCommandTest
Running io.dropwizard.migrations.CloseableLiquibaseTest
Tests run: 1, Failures: 0, Errors: 0, Skipped: 0, Time elapsed: 0.004 sec - in io.dropwizard.migrations.CloseableLiquibaseTest
Running io.dropwizard.migrations.DbMigrateCommandTest
Tests run: 4, Failures: 0, Errors: 0, Skipped: 0, Time elapsed: 0.288 sec - in io.dropwizard.migrations.DbMigrateCommandTest
Running io.dropwizard.migrations.DbPrepareRollbackCommandTest
Tests run: 3, Failures: 0, Errors: 0, Skipped: 0, Time elapsed: 0.098 sec - in io.dropwizard.migrations.DbPrepareRollbackCommandTest
Running io.dropwizard.migrations.DbStatusCommandTest
Tests run: 4, Failures: 0, Errors: 0, Skipped: 0, Time elapsed: 0.222 sec - in io.dropwizard.migrations.DbStatusCommandTest
Running io.dropwizard.migrations.DbMigrateCustomSchemaTest
Tests run: 1, Failures: 0, Errors: 0, Skipped: 0, Time elapsed: 0.069 sec - in io.dropwizard.migrations.DbMigrateCustomSchemaTest
Running io.dropwizard.migrations.DbGenerateDocsCommandTest
Tests run: 2, Failures: 0, Errors: 0, Skipped: 0, Time elapsed: 1.511 sec - in io.dropwizard.migrations.DbGenerateDocsCommandTest
Running io.dropwizard.migrations.DbCommandTest
Tests run: 2, Failures: 0, Errors: 0, Skipped: 0, Time elapsed: 0.075 sec - in io.dropwizard.migrations.DbCommandTest
Running io.dropwizard.migrations.DbTagCommandTest
Tests run: 2, Failures: 0, Errors: 0, Skipped: 0, Time elapsed: 0.113 sec - in io.dropwizard.migrations.DbTagCommandTest
Running io.dropwizard.migrations.DbDropAllCommandTest
Tests run: 2, Failures: 0, Errors: 0, Skipped: 0, Time elapsed: 0.14 sec - in io.dropwizard.migrations.DbDropAllCommandTest
Running io.dropwizard.migrations.DbRollbackCommandTest
Tests run: 7, Failures: 0, Errors: 0, Skipped: 0, Time elapsed: 0.745 sec - in io.dropwizard.migrations.DbRollbackCommandTest
Running io.dropwizard.migrations.DbMigrateDifferentFileCommandTest
Tests run: 2, Failures: 0, Errors: 0, Skipped: 0, Time elapsed: 0.104 sec - in io.dropwizard.migrations.DbMigrateDifferentFileCommandTest
Running io.dropwizard.migrations.DbTestCommandTest
Tests run: 2, Failures: 0, Errors: 0, Skipped: 0, Time elapsed: 0.09 sec - in io.dropwizard.migrations.DbTestCommandTest
Running io.dropwizard.migrations.DbDumpCommandTest
Tests run: 5, Failures: 0, Errors: 0, Skipped: 0, Time elapsed: 0.439 sec - in io.dropwizard.migrations.DbDumpCommandTest
Running io.dropwizard.migrations.DbCalculateChecksumCommandTest
Tests run: 2, Failures: 0, Errors: 0, Skipped: 0, Time elapsed: 0.034 sec - in io.dropwizard.migrations.DbCalculateChecksumCommandTest
Running io.dropwizard.migrations.DbLocksCommandTest
Tests run: 5, Failures: 0, Errors: 0, Skipped: 0, Time elapsed: 0.018 sec - in io.dropwizard.migrations.DbLocksCommandTest
Running io.dropwizard.migrations.DbClearChecksumsCommandTest
Tests run: 2, Failures: 0, Errors: 0, Skipped: 0, Time elapsed: 0 sec - in io.dropwizard.migrations.DbClearChecksumsCommandTest

Results :

Tests run: 51, Failures: 0, Errors: 0, Skipped: 0

[INFO]                                                                         
[INFO] ------------------------------------------------------------------------
[INFO] Building Dropwizard Hibernate Support 1.2.0-rc7-SNAPSHOT
[INFO] ------------------------------------------------------------------------
[INFO] 
[INFO] --- maven-enforcer-plugin:1.4.1:enforce (enforce) @ dropwizard-hibernate ---
[INFO] Skipping Rule Enforcement.
[INFO] 
[INFO] --- maven-resources-plugin:3.0.1:resources (default-resources) @ dropwizard-hibernate ---
[INFO] Using 'UTF-8' encoding to copy filtered resources.
[INFO] skip non existing resourceDirectory /pfs/proj/nobackup/fs/projnb01/snic2020-10-10/dginelli/repairnator-workspace/repairnator-repairnator-experiments-dropwizard-dropwizard-279515036-20170925-155015_bugonly-firstCommit/dropwizard-hibernate/src/main/resources
[INFO] 
[INFO] --- maven-compiler-plugin:3.6.0:compile (default-compile) @ dropwizard-hibernate ---
[INFO] Nothing to compile - all classes are up to date
[INFO] 
[INFO] --- maven-resources-plugin:3.0.1:testResources (default-testResources) @ dropwizard-hibernate ---
[INFO] Using 'UTF-8' encoding to copy filtered resources.
[INFO] Copying 3 resources
[INFO] 
[INFO] --- maven-compiler-plugin:3.6.0:testCompile (default-testCompile) @ dropwizard-hibernate ---
[INFO] Nothing to compile - all classes are up to date
[INFO] 
[INFO] --- maven-surefire-plugin:2.19.1:test (default-test) @ dropwizard-hibernate ---
[INFO] Surefire report directory: /pfs/proj/nobackup/fs/projnb01/snic2020-10-10/dginelli/repairnator-workspace/repairnator-repairnator-experiments-dropwizard-dropwizard-279515036-20170925-155015_bugonly-firstCommit/dropwizard-hibernate/target/surefire-reports

-------------------------------------------------------
 T E S T S
-------------------------------------------------------
Running io.dropwizard.hibernate.HibernateBundleTest
Tests run: 6, Failures: 0, Errors: 0, Skipped: 0, Time elapsed: 3.179 sec - in io.dropwizard.hibernate.HibernateBundleTest
Running io.dropwizard.hibernate.AbstractDAOTest
Tests run: 16, Failures: 0, Errors: 0, Skipped: 0, Time elapsed: 0.998 sec - in io.dropwizard.hibernate.AbstractDAOTest
Running io.dropwizard.hibernate.JerseyIntegrationTest
Tests run: 4, Failures: 0, Errors: 0, Skipped: 0, Time elapsed: 5.534 sec - in io.dropwizard.hibernate.JerseyIntegrationTest
Running io.dropwizard.hibernate.ScanningHibernateBundleTest
Tests run: 2, Failures: 0, Errors: 0, Skipped: 0, Time elapsed: 0.07 sec - in io.dropwizard.hibernate.ScanningHibernateBundleTest
Running io.dropwizard.hibernate.SessionFactoryFactoryTest
Hibernate: DROP TABLE people IF EXISTS
Hibernate: CREATE TABLE people (name varchar(100) primary key, email varchar(100), birthday timestamp(0))
Hibernate: INSERT INTO people VALUES ('Coda', 'coda@example.com', '1979-01-02 00:22:00')
Hibernate: select person0_.name as name1_0_0_, person0_.birthday as birthday2_0_0_, person0_.email as email3_0_0_ from people person0_ where person0_.name=?
Tests run: 6, Failures: 0, Errors: 0, Skipped: 0, Time elapsed: 0.598 sec - in io.dropwizard.hibernate.SessionFactoryFactoryTest
Running io.dropwizard.hibernate.UnitOfWorkTest
Tests run: 4, Failures: 0, Errors: 0, Skipped: 0, Time elapsed: 0 sec - in io.dropwizard.hibernate.UnitOfWorkTest
Running io.dropwizard.hibernate.SessionFactoryHealthCheckTest
Tests run: 4, Failures: 0, Errors: 0, Skipped: 0, Time elapsed: 0.64 sec - in io.dropwizard.hibernate.SessionFactoryHealthCheckTest
Running io.dropwizard.hibernate.SubResourcesTest
127.0.0.1 - - [27/Jun/2020:16:18:54 +0000] "GET /people/Greg/dogs/Bello HTTP/1.1" 200 90 "-" "Jersey/2.25.1 (HttpUrlConnection 1.8.0_202)" 376
127.0.0.1 - - [27/Jun/2020:16:18:54 +0000] "POST /people HTTP/1.1" 200 66 "-" "Jersey/2.25.1 (HttpUrlConnection 1.8.0_202)" 17
127.0.0.1 - - [27/Jun/2020:16:18:54 +0000] "POST /people/Greg/dogs HTTP/1.1" 200 91 "-" "Jersey/2.25.1 (HttpUrlConnection 1.8.0_202)" 22
127.0.0.1 - - [27/Jun/2020:16:18:54 +0000] "GET /people/Greg HTTP/1.1" 200 65 "-" "Jersey/2.25.1 (HttpUrlConnection 1.8.0_202)" 5
127.0.0.1 - - [27/Jun/2020:16:18:54 +0000] "GET /people/Greg/dogs HTTP/1.1" 500 110 "-" "Jersey/2.25.1 (HttpUrlConnection 1.8.0_202)" 4
127.0.0.1 - - [27/Jun/2020:16:18:54 +0000] "POST /people/Jim/dogs HTTP/1.1" 404 43 "-" "Jersey/2.25.1 (HttpUrlConnection 1.8.0_202)" 36
Tests run: 6, Failures: 0, Errors: 0, Skipped: 0, Time elapsed: 2.689 sec - in io.dropwizard.hibernate.SubResourcesTest
Running io.dropwizard.hibernate.SessionFactoryManagerTest
Tests run: 3, Failures: 0, Errors: 0, Skipped: 0, Time elapsed: 0.027 sec - in io.dropwizard.hibernate.SessionFactoryManagerTest
Running io.dropwizard.hibernate.UnitOfWorkApplicationListenerTest
Tests run: 17, Failures: 0, Errors: 0, Skipped: 0, Time elapsed: 0.149 sec - in io.dropwizard.hibernate.UnitOfWorkApplicationListenerTest
Running io.dropwizard.hibernate.LazyLoadingTest
Tests run: 3, Failures: 0, Errors: 0, Skipped: 0, Time elapsed: 1.542 sec - in io.dropwizard.hibernate.LazyLoadingTest
Running io.dropwizard.hibernate.UnitOfWorkAwareProxyFactoryTest
INFO  [2020-06-27 18:18:56,641] io.dropwizard.hibernate.SessionFactoryFactory: Entity classes: []
INFO  [2020-06-27 18:18:56,668] org.hibernate.dialect.Dialect: HHH000400: Using dialect: org.hibernate.dialect.HSQLDialect
INFO  [2020-06-27 18:18:56,698] org.hibernate.type.BasicTypeRegistry: HHH000270: Type registration [java.util.Currency] overrides previous : org.hibernate.type.CurrencyType@8cd00bc
INFO  [2020-06-27 18:18:56,699] org.hibernate.type.BasicTypeRegistry: HHH000270: Type registration [java.time.Duration] overrides previous : org.hibernate.type.DurationType@5035c23c
INFO  [2020-06-27 18:18:56,700] org.hibernate.type.BasicTypeRegistry: HHH000270: Type registration [java.time.Instant] overrides previous : org.hibernate.type.InstantType@4149067d
INFO  [2020-06-27 18:18:56,700] org.hibernate.type.BasicTypeRegistry: HHH000270: Type registration [java.time.LocalDate] overrides previous : org.hibernate.type.LocalDateType@4d8458a1
INFO  [2020-06-27 18:18:56,700] org.hibernate.type.BasicTypeRegistry: HHH000270: Type registration [java.time.LocalDateTime] overrides previous : org.hibernate.type.LocalDateTimeType@2d2c794d
INFO  [2020-06-27 18:18:56,701] org.hibernate.type.BasicTypeRegistry: HHH000270: Type registration [java.time.LocalTime] overrides previous : org.hibernate.type.LocalTimeType@53f67af6
INFO  [2020-06-27 18:18:56,701] org.hibernate.type.BasicTypeRegistry: HHH000270: Type registration [java.time.OffsetDateTime] overrides previous : org.hibernate.type.OffsetDateTimeType@5a85f41b
INFO  [2020-06-27 18:18:56,701] org.hibernate.type.BasicTypeRegistry: HHH000270: Type registration [java.time.OffsetTime] overrides previous : org.hibernate.type.OffsetTimeType@35abfeba
INFO  [2020-06-27 18:18:56,701] org.hibernate.type.BasicTypeRegistry: HHH000270: Type registration [java.time.ZonedDateTime] overrides previous : org.hibernate.type.ZonedDateTimeType@7b031f53
INFO  [2020-06-27 18:18:56,703] org.hibernate.engine.internal.StatisticalLoggingSessionEventListener: Session Metrics {
    19729 nanoseconds spent acquiring 2 JDBC connections;
    13395 nanoseconds spent releasing 2 JDBC connections;
    180855 nanoseconds spent preparing 2 JDBC statements;
    232478 nanoseconds spent executing 2 JDBC statements;
    0 nanoseconds spent executing 0 JDBC batches;
    0 nanoseconds spent performing 0 L2C puts;
    0 nanoseconds spent performing 0 L2C hits;
    0 nanoseconds spent performing 0 L2C misses;
    0 nanoseconds spent executing 0 flushes (flushing a total of 0 entities and 0 collections);
    8757 nanoseconds spent executing 2 partial-flushes (flushing a total of 0 entities and 0 collections)
}
INFO  [2020-06-27 18:18:56,719] org.hibernate.engine.internal.StatisticalLoggingSessionEventListener: Session Metrics {
    38730 nanoseconds spent acquiring 4 JDBC connections;
    34929 nanoseconds spent releasing 4 JDBC connections;
    199895 nanoseconds spent preparing 2 JDBC statements;
    105519 nanoseconds spent executing 2 JDBC statements;
    0 nanoseconds spent executing 0 JDBC batches;
    0 nanoseconds spent performing 0 L2C puts;
    0 nanoseconds spent performing 0 L2C hits;
    0 nanoseconds spent performing 0 L2C misses;
    0 nanoseconds spent executing 0 flushes (flushing a total of 0 entities and 0 collections);
    6934 nanoseconds spent executing 2 partial-flushes (flushing a total of 0 entities and 0 collections)
}
INFO  [2020-06-27 18:18:56,726] io.dropwizard.hibernate.SessionFactoryFactory: Entity classes: []
INFO  [2020-06-27 18:18:56,768] org.hibernate.dialect.Dialect: HHH000400: Using dialect: org.hibernate.dialect.HSQLDialect
INFO  [2020-06-27 18:18:56,791] org.hibernate.type.BasicTypeRegistry: HHH000270: Type registration [java.util.Currency] overrides previous : org.hibernate.type.CurrencyType@8cd00bc
INFO  [2020-06-27 18:18:56,792] org.hibernate.type.BasicTypeRegistry: HHH000270: Type registration [java.time.Duration] overrides previous : org.hibernate.type.DurationType@5035c23c
INFO  [2020-06-27 18:18:56,792] org.hibernate.type.BasicTypeRegistry: HHH000270: Type registration [java.time.Instant] overrides previous : org.hibernate.type.InstantType@4149067d
INFO  [2020-06-27 18:18:56,792] org.hibernate.type.BasicTypeRegistry: HHH000270: Type registration [java.time.LocalDate] overrides previous : org.hibernate.type.LocalDateType@4d8458a1
INFO  [2020-06-27 18:18:56,792] org.hibernate.type.BasicTypeRegistry: HHH000270: Type registration [java.time.LocalDateTime] overrides previous : org.hibernate.type.LocalDateTimeType@2d2c794d
INFO  [2020-06-27 18:18:56,792] org.hibernate.type.BasicTypeRegistry: HHH000270: Type registration [java.time.LocalTime] overrides previous : org.hibernate.type.LocalTimeType@53f67af6
INFO  [2020-06-27 18:18:56,792] org.hibernate.type.BasicTypeRegistry: HHH000270: Type registration [java.time.OffsetDateTime] overrides previous : org.hibernate.type.OffsetDateTimeType@5a85f41b
INFO  [2020-06-27 18:18:56,793] org.hibernate.type.BasicTypeRegistry: HHH000270: Type registration [java.time.OffsetTime] overrides previous : org.hibernate.type.OffsetTimeType@35abfeba
INFO  [2020-06-27 18:18:56,793] org.hibernate.type.BasicTypeRegistry: HHH000270: Type registration [java.time.ZonedDateTime] overrides previous : org.hibernate.type.ZonedDateTimeType@7b031f53
INFO  [2020-06-27 18:18:56,795] org.hibernate.engine.internal.StatisticalLoggingSessionEventListener: Session Metrics {
    19258 nanoseconds spent acquiring 2 JDBC connections;
    11073 nanoseconds spent releasing 2 JDBC connections;
    169669 nanoseconds spent preparing 2 JDBC statements;
    683018 nanoseconds spent executing 2 JDBC statements;
    0 nanoseconds spent executing 0 JDBC batches;
    0 nanoseconds spent performing 0 L2C puts;
    0 nanoseconds spent performing 0 L2C hits;
    0 nanoseconds spent performing 0 L2C misses;
    0 nanoseconds spent executing 0 flushes (flushing a total of 0 entities and 0 collections);
    8412 nanoseconds spent executing 2 partial-flushes (flushing a total of 0 entities and 0 collections)
}
INFO  [2020-06-27 18:18:56,798] io.dropwizard.hibernate.SessionFactoryFactory: Entity classes: []
INFO  [2020-06-27 18:18:56,841] org.hibernate.dialect.Dialect: HHH000400: Using dialect: org.hibernate.dialect.HSQLDialect
INFO  [2020-06-27 18:18:56,875] org.hibernate.type.BasicTypeRegistry: HHH000270: Type registration [java.util.Currency] overrides previous : org.hibernate.type.CurrencyType@8cd00bc
INFO  [2020-06-27 18:18:56,876] org.hibernate.type.BasicTypeRegistry: HHH000270: Type registration [java.time.Duration] overrides previous : org.hibernate.type.DurationType@5035c23c
INFO  [2020-06-27 18:18:56,876] org.hibernate.type.BasicTypeRegistry: HHH000270: Type registration [java.time.Instant] overrides previous : org.hibernate.type.InstantType@4149067d
INFO  [2020-06-27 18:18:56,877] org.hibernate.type.BasicTypeRegistry: HHH000270: Type registration [java.time.LocalDate] overrides previous : org.hibernate.type.LocalDateType@4d8458a1
INFO  [2020-06-27 18:18:56,877] org.hibernate.type.BasicTypeRegistry: HHH000270: Type registration [java.time.LocalDateTime] overrides previous : org.hibernate.type.LocalDateTimeType@2d2c794d
INFO  [2020-06-27 18:18:56,878] org.hibernate.type.BasicTypeRegistry: HHH000270: Type registration [java.time.LocalTime] overrides previous : org.hibernate.type.LocalTimeType@53f67af6
INFO  [2020-06-27 18:18:56,878] org.hibernate.type.BasicTypeRegistry: HHH000270: Type registration [java.time.OffsetDateTime] overrides previous : org.hibernate.type.OffsetDateTimeType@5a85f41b
INFO  [2020-06-27 18:18:56,878] org.hibernate.type.BasicTypeRegistry: HHH000270: Type registration [java.time.OffsetTime] overrides previous : org.hibernate.type.OffsetTimeType@35abfeba
INFO  [2020-06-27 18:18:56,879] org.hibernate.type.BasicTypeRegistry: HHH000270: Type registration [java.time.ZonedDateTime] overrides previous : org.hibernate.type.ZonedDateTimeType@7b031f53
INFO  [2020-06-27 18:18:56,880] org.hibernate.engine.internal.StatisticalLoggingSessionEventListener: Session Metrics {
    19070 nanoseconds spent acquiring 2 JDBC connections;
    10562 nanoseconds spent releasing 2 JDBC connections;
    176653 nanoseconds spent preparing 2 JDBC statements;
    127317 nanoseconds spent executing 2 JDBC statements;
    0 nanoseconds spent executing 0 JDBC batches;
    0 nanoseconds spent performing 0 L2C puts;
    0 nanoseconds spent performing 0 L2C hits;
    0 nanoseconds spent performing 0 L2C misses;
    0 nanoseconds spent executing 0 flushes (flushing a total of 0 entities and 0 collections);
    106425 nanoseconds spent executing 2 partial-flushes (flushing a total of 0 entities and 0 collections)
}
INFO  [2020-06-27 18:18:56,886] io.dropwizard.hibernate.SessionFactoryFactory: Entity classes: []
INFO  [2020-06-27 18:18:56,912] org.hibernate.dialect.Dialect: HHH000400: Using dialect: org.hibernate.dialect.HSQLDialect
INFO  [2020-06-27 18:18:56,929] org.hibernate.type.BasicTypeRegistry: HHH000270: Type registration [java.util.Currency] overrides previous : org.hibernate.type.CurrencyType@8cd00bc
INFO  [2020-06-27 18:18:56,929] org.hibernate.type.BasicTypeRegistry: HHH000270: Type registration [java.time.Duration] overrides previous : org.hibernate.type.DurationType@5035c23c
INFO  [2020-06-27 18:18:56,929] org.hibernate.type.BasicTypeRegistry: HHH000270: Type registration [java.time.Instant] overrides previous : org.hibernate.type.InstantType@4149067d
INFO  [2020-06-27 18:18:56,929] org.hibernate.type.BasicTypeRegistry: HHH000270: Type registration [java.time.LocalDate] overrides previous : org.hibernate.type.LocalDateType@4d8458a1
INFO  [2020-06-27 18:18:56,929] org.hibernate.type.BasicTypeRegistry: HHH000270: Type registration [java.time.LocalDateTime] overrides previous : org.hibernate.type.LocalDateTimeType@2d2c794d
INFO  [2020-06-27 18:18:56,930] org.hibernate.type.BasicTypeRegistry: HHH000270: Type registration [java.time.LocalTime] overrides previous : org.hibernate.type.LocalTimeType@53f67af6
INFO  [2020-06-27 18:18:56,930] org.hibernate.type.BasicTypeRegistry: HHH000270: Type registration [java.time.OffsetDateTime] overrides previous : org.hibernate.type.OffsetDateTimeType@5a85f41b
INFO  [2020-06-27 18:18:56,945] org.hibernate.type.BasicTypeRegistry: HHH000270: Type registration [java.time.OffsetTime] overrides previous : org.hibernate.type.OffsetTimeType@35abfeba
INFO  [2020-06-27 18:18:56,946] org.hibernate.type.BasicTypeRegistry: HHH000270: Type registration [java.time.ZonedDateTime] overrides previous : org.hibernate.type.ZonedDateTimeType@7b031f53
INFO  [2020-06-27 18:18:56,955] org.hibernate.engine.internal.StatisticalLoggingSessionEventListener: Session Metrics {
    20597 nanoseconds spent acquiring 2 JDBC connections;
    10335 nanoseconds spent releasing 2 JDBC connections;
    177469 nanoseconds spent preparing 2 JDBC statements;
    121696 nanoseconds spent executing 2 JDBC statements;
    0 nanoseconds spent executing 0 JDBC batches;
    0 nanoseconds spent performing 0 L2C puts;
    0 nanoseconds spent performing 0 L2C hits;
    0 nanoseconds spent performing 0 L2C misses;
    0 nanoseconds spent executing 0 flushes (flushing a total of 0 entities and 0 collections);
    8171 nanoseconds spent executing 2 partial-flushes (flushing a total of 0 entities and 0 collections)
}
INFO  [2020-06-27 18:18:56,988] org.hibernate.engine.internal.StatisticalLoggingSessionEventListener: Session Metrics {
    27949 nanoseconds spent acquiring 2 JDBC connections;
    12968 nanoseconds spent releasing 2 JDBC connections;
    0 nanoseconds spent preparing 0 JDBC statements;
    0 nanoseconds spent executing 0 JDBC statements;
    0 nanoseconds spent executing 0 JDBC batches;
    0 nanoseconds spent performing 0 L2C puts;
    0 nanoseconds spent performing 0 L2C hits;
    0 nanoseconds spent performing 0 L2C misses;
    0 nanoseconds spent executing 0 flushes (flushing a total of 0 entities and 0 collections);
    0 nanoseconds spent executing 0 partial-flushes (flushing a total of 0 entities and 0 collections)
}
INFO  [2020-06-27 18:18:56,994] io.dropwizard.hibernate.SessionFactoryFactory: Entity classes: []
INFO  [2020-06-27 18:18:57,028] org.hibernate.dialect.Dialect: HHH000400: Using dialect: org.hibernate.dialect.HSQLDialect
INFO  [2020-06-27 18:18:57,044] org.hibernate.type.BasicTypeRegistry: HHH000270: Type registration [java.util.Currency] overrides previous : org.hibernate.type.CurrencyType@8cd00bc
INFO  [2020-06-27 18:18:57,054] org.hibernate.type.BasicTypeRegistry: HHH000270: Type registration [java.time.Duration] overrides previous : org.hibernate.type.DurationType@5035c23c
INFO  [2020-06-27 18:18:57,054] org.hibernate.type.BasicTypeRegistry: HHH000270: Type registration [java.time.Instant] overrides previous : org.hibernate.type.InstantType@4149067d
INFO  [2020-06-27 18:18:57,054] org.hibernate.type.BasicTypeRegistry: HHH000270: Type registration [java.time.LocalDate] overrides previous : org.hibernate.type.LocalDateType@4d8458a1
INFO  [2020-06-27 18:18:57,054] org.hibernate.type.BasicTypeRegistry: HHH000270: Type registration [java.time.LocalDateTime] overrides previous : org.hibernate.type.LocalDateTimeType@2d2c794d
INFO  [2020-06-27 18:18:57,054] org.hibernate.type.BasicTypeRegistry: HHH000270: Type registration [java.time.LocalTime] overrides previous : org.hibernate.type.LocalTimeType@53f67af6
INFO  [2020-06-27 18:18:57,054] org.hibernate.type.BasicTypeRegistry: HHH000270: Type registration [java.time.OffsetDateTime] overrides previous : org.hibernate.type.OffsetDateTimeType@5a85f41b
INFO  [2020-06-27 18:18:57,055] org.hibernate.type.BasicTypeRegistry: HHH000270: Type registration [java.time.OffsetTime] overrides previous : org.hibernate.type.OffsetTimeType@35abfeba
INFO  [2020-06-27 18:18:57,055] org.hibernate.type.BasicTypeRegistry: HHH000270: Type registration [java.time.ZonedDateTime] overrides previous : org.hibernate.type.ZonedDateTimeType@7b031f53
INFO  [2020-06-27 18:18:57,057] org.hibernate.engine.internal.StatisticalLoggingSessionEventListener: Session Metrics {
    18838 nanoseconds spent acquiring 2 JDBC connections;
    10818 nanoseconds spent releasing 2 JDBC connections;
    252100 nanoseconds spent preparing 2 JDBC statements;
    555845 nanoseconds spent executing 2 JDBC statements;
    0 nanoseconds spent executing 0 JDBC batches;
    0 nanoseconds spent performing 0 L2C puts;
    0 nanoseconds spent performing 0 L2C hits;
    0 nanoseconds spent performing 0 L2C misses;
    0 nanoseconds spent executing 0 flushes (flushing a total of 0 entities and 0 collections);
    8377 nanoseconds spent executing 2 partial-flushes (flushing a total of 0 entities and 0 collections)
}
INFO  [2020-06-27 18:18:57,060] org.hibernate.engine.internal.StatisticalLoggingSessionEventListener: Session Metrics {
    20805 nanoseconds spent acquiring 2 JDBC connections;
    11682 nanoseconds spent releasing 2 JDBC connections;
    1841896 nanoseconds spent preparing 1 JDBC statements;
    583921 nanoseconds spent executing 1 JDBC statements;
    0 nanoseconds spent executing 0 JDBC batches;
    0 nanoseconds spent performing 0 L2C puts;
    0 nanoseconds spent performing 0 L2C hits;
    0 nanoseconds spent performing 0 L2C misses;
    0 nanoseconds spent executing 0 flushes (flushing a total of 0 entities and 0 collections);
    3164 nanoseconds spent executing 1 partial-flushes (flushing a total of 0 entities and 0 collections)
}
INFO  [2020-06-27 18:18:57,061] org.hibernate.engine.internal.StatisticalLoggingSessionEventListener: Session Metrics {
    19519 nanoseconds spent acquiring 2 JDBC connections;
    10330 nanoseconds spent releasing 2 JDBC connections;
    84862 nanoseconds spent preparing 1 JDBC statements;
    37173 nanoseconds spent executing 1 JDBC statements;
    0 nanoseconds spent executing 0 JDBC batches;
    0 nanoseconds spent performing 0 L2C puts;
    0 nanoseconds spent performing 0 L2C hits;
    0 nanoseconds spent performing 0 L2C misses;
    0 nanoseconds spent executing 0 flushes (flushing a total of 0 entities and 0 collections);
    2987 nanoseconds spent executing 1 partial-flushes (flushing a total of 0 entities and 0 collections)
}
Tests run: 5, Failures: 0, Errors: 0, Skipped: 0, Time elapsed: 0.42 sec - in io.dropwizard.hibernate.UnitOfWorkAwareProxyFactoryTest

Results :

Tests run: 76, Failures: 0, Errors: 0, Skipped: 0

[INFO]                                                                         
[INFO] ------------------------------------------------------------------------
[INFO] Building Dropwizard Authentication 1.2.0-rc7-SNAPSHOT
[INFO] ------------------------------------------------------------------------
[INFO] 
[INFO] --- maven-enforcer-plugin:1.4.1:enforce (enforce) @ dropwizard-auth ---
[INFO] Skipping Rule Enforcement.
[INFO] 
[INFO] --- maven-resources-plugin:3.0.1:resources (default-resources) @ dropwizard-auth ---
[INFO] Using 'UTF-8' encoding to copy filtered resources.
[INFO] skip non existing resourceDirectory /pfs/proj/nobackup/fs/projnb01/snic2020-10-10/dginelli/repairnator-workspace/repairnator-repairnator-experiments-dropwizard-dropwizard-279515036-20170925-155015_bugonly-firstCommit/dropwizard-auth/src/main/resources
[INFO] 
[INFO] --- maven-compiler-plugin:3.6.0:compile (default-compile) @ dropwizard-auth ---
[INFO] Nothing to compile - all classes are up to date
[INFO] 
[INFO] --- maven-resources-plugin:3.0.1:testResources (default-testResources) @ dropwizard-auth ---
[INFO] Using 'UTF-8' encoding to copy filtered resources.
[INFO] Copying 1 resource
[INFO] 
[INFO] --- maven-compiler-plugin:3.6.0:testCompile (default-testCompile) @ dropwizard-auth ---
[INFO] Nothing to compile - all classes are up to date
[INFO] 
[INFO] --- maven-surefire-plugin:2.19.1:test (default-test) @ dropwizard-auth ---
[INFO] Surefire report directory: /pfs/proj/nobackup/fs/projnb01/snic2020-10-10/dginelli/repairnator-workspace/repairnator-repairnator-experiments-dropwizard-dropwizard-279515036-20170925-155015_bugonly-firstCommit/dropwizard-auth/target/surefire-reports

-------------------------------------------------------
 T E S T S
-------------------------------------------------------
Running io.dropwizard.auth.chained.ChainedAuthProviderTest
Tests run: 15, Failures: 0, Errors: 0, Skipped: 0, Time elapsed: 5.461 sec - in io.dropwizard.auth.chained.ChainedAuthProviderTest
Running io.dropwizard.auth.CachingAuthenticatorTest
Tests run: 11, Failures: 0, Errors: 0, Skipped: 0, Time elapsed: 0.804 sec - in io.dropwizard.auth.CachingAuthenticatorTest
Running io.dropwizard.auth.basic.BasicCustomAuthProviderTest
Tests run: 14, Failures: 0, Errors: 0, Skipped: 0, Time elapsed: 1.279 sec - in io.dropwizard.auth.basic.BasicCustomAuthProviderTest
Running io.dropwizard.auth.basic.BasicCredentialsTest
Tests run: 5, Failures: 0, Errors: 0, Skipped: 0, Time elapsed: 0 sec - in io.dropwizard.auth.basic.BasicCredentialsTest
Running io.dropwizard.auth.basic.BasicAuthProviderTest
Tests run: 14, Failures: 0, Errors: 0, Skipped: 0, Time elapsed: 1.444 sec - in io.dropwizard.auth.basic.BasicAuthProviderTest
Running io.dropwizard.auth.CachingAuthorizerTest
Tests run: 10, Failures: 0, Errors: 0, Skipped: 0, Time elapsed: 0.071 sec - in io.dropwizard.auth.CachingAuthorizerTest
Running io.dropwizard.auth.oauth.OAuthCustomProviderTest
Tests run: 14, Failures: 0, Errors: 0, Skipped: 0, Time elapsed: 1.324 sec - in io.dropwizard.auth.oauth.OAuthCustomProviderTest
Running io.dropwizard.auth.oauth.OAuthProviderTest
Tests run: 15, Failures: 0, Errors: 0, Skipped: 0, Time elapsed: 1.356 sec - in io.dropwizard.auth.oauth.OAuthProviderTest
Running io.dropwizard.auth.OptionalAuthFilterOrderingTest
Tests run: 2, Failures: 0, Errors: 0, Skipped: 0, Time elapsed: 0.214 sec - in io.dropwizard.auth.OptionalAuthFilterOrderingTest
Running io.dropwizard.auth.principal.PolymorphicPrincipalEntityTest
Tests run: 8, Failures: 0, Errors: 0, Skipped: 0, Time elapsed: 0.833 sec - in io.dropwizard.auth.principal.PolymorphicPrincipalEntityTest
Running io.dropwizard.auth.principal.NoAuthPolymorphicPrincipalEntityTest
Tests run: 4, Failures: 0, Errors: 0, Skipped: 0, Time elapsed: 0.635 sec - in io.dropwizard.auth.principal.NoAuthPolymorphicPrincipalEntityTest
Running io.dropwizard.auth.principal.NoAuthPrincipalEntityTest
Tests run: 2, Failures: 0, Errors: 0, Skipped: 0, Time elapsed: 0.195 sec - in io.dropwizard.auth.principal.NoAuthPrincipalEntityTest
Running io.dropwizard.auth.AuthFilterTest
Tests run: 1, Failures: 0, Errors: 0, Skipped: 0, Time elapsed: 0.033 sec - in io.dropwizard.auth.AuthFilterTest

Results :

Tests run: 115, Failures: 0, Errors: 0, Skipped: 0

[INFO]                                                                         
[INFO] ------------------------------------------------------------------------
[INFO] Building Dropwizard Asset Bundle 1.2.0-rc7-SNAPSHOT
[INFO] ------------------------------------------------------------------------
[INFO] 
[INFO] --- maven-enforcer-plugin:1.4.1:enforce (enforce) @ dropwizard-assets ---
[INFO] Skipping Rule Enforcement.
[INFO] 
[INFO] --- maven-resources-plugin:3.0.1:resources (default-resources) @ dropwizard-assets ---
[INFO] Using 'UTF-8' encoding to copy filtered resources.
[INFO] skip non existing resourceDirectory /pfs/proj/nobackup/fs/projnb01/snic2020-10-10/dginelli/repairnator-workspace/repairnator-repairnator-experiments-dropwizard-dropwizard-279515036-20170925-155015_bugonly-firstCommit/dropwizard-assets/src/main/resources
[INFO] 
[INFO] --- maven-compiler-plugin:3.6.0:compile (default-compile) @ dropwizard-assets ---
[INFO] Nothing to compile - all classes are up to date
[INFO] 
[INFO] --- maven-resources-plugin:3.0.1:testResources (default-testResources) @ dropwizard-assets ---
[INFO] Using 'UTF-8' encoding to copy filtered resources.
[INFO] Copying 2 resources
[INFO] 
[INFO] --- maven-compiler-plugin:3.6.0:testCompile (default-testCompile) @ dropwizard-assets ---
[INFO] Nothing to compile - all classes are up to date
[INFO] 
[INFO] --- maven-surefire-plugin:2.19.1:test (default-test) @ dropwizard-assets ---
[INFO] Surefire report directory: /pfs/proj/nobackup/fs/projnb01/snic2020-10-10/dginelli/repairnator-workspace/repairnator-repairnator-experiments-dropwizard-dropwizard-279515036-20170925-155015_bugonly-firstCommit/dropwizard-assets/target/surefire-reports

-------------------------------------------------------
 T E S T S
-------------------------------------------------------
Running io.dropwizard.assets.AssetsBundleTest
18:19:15.652 [main] INFO io.dropwizard.assets.AssetsBundle - Registering AssetBundle with name: customAsset1 for path /what/new/*
18:19:15.923 [main] INFO io.dropwizard.assets.AssetsBundle - Registering AssetBundle with name: customAsset2 for path /what/old/*
18:19:15.925 [main] INFO io.dropwizard.assets.AssetsBundle - Registering AssetBundle with name: assets for path /what/*
18:19:15.926 [main] INFO io.dropwizard.assets.AssetsBundle - Registering AssetBundle with name: assets for path /what/*
18:19:15.927 [main] INFO io.dropwizard.assets.AssetsBundle - Registering AssetBundle with name: assets for path /json/*
18:19:15.929 [main] INFO io.dropwizard.assets.AssetsBundle - Registering AssetBundle with name: assets for path /assets/*
Tests run: 5, Failures: 0, Errors: 0, Skipped: 0, Time elapsed: 1.64 sec - in io.dropwizard.assets.AssetsBundleTest

Results :

Tests run: 5, Failures: 0, Errors: 0, Skipped: 0

[INFO]                                                                         
[INFO] ------------------------------------------------------------------------
[INFO] Building Dropwizard HTTP/2 Support 1.2.0-rc7-SNAPSHOT
[INFO] ------------------------------------------------------------------------
[INFO] 
[INFO] --- maven-enforcer-plugin:1.4.1:enforce (enforce) @ dropwizard-http2 ---
[INFO] Skipping Rule Enforcement.
[INFO] 
[INFO] --- maven-resources-plugin:3.0.1:resources (default-resources) @ dropwizard-http2 ---
[INFO] Using 'UTF-8' encoding to copy filtered resources.
[INFO] Copying 1 resource
[INFO] 
[INFO] --- maven-compiler-plugin:3.6.0:compile (default-compile) @ dropwizard-http2 ---
[INFO] Nothing to compile - all classes are up to date
[INFO] 
[INFO] --- maven-resources-plugin:3.0.1:testResources (default-testResources) @ dropwizard-http2 ---
[INFO] Using 'UTF-8' encoding to copy filtered resources.
[INFO] Copying 6 resources
[INFO] 
[INFO] --- maven-compiler-plugin:3.6.0:testCompile (default-testCompile) @ dropwizard-http2 ---
[INFO] Nothing to compile - all classes are up to date
[INFO] 
[INFO] --- maven-surefire-plugin:2.19.1:test (default-test) @ dropwizard-http2 ---
[INFO] Surefire report directory: /pfs/proj/nobackup/fs/projnb01/snic2020-10-10/dginelli/repairnator-workspace/repairnator-repairnator-experiments-dropwizard-dropwizard-279515036-20170925-155015_bugonly-firstCommit/dropwizard-http2/target/surefire-reports

-------------------------------------------------------
 T E S T S
-------------------------------------------------------
Running io.dropwizard.http2.Http2IntegrationTest
INFO  [2020-06-27 16:19:20,147] io.dropwizard.server.SimpleServerFactory: Registering jersey handler with root path prefix: /api
INFO  [2020-06-27 16:19:20,151] io.dropwizard.server.SimpleServerFactory: Registering admin handler with root path prefix: /admin
INFO  [2020-06-27 16:19:20,162] io.dropwizard.server.SimpleServerFactory: Registering jersey handler with root path prefix: /api
INFO  [2020-06-27 16:19:20,162] io.dropwizard.server.SimpleServerFactory: Registering admin handler with root path prefix: /admin
INFO  [2020-06-27 16:19:20,168] io.dropwizard.server.ServerFactory: Starting FakeApplication
INFO  [2020-06-27 16:19:20,591] io.dropwizard.server.SimpleServerFactory: Registering jersey handler with root path prefix: /api
INFO  [2020-06-27 16:19:20,591] io.dropwizard.server.SimpleServerFactory: Registering admin handler with root path prefix: /admin
INFO  [2020-06-27 16:19:20,591] io.dropwizard.server.SimpleServerFactory: Registering jersey handler with root path prefix: /api
INFO  [2020-06-27 16:19:20,591] io.dropwizard.server.SimpleServerFactory: Registering admin handler with root path prefix: /admin
INFO  [2020-06-27 16:19:20,592] io.dropwizard.server.ServerFactory: Starting FakeApplication
INFO  [2020-06-27 16:19:20,904] io.dropwizard.server.SimpleServerFactory: Registering jersey handler with root path prefix: /api
INFO  [2020-06-27 16:19:20,904] io.dropwizard.server.SimpleServerFactory: Registering admin handler with root path prefix: /admin
INFO  [2020-06-27 16:19:20,904] io.dropwizard.server.SimpleServerFactory: Registering jersey handler with root path prefix: /api
INFO  [2020-06-27 16:19:20,904] io.dropwizard.server.SimpleServerFactory: Registering admin handler with root path prefix: /admin
INFO  [2020-06-27 16:19:20,904] io.dropwizard.server.ServerFactory: Starting FakeApplication
Tests run: 3, Failures: 0, Errors: 3, Skipped: 0, Time elapsed: 3.309 sec <<< FAILURE! - in io.dropwizard.http2.Http2IntegrationTest
testHttp2(io.dropwizard.http2.Http2IntegrationTest)  Time elapsed: 2.142 sec  <<< ERROR!
java.lang.IllegalStateException: org.eclipse.jetty.alpn.ALPN must be on JVM boot classpath

testHttp2ManyRequests(io.dropwizard.http2.Http2IntegrationTest)  Time elapsed: 0.328 sec  <<< ERROR!
java.lang.IllegalStateException: org.eclipse.jetty.alpn.ALPN must be on JVM boot classpath

testHttp11(io.dropwizard.http2.Http2IntegrationTest)  Time elapsed: 0.321 sec  <<< ERROR!
java.lang.IllegalStateException: org.eclipse.jetty.alpn.ALPN must be on JVM boot classpath

Running io.dropwizard.http2.Http2ConnectorFactoryTest
Tests run: 3, Failures: 0, Errors: 0, Skipped: 0, Time elapsed: 0.04 sec - in io.dropwizard.http2.Http2ConnectorFactoryTest
Running io.dropwizard.http2.Http2WithCustomCipherTest
INFO  [2020-06-27 16:19:21,342] io.dropwizard.server.SimpleServerFactory: Registering jersey handler with root path prefix: /api
INFO  [2020-06-27 16:19:21,342] io.dropwizard.server.SimpleServerFactory: Registering admin handler with root path prefix: /admin
INFO  [2020-06-27 16:19:21,342] io.dropwizard.server.SimpleServerFactory: Registering jersey handler with root path prefix: /api
INFO  [2020-06-27 16:19:21,342] io.dropwizard.server.SimpleServerFactory: Registering admin handler with root path prefix: /admin
INFO  [2020-06-27 16:19:21,343] io.dropwizard.server.ServerFactory: Starting FakeApplication
Tests run: 1, Failures: 0, Errors: 1, Skipped: 0, Time elapsed: 0.319 sec <<< FAILURE! - in io.dropwizard.http2.Http2WithCustomCipherTest
testHttp2WithCustomCipher(io.dropwizard.http2.Http2WithCustomCipherTest)  Time elapsed: 0.319 sec  <<< ERROR!
java.lang.IllegalStateException: org.eclipse.jetty.alpn.ALPN must be on JVM boot classpath

Running io.dropwizard.http2.Http2CIntegrationTest
INFO  [2020-06-27 16:19:21,616] io.dropwizard.server.SimpleServerFactory: Registering jersey handler with root path prefix: /api
INFO  [2020-06-27 16:19:21,616] io.dropwizard.server.SimpleServerFactory: Registering admin handler with root path prefix: /admin
INFO  [2020-06-27 16:19:21,616] io.dropwizard.server.SimpleServerFactory: Registering jersey handler with root path prefix: /api
INFO  [2020-06-27 16:19:21,616] io.dropwizard.server.SimpleServerFactory: Registering admin handler with root path prefix: /admin
INFO  [2020-06-27 16:19:21,617] io.dropwizard.server.ServerFactory: Starting FakeApplication
INFO  [2020-06-27 16:19:21,837] org.eclipse.jetty.setuid.SetUIDListener: Opened FakeApplication@1c97c3bb{HTTP/1.1,[http/1.1, h2c]}{0.0.0.0:40695}
INFO  [2020-06-27 16:19:21,838] org.eclipse.jetty.server.Server: jetty-9.4.7.v20170914
INFO  [2020-06-27 16:19:22,969] io.dropwizard.jersey.DropwizardResourceConfig: The following paths were found for the configured resources:

    GET     /test (io.dropwizard.http2.FakeApplication.FakeResource)

INFO  [2020-06-27 16:19:22,971] org.eclipse.jetty.server.handler.ContextHandler: Started i.d.j.MutableServletContextHandler@182469d0{/api,null,AVAILABLE}
INFO  [2020-06-27 16:19:22,976] io.dropwizard.setup.AdminEnvironment: tasks = 

    POST    /tasks/log-level (io.dropwizard.servlets.tasks.LogConfigurationTask)
    POST    /tasks/gc (io.dropwizard.servlets.tasks.GarbageCollectionTask)

INFO  [2020-06-27 16:19:22,984] org.eclipse.jetty.server.handler.ContextHandler: Started i.d.j.MutableServletContextHandler@2eed6331{/admin,null,AVAILABLE}
INFO  [2020-06-27 16:19:23,015] org.eclipse.jetty.server.AbstractConnector: Started FakeApplication@1c97c3bb{HTTP/1.1,[http/1.1, h2c]}{0.0.0.0:40695}
INFO  [2020-06-27 16:19:23,016] org.eclipse.jetty.server.Server: Started @5986ms
127.0.0.1 - - [27/Jun/2020:16:19:23 +0000] "GET /api/test HTTP/2.0" 200 18 "-" "Jetty/9.4.7.v20170914" 170
127.0.0.1 - - [27/Jun/2020:16:19:23 +0000] "GET /api/test HTTP/2.0" 200 18 "-" "Jetty/9.4.7.v20170914" 172
127.0.0.1 - - [27/Jun/2020:16:19:23 +0000] "GET /api/test HTTP/2.0" 200 18 "-" "Jetty/9.4.7.v20170914" 180
127.0.0.1 - - [27/Jun/2020:16:19:23 +0000] "GET /api/test HTTP/2.0" 200 18 "-" "Jetty/9.4.7.v20170914" 181
127.0.0.1 - - [27/Jun/2020:16:19:23 +0000] "GET /api/test HTTP/2.0" 200 18 "-" "Jetty/9.4.7.v20170914" 182
127.0.0.1 - - [27/Jun/2020:16:19:23 +0000] "GET /api/test HTTP/2.0" 200 18 "-" "Jetty/9.4.7.v20170914" 183
127.0.0.1 - - [27/Jun/2020:16:19:23 +0000] "GET /api/test HTTP/2.0" 200 18 "-" "Jetty/9.4.7.v20170914" 183
127.0.0.1 - - [27/Jun/2020:16:19:23 +0000] "GET /api/test HTTP/2.0" 200 18 "-" "Jetty/9.4.7.v20170914" 184
127.0.0.1 - - [27/Jun/2020:16:19:23 +0000] "GET /api/test HTTP/2.0" 200 18 "-" "Jetty/9.4.7.v20170914" 186
127.0.0.1 - - [27/Jun/2020:16:19:23 +0000] "GET /api/test HTTP/2.0" 200 18 "-" "Jetty/9.4.7.v20170914" 187
127.0.0.1 - - [27/Jun/2020:16:19:23 +0000] "GET /api/test HTTP/2.0" 200 18 "-" "Jetty/9.4.7.v20170914" 188
127.0.0.1 - - [27/Jun/2020:16:19:23 +0000] "GET /api/test HTTP/2.0" 200 18 "-" "Jetty/9.4.7.v20170914" 187
127.0.0.1 - - [27/Jun/2020:16:19:23 +0000] "GET /api/test HTTP/2.0" 200 18 "-" "Jetty/9.4.7.v20170914" 189
127.0.0.1 - - [27/Jun/2020:16:19:23 +0000] "GET /api/test HTTP/2.0" 200 18 "-" "Jetty/9.4.7.v20170914" 190
127.0.0.1 - - [27/Jun/2020:16:19:23 +0000] "GET /api/test HTTP/2.0" 200 18 "-" "Jetty/9.4.7.v20170914" 192
127.0.0.1 - - [27/Jun/2020:16:19:23 +0000] "GET /api/test HTTP/2.0" 200 18 "-" "Jetty/9.4.7.v20170914" 193
127.0.0.1 - - [27/Jun/2020:16:19:23 +0000] "GET /api/test HTTP/2.0" 200 18 "-" "Jetty/9.4.7.v20170914" 194
127.0.0.1 - - [27/Jun/2020:16:19:23 +0000] "GET /api/test HTTP/2.0" 200 18 "-" "Jetty/9.4.7.v20170914" 195
127.0.0.1 - - [27/Jun/2020:16:19:23 +0000] "GET /api/test HTTP/2.0" 200 18 "-" "Jetty/9.4.7.v20170914" 198
127.0.0.1 - - [27/Jun/2020:16:19:23 +0000] "GET /api/test HTTP/2.0" 200 18 "-" "Jetty/9.4.7.v20170914" 198
127.0.0.1 - - [27/Jun/2020:16:19:23 +0000] "GET /api/test HTTP/2.0" 200 18 "-" "Jetty/9.4.7.v20170914" 200
127.0.0.1 - - [27/Jun/2020:16:19:23 +0000] "GET /api/test HTTP/2.0" 200 18 "-" "Jetty/9.4.7.v20170914" 201
127.0.0.1 - - [27/Jun/2020:16:19:23 +0000] "GET /api/test HTTP/2.0" 200 18 "-" "Jetty/9.4.7.v20170914" 202
127.0.0.1 - - [27/Jun/2020:16:19:23 +0000] "GET /api/test HTTP/2.0" 200 18 "-" "Jetty/9.4.7.v20170914" 202
127.0.0.1 - - [27/Jun/2020:16:19:23 +0000] "GET /api/test HTTP/2.0" 200 18 "-" "Jetty/9.4.7.v20170914" 202
127.0.0.1 - - [27/Jun/2020:16:19:23 +0000] "GET /api/test HTTP/2.0" 200 18 "-" "Jetty/9.4.7.v20170914" 203
127.0.0.1 - - [27/Jun/2020:16:19:23 +0000] "GET /api/test HTTP/2.0" 200 18 "-" "Jetty/9.4.7.v20170914" 204
127.0.0.1 - - [27/Jun/2020:16:19:23 +0000] "GET /api/test HTTP/2.0" 200 18 "-" "Jetty/9.4.7.v20170914" 206
127.0.0.1 - - [27/Jun/2020:16:19:23 +0000] "GET /api/test HTTP/2.0" 200 18 "-" "Jetty/9.4.7.v20170914" 208
127.0.0.1 - - [27/Jun/2020:16:19:23 +0000] "GET /api/test HTTP/2.0" 200 18 "-" "Jetty/9.4.7.v20170914" 209
127.0.0.1 - - [27/Jun/2020:16:19:23 +0000] "GET /api/test HTTP/2.0" 200 18 "-" "Jetty/9.4.7.v20170914" 211
127.0.0.1 - - [27/Jun/2020:16:19:23 +0000] "GET /api/test HTTP/2.0" 200 18 "-" "Jetty/9.4.7.v20170914" 212
127.0.0.1 - - [27/Jun/2020:16:19:23 +0000] "GET /api/test HTTP/2.0" 200 18 "-" "Jetty/9.4.7.v20170914" 212
127.0.0.1 - - [27/Jun/2020:16:19:23 +0000] "GET /api/test HTTP/2.0" 200 18 "-" "Jetty/9.4.7.v20170914" 214
127.0.0.1 - - [27/Jun/2020:16:19:23 +0000] "GET /api/test HTTP/2.0" 200 18 "-" "Jetty/9.4.7.v20170914" 215
127.0.0.1 - - [27/Jun/2020:16:19:23 +0000] "GET /api/test HTTP/2.0" 200 18 "-" "Jetty/9.4.7.v20170914" 215
127.0.0.1 - - [27/Jun/2020:16:19:23 +0000] "GET /api/test HTTP/2.0" 200 18 "-" "Jetty/9.4.7.v20170914" 216
127.0.0.1 - - [27/Jun/2020:16:19:23 +0000] "GET /api/test HTTP/2.0" 200 18 "-" "Jetty/9.4.7.v20170914" 217
127.0.0.1 - - [27/Jun/2020:16:19:23 +0000] "GET /api/test HTTP/2.0" 200 18 "-" "Jetty/9.4.7.v20170914" 217
127.0.0.1 - - [27/Jun/2020:16:19:23 +0000] "GET /api/test HTTP/2.0" 200 18 "-" "Jetty/9.4.7.v20170914" 218
127.0.0.1 - - [27/Jun/2020:16:19:23 +0000] "GET /api/test HTTP/2.0" 200 18 "-" "Jetty/9.4.7.v20170914" 219
127.0.0.1 - - [27/Jun/2020:16:19:23 +0000] "GET /api/test HTTP/2.0" 200 18 "-" "Jetty/9.4.7.v20170914" 222
127.0.0.1 - - [27/Jun/2020:16:19:23 +0000] "GET /api/test HTTP/2.0" 200 18 "-" "Jetty/9.4.7.v20170914" 222
127.0.0.1 - - [27/Jun/2020:16:19:23 +0000] "GET /api/test HTTP/2.0" 200 18 "-" "Jetty/9.4.7.v20170914" 223
127.0.0.1 - - [27/Jun/2020:16:19:23 +0000] "GET /api/test HTTP/2.0" 200 18 "-" "Jetty/9.4.7.v20170914" 224
127.0.0.1 - - [27/Jun/2020:16:19:23 +0000] "GET /api/test HTTP/2.0" 200 18 "-" "Jetty/9.4.7.v20170914" 226
127.0.0.1 - - [27/Jun/2020:16:19:23 +0000] "GET /api/test HTTP/2.0" 200 18 "-" "Jetty/9.4.7.v20170914" 226
127.0.0.1 - - [27/Jun/2020:16:19:23 +0000] "GET /api/test HTTP/2.0" 200 18 "-" "Jetty/9.4.7.v20170914" 227
127.0.0.1 - - [27/Jun/2020:16:19:23 +0000] "GET /api/test HTTP/2.0" 200 18 "-" "Jetty/9.4.7.v20170914" 228
127.0.0.1 - - [27/Jun/2020:16:19:23 +0000] "GET /api/test HTTP/2.0" 200 18 "-" "Jetty/9.4.7.v20170914" 230
127.0.0.1 - - [27/Jun/2020:16:19:23 +0000] "GET /api/test HTTP/2.0" 200 18 "-" "Jetty/9.4.7.v20170914" 229
127.0.0.1 - - [27/Jun/2020:16:19:23 +0000] "GET /api/test HTTP/2.0" 200 18 "-" "Jetty/9.4.7.v20170914" 230
127.0.0.1 - - [27/Jun/2020:16:19:23 +0000] "GET /api/test HTTP/2.0" 200 18 "-" "Jetty/9.4.7.v20170914" 231
127.0.0.1 - - [27/Jun/2020:16:19:23 +0000] "GET /api/test HTTP/2.0" 200 18 "-" "Jetty/9.4.7.v20170914" 234
127.0.0.1 - - [27/Jun/2020:16:19:23 +0000] "GET /api/test HTTP/2.0" 200 18 "-" "Jetty/9.4.7.v20170914" 233
127.0.0.1 - - [27/Jun/2020:16:19:23 +0000] "GET /api/test HTTP/2.0" 200 18 "-" "Jetty/9.4.7.v20170914" 234
127.0.0.1 - - [27/Jun/2020:16:19:23 +0000] "GET /api/test HTTP/2.0" 200 18 "-" "Jetty/9.4.7.v20170914" 235
127.0.0.1 - - [27/Jun/2020:16:19:23 +0000] "GET /api/test HTTP/2.0" 200 18 "-" "Jetty/9.4.7.v20170914" 237
127.0.0.1 - - [27/Jun/2020:16:19:23 +0000] "GET /api/test HTTP/2.0" 200 18 "-" "Jetty/9.4.7.v20170914" 237
127.0.0.1 - - [27/Jun/2020:16:19:23 +0000] "GET /api/test HTTP/2.0" 200 18 "-" "Jetty/9.4.7.v20170914" 238
127.0.0.1 - - [27/Jun/2020:16:19:23 +0000] "GET /api/test HTTP/2.0" 200 18 "-" "Jetty/9.4.7.v20170914" 239
127.0.0.1 - - [27/Jun/2020:16:19:23 +0000] "GET /api/test HTTP/2.0" 200 18 "-" "Jetty/9.4.7.v20170914" 242
127.0.0.1 - - [27/Jun/2020:16:19:23 +0000] "GET /api/test HTTP/2.0" 200 18 "-" "Jetty/9.4.7.v20170914" 241
127.0.0.1 - - [27/Jun/2020:16:19:23 +0000] "GET /api/test HTTP/2.0" 200 18 "-" "Jetty/9.4.7.v20170914" 242
127.0.0.1 - - [27/Jun/2020:16:19:23 +0000] "GET /api/test HTTP/2.0" 200 18 "-" "Jetty/9.4.7.v20170914" 243
127.0.0.1 - - [27/Jun/2020:16:19:23 +0000] "GET /api/test HTTP/2.0" 200 18 "-" "Jetty/9.4.7.v20170914" 246
127.0.0.1 - - [27/Jun/2020:16:19:23 +0000] "GET /api/test HTTP/2.0" 200 18 "-" "Jetty/9.4.7.v20170914" 245
127.0.0.1 - - [27/Jun/2020:16:19:23 +0000] "GET /api/test HTTP/2.0" 200 18 "-" "Jetty/9.4.7.v20170914" 246
127.0.0.1 - - [27/Jun/2020:16:19:23 +0000] "GET /api/test HTTP/2.0" 200 18 "-" "Jetty/9.4.7.v20170914" 250
127.0.0.1 - - [27/Jun/2020:16:19:23 +0000] "GET /api/test HTTP/2.0" 200 18 "-" "Jetty/9.4.7.v20170914" 248
127.0.0.1 - - [27/Jun/2020:16:19:23 +0000] "GET /api/test HTTP/2.0" 200 18 "-" "Jetty/9.4.7.v20170914" 249
127.0.0.1 - - [27/Jun/2020:16:19:23 +0000] "GET /api/test HTTP/2.0" 200 18 "-" "Jetty/9.4.7.v20170914" 250
127.0.0.1 - - [27/Jun/2020:16:19:23 +0000] "GET /api/test HTTP/2.0" 200 18 "-" "Jetty/9.4.7.v20170914" 254
127.0.0.1 - - [27/Jun/2020:16:19:23 +0000] "GET /api/test HTTP/2.0" 200 18 "-" "Jetty/9.4.7.v20170914" 252
127.0.0.1 - - [27/Jun/2020:16:19:23 +0000] "GET /api/test HTTP/2.0" 200 18 "-" "Jetty/9.4.7.v20170914" 253
127.0.0.1 - - [27/Jun/2020:16:19:23 +0000] "GET /api/test HTTP/2.0" 200 18 "-" "Jetty/9.4.7.v20170914" 254
127.0.0.1 - - [27/Jun/2020:16:19:23 +0000] "GET /api/test HTTP/2.0" 200 18 "-" "Jetty/9.4.7.v20170914" 255
127.0.0.1 - - [27/Jun/2020:16:19:23 +0000] "GET /api/test HTTP/2.0" 200 18 "-" "Jetty/9.4.7.v20170914" 292
127.0.0.1 - - [27/Jun/2020:16:19:23 +0000] "GET /api/test HTTP/2.0" 200 18 "-" "Jetty/9.4.7.v20170914" 294
127.0.0.1 - - [27/Jun/2020:16:19:23 +0000] "GET /api/test HTTP/2.0" 200 18 "-" "Jetty/9.4.7.v20170914" 294
127.0.0.1 - - [27/Jun/2020:16:19:23 +0000] "GET /api/test HTTP/2.0" 200 18 "-" "Jetty/9.4.7.v20170914" 295
127.0.0.1 - - [27/Jun/2020:16:19:23 +0000] "GET /api/test HTTP/2.0" 200 18 "-" "Jetty/9.4.7.v20170914" 295
127.0.0.1 - - [27/Jun/2020:16:19:23 +0000] "GET /api/test HTTP/2.0" 200 18 "-" "Jetty/9.4.7.v20170914" 297
127.0.0.1 - - [27/Jun/2020:16:19:23 +0000] "GET /api/test HTTP/2.0" 200 18 "-" "Jetty/9.4.7.v20170914" 297
127.0.0.1 - - [27/Jun/2020:16:19:23 +0000] "GET /api/test HTTP/2.0" 200 18 "-" "Jetty/9.4.7.v20170914" 298
127.0.0.1 - - [27/Jun/2020:16:19:23 +0000] "GET /api/test HTTP/2.0" 200 18 "-" "Jetty/9.4.7.v20170914" 299
127.0.0.1 - - [27/Jun/2020:16:19:23 +0000] "GET /api/test HTTP/2.0" 200 18 "-" "Jetty/9.4.7.v20170914" 306
127.0.0.1 - - [27/Jun/2020:16:19:23 +0000] "GET /api/test HTTP/2.0" 200 18 "-" "Jetty/9.4.7.v20170914" 307
127.0.0.1 - - [27/Jun/2020:16:19:23 +0000] "GET /api/test HTTP/2.0" 200 18 "-" "Jetty/9.4.7.v20170914" 308
127.0.0.1 - - [27/Jun/2020:16:19:23 +0000] "GET /api/test HTTP/2.0" 200 18 "-" "Jetty/9.4.7.v20170914" 310
127.0.0.1 - - [27/Jun/2020:16:19:23 +0000] "GET /api/test HTTP/2.0" 200 18 "-" "Jetty/9.4.7.v20170914" 311
127.0.0.1 - - [27/Jun/2020:16:19:23 +0000] "GET /api/test HTTP/2.0" 200 18 "-" "Jetty/9.4.7.v20170914" 311
127.0.0.1 - - [27/Jun/2020:16:19:23 +0000] "GET /api/test HTTP/2.0" 200 18 "-" "Jetty/9.4.7.v20170914" 316
127.0.0.1 - - [27/Jun/2020:16:19:23 +0000] "GET /api/test HTTP/2.0" 200 18 "-" "Jetty/9.4.7.v20170914" 321
127.0.0.1 - - [27/Jun/2020:16:19:23 +0000] "GET /api/test HTTP/2.0" 200 18 "-" "Jetty/9.4.7.v20170914" 329
127.0.0.1 - - [27/Jun/2020:16:19:23 +0000] "GET /api/test HTTP/2.0" 200 18 "-" "Jetty/9.4.7.v20170914" 344
127.0.0.1 - - [27/Jun/2020:16:19:23 +0000] "GET /api/test HTTP/2.0" 200 18 "-" "Jetty/9.4.7.v20170914" 345
127.0.0.1 - - [27/Jun/2020:16:19:23 +0000] "GET /api/test HTTP/2.0" 200 18 "-" "Jetty/9.4.7.v20170914" 345
127.0.0.1 - - [27/Jun/2020:16:19:23 +0000] "GET /api/test HTTP/2.0" 200 18 "-" "Jetty/9.4.7.v20170914" 347
127.0.0.1 - - [27/Jun/2020:16:19:23 +0000] "GET /api/test HTTP/2.0" 200 18 "-" "Jetty/9.4.7.v20170914" 346
INFO  [2020-06-27 16:19:23,886] org.eclipse.jetty.server.AbstractConnector: Stopped FakeApplication@1c97c3bb{HTTP/1.1,[http/1.1, h2c]}{0.0.0.0:0}
INFO  [2020-06-27 16:19:23,888] org.eclipse.jetty.server.handler.ContextHandler: Stopped i.d.j.MutableServletContextHandler@2eed6331{/admin,null,UNAVAILABLE}
INFO  [2020-06-27 16:19:23,890] org.eclipse.jetty.server.handler.ContextHandler: Stopped i.d.j.MutableServletContextHandler@182469d0{/api,null,UNAVAILABLE}
INFO  [2020-06-27 16:19:24,039] io.dropwizard.server.SimpleServerFactory: Registering jersey handler with root path prefix: /api
INFO  [2020-06-27 16:19:24,039] io.dropwizard.server.SimpleServerFactory: Registering admin handler with root path prefix: /admin
INFO  [2020-06-27 16:19:24,039] io.dropwizard.server.SimpleServerFactory: Registering jersey handler with root path prefix: /api
INFO  [2020-06-27 16:19:24,039] io.dropwizard.server.SimpleServerFactory: Registering admin handler with root path prefix: /admin
INFO  [2020-06-27 16:19:24,040] io.dropwizard.server.ServerFactory: Starting FakeApplication
INFO  [2020-06-27 16:19:24,103] org.eclipse.jetty.setuid.SetUIDListener: Opened FakeApplication@6db99c79{HTTP/1.1,[http/1.1, h2c]}{0.0.0.0:37307}
INFO  [2020-06-27 16:19:24,103] org.eclipse.jetty.server.Server: jetty-9.4.7.v20170914
INFO  [2020-06-27 16:19:24,275] io.dropwizard.jersey.DropwizardResourceConfig: The following paths were found for the configured resources:

    GET     /test (io.dropwizard.http2.FakeApplication.FakeResource)

INFO  [2020-06-27 16:19:24,278] org.eclipse.jetty.server.handler.ContextHandler: Started i.d.j.MutableServletContextHandler@521032a6{/api,null,AVAILABLE}
INFO  [2020-06-27 16:19:24,280] io.dropwizard.setup.AdminEnvironment: tasks = 

    POST    /tasks/log-level (io.dropwizard.servlets.tasks.LogConfigurationTask)
    POST    /tasks/gc (io.dropwizard.servlets.tasks.GarbageCollectionTask)

INFO  [2020-06-27 16:19:24,281] org.eclipse.jetty.server.handler.ContextHandler: Started i.d.j.MutableServletContextHandler@24032706{/admin,null,AVAILABLE}
INFO  [2020-06-27 16:19:24,284] org.eclipse.jetty.server.AbstractConnector: Started FakeApplication@6db99c79{HTTP/1.1,[http/1.1, h2c]}{0.0.0.0:37307}
INFO  [2020-06-27 16:19:24,285] org.eclipse.jetty.server.Server: Started @7255ms
127.0.0.1 - - [27/Jun/2020:16:19:24 +0000] "GET /api/test HTTP/1.1" 200 18 "-" "Jersey/2.25.1 (HttpUrlConnection 1.8.0_202)" 12
INFO  [2020-06-27 16:19:24,534] org.eclipse.jetty.server.AbstractConnector: Stopped FakeApplication@6db99c79{HTTP/1.1,[http/1.1, h2c]}{0.0.0.0:0}
INFO  [2020-06-27 16:19:24,534] org.eclipse.jetty.server.handler.ContextHandler: Stopped i.d.j.MutableServletContextHandler@24032706{/admin,null,UNAVAILABLE}
INFO  [2020-06-27 16:19:24,535] org.eclipse.jetty.server.handler.ContextHandler: Stopped i.d.j.MutableServletContextHandler@521032a6{/api,null,UNAVAILABLE}
INFO  [2020-06-27 16:19:24,674] io.dropwizard.server.SimpleServerFactory: Registering jersey handler with root path prefix: /api
INFO  [2020-06-27 16:19:24,674] io.dropwizard.server.SimpleServerFactory: Registering admin handler with root path prefix: /admin
INFO  [2020-06-27 16:19:24,674] io.dropwizard.server.SimpleServerFactory: Registering jersey handler with root path prefix: /api
INFO  [2020-06-27 16:19:24,674] io.dropwizard.server.SimpleServerFactory: Registering admin handler with root path prefix: /admin
INFO  [2020-06-27 16:19:24,675] io.dropwizard.server.ServerFactory: Starting FakeApplication
INFO  [2020-06-27 16:19:24,726] org.eclipse.jetty.setuid.SetUIDListener: Opened FakeApplication@27131d01{HTTP/1.1,[http/1.1, h2c]}{0.0.0.0:38611}
INFO  [2020-06-27 16:19:24,726] org.eclipse.jetty.server.Server: jetty-9.4.7.v20170914
INFO  [2020-06-27 16:19:24,862] io.dropwizard.jersey.DropwizardResourceConfig: The following paths were found for the configured resources:

    GET     /test (io.dropwizard.http2.FakeApplication.FakeResource)

INFO  [2020-06-27 16:19:24,863] org.eclipse.jetty.server.handler.ContextHandler: Started i.d.j.MutableServletContextHandler@75b598a5{/api,null,AVAILABLE}
INFO  [2020-06-27 16:19:24,864] io.dropwizard.setup.AdminEnvironment: tasks = 

    POST    /tasks/log-level (io.dropwizard.servlets.tasks.LogConfigurationTask)
    POST    /tasks/gc (io.dropwizard.servlets.tasks.GarbageCollectionTask)

INFO  [2020-06-27 16:19:24,865] org.eclipse.jetty.server.handler.ContextHandler: Started i.d.j.MutableServletContextHandler@518e9141{/admin,null,AVAILABLE}
INFO  [2020-06-27 16:19:24,868] org.eclipse.jetty.server.AbstractConnector: Started FakeApplication@27131d01{HTTP/1.1,[http/1.1, h2c]}{0.0.0.0:38611}
INFO  [2020-06-27 16:19:24,868] org.eclipse.jetty.server.Server: Started @7838ms
127.0.0.1 - - [27/Jun/2020:16:19:24 +0000] "GET /api/test HTTP/2.0" 200 18 "-" "Jetty/9.4.7.v20170914" 17
INFO  [2020-06-27 16:19:24,973] org.eclipse.jetty.server.AbstractConnector: Stopped FakeApplication@27131d01{HTTP/1.1,[http/1.1, h2c]}{0.0.0.0:0}
INFO  [2020-06-27 16:19:24,973] org.eclipse.jetty.server.handler.ContextHandler: Stopped i.d.j.MutableServletContextHandler@518e9141{/admin,null,UNAVAILABLE}
INFO  [2020-06-27 16:19:24,974] org.eclipse.jetty.server.handler.ContextHandler: Stopped i.d.j.MutableServletContextHandler@75b598a5{/api,null,UNAVAILABLE}
Tests run: 3, Failures: 0, Errors: 0, Skipped: 0, Time elapsed: 3.507 sec - in io.dropwizard.http2.Http2CIntegrationTest

Results :

Tests in error: 
  Http2IntegrationTest.testHttp11  IllegalState org.eclipse.jetty.alpn.ALPN mus...
  Http2IntegrationTest.testHttp2  IllegalState org.eclipse.jetty.alpn.ALPN must...
  Http2IntegrationTest.testHttp2ManyRequests  IllegalState org.eclipse.jetty.al...
  Http2WithCustomCipherTest.testHttp2WithCustomCipher  IllegalState org.eclipse...

Tests run: 10, Failures: 0, Errors: 4, Skipped: 0

[INFO] ------------------------------------------------------------------------
[INFO] Reactor Summary:
[INFO] 
[INFO] Dropwizard Project ................................. SUCCESS [  1.845 s]
[INFO] Dropwizard Documentation ........................... SUCCESS [  3.482 s]
[INFO] Dropwizard BOM ..................................... SUCCESS [  0.035 s]
[INFO] Dropwizard Utility Classes ......................... SUCCESS [  3.605 s]
[INFO] Dropwizard Jackson Support ......................... SUCCESS [  3.413 s]
[INFO] Dropwizard Validation Support ...................... SUCCESS [  2.817 s]
[INFO] Dropwizard Configuration Support ................... SUCCESS [ 16.771 s]
[INFO] Dropwizard Logging Support ......................... SUCCESS [  5.177 s]
[INFO] Dropwizard Lifecycle Support ....................... SUCCESS [  2.870 s]
[INFO] Dropwizard Metrics Support ......................... SUCCESS [  3.984 s]
[INFO] Dropwizard Jersey Support .......................... SUCCESS [ 32.111 s]
[INFO] Dropwizard Servlet Support ......................... SUCCESS [  4.115 s]
[INFO] Dropwizard Jetty Support ........................... SUCCESS [  9.086 s]
[INFO] Dropwizard Request Logging Support ................. SUCCESS [  6.260 s]
[INFO] Dropwizard ......................................... SUCCESS [ 14.144 s]
[INFO] Dropwizard Test Helpers ............................ SUCCESS [ 14.948 s]
[INFO] Dropwizard HTTP Client ............................. SUCCESS [ 21.423 s]
[INFO] Dropwizard Database Support ........................ SUCCESS [  5.023 s]
[INFO] Dropwizard JDBI Support ............................ SUCCESS [  9.059 s]
[INFO] Dropwizard Migrations .............................. SUCCESS [ 10.272 s]
[INFO] Dropwizard Hibernate Support ....................... SUCCESS [ 17.856 s]
[INFO] Dropwizard Authentication .......................... SUCCESS [ 15.853 s]
[INFO] Dropwizard Asset Bundle ............................ SUCCESS [  2.996 s]
[INFO] Dropwizard HTTP/2 Support .......................... FAILURE [  9.053 s]
[INFO] Dropwizard Views ................................... SKIPPED
[INFO] Dropwizard Freemarker Views ........................ SKIPPED
[INFO] Dropwizard Mustache Views .......................... SKIPPED
[INFO] Dropwizard Metrics Support for Graphite ............ SKIPPED
[INFO] Dropwizard Example Application ..................... SKIPPED
[INFO] Dropwizard Multipart Form Support .................. SKIPPED
[INFO] Dropwizard Metrics Support for Ganglia ............. SKIPPED
[INFO] Dropwizard Archetypes .............................. SKIPPED
[INFO] Dropwizard Archetype for Simple Java Services ...... SKIPPED
[INFO] Dropwizard Benchmarks .............................. SKIPPED
[INFO] Dropwizard End-to-end Tests ........................ SKIPPED
[INFO] ------------------------------------------------------------------------
[INFO] BUILD FAILURE
[INFO] ------------------------------------------------------------------------
[INFO] Total time: 03:38 min
[INFO] Finished at: 2020-06-27T18:19:25+02:00
[INFO] Final Memory: 42M/101M
[INFO] ------------------------------------------------------------------------
[ERROR] Failed to execute goal org.apache.maven.plugins:maven-surefire-plugin:2.19.1:test (default-test) on project dropwizard-http2: There are test failures.
[ERROR] 
[ERROR] Please refer to /pfs/proj/nobackup/fs/projnb01/snic2020-10-10/dginelli/repairnator-workspace/repairnator-repairnator-experiments-dropwizard-dropwizard-279515036-20170925-155015_bugonly-firstCommit/dropwizard-http2/target/surefire-reports for the individual test results.
[ERROR] -> [Help 1]
org.apache.maven.lifecycle.LifecycleExecutionException: Failed to execute goal org.apache.maven.plugins:maven-surefire-plugin:2.19.1:test (default-test) on project dropwizard-http2: There are test failures.

Please refer to /pfs/proj/nobackup/fs/projnb01/snic2020-10-10/dginelli/repairnator-workspace/repairnator-repairnator-experiments-dropwizard-dropwizard-279515036-20170925-155015_bugonly-firstCommit/dropwizard-http2/target/surefire-reports for the individual test results.
	at org.apache.maven.lifecycle.internal.MojoExecutor.execute(MojoExecutor.java:212)
	at org.apache.maven.lifecycle.internal.MojoExecutor.execute(MojoExecutor.java:153)
	at org.apache.maven.lifecycle.internal.MojoExecutor.execute(MojoExecutor.java:145)
	at org.apache.maven.lifecycle.internal.LifecycleModuleBuilder.buildProject(LifecycleModuleBuilder.java:116)
	at org.apache.maven.lifecycle.internal.LifecycleModuleBuilder.buildProject(LifecycleModuleBuilder.java:80)
	at org.apache.maven.lifecycle.internal.builder.singlethreaded.SingleThreadedBuilder.build(SingleThreadedBuilder.java:51)
	at org.apache.maven.lifecycle.internal.LifecycleStarter.execute(LifecycleStarter.java:128)
	at org.apache.maven.DefaultMaven.doExecute(DefaultMaven.java:307)
	at org.apache.maven.DefaultMaven.doExecute(DefaultMaven.java:193)
	at org.apache.maven.DefaultMaven.execute(DefaultMaven.java:106)
	at org.apache.maven.cli.MavenCli.execute(MavenCli.java:863)
	at org.apache.maven.cli.MavenCli.doMain(MavenCli.java:288)
	at org.apache.maven.cli.MavenCli.main(MavenCli.java:199)
	at sun.reflect.NativeMethodAccessorImpl.invoke0(Native Method)
	at sun.reflect.NativeMethodAccessorImpl.invoke(NativeMethodAccessorImpl.java:62)
	at sun.reflect.DelegatingMethodAccessorImpl.invoke(DelegatingMethodAccessorImpl.java:43)
	at java.lang.reflect.Method.invoke(Method.java:498)
	at org.codehaus.plexus.classworlds.launcher.Launcher.launchEnhanced(Launcher.java:289)
	at org.codehaus.plexus.classworlds.launcher.Launcher.launch(Launcher.java:229)
	at org.codehaus.plexus.classworlds.launcher.Launcher.mainWithExitCode(Launcher.java:415)
	at org.codehaus.plexus.classworlds.launcher.Launcher.main(Launcher.java:356)
Caused by: org.apache.maven.plugin.MojoFailureException: There are test failures.

Please refer to /pfs/proj/nobackup/fs/projnb01/snic2020-10-10/dginelli/repairnator-workspace/repairnator-repairnator-experiments-dropwizard-dropwizard-279515036-20170925-155015_bugonly-firstCommit/dropwizard-http2/target/surefire-reports for the individual test results.
	at org.apache.maven.plugin.surefire.SurefireHelper.reportExecution(SurefireHelper.java:91)
	at org.apache.maven.plugin.surefire.SurefirePlugin.handleSummary(SurefirePlugin.java:320)
	at org.apache.maven.plugin.surefire.AbstractSurefireMojo.executeAfterPreconditionsChecked(AbstractSurefireMojo.java:892)
	at org.apache.maven.plugin.surefire.AbstractSurefireMojo.execute(AbstractSurefireMojo.java:755)
	at org.apache.maven.plugin.DefaultBuildPluginManager.executeMojo(DefaultBuildPluginManager.java:134)
	at org.apache.maven.lifecycle.internal.MojoExecutor.execute(MojoExecutor.java:207)
	... 20 more
[ERROR] 
[ERROR] Re-run Maven using the -X switch to enable full debug logging.
[ERROR] 
[ERROR] For more information about the errors and possible solutions, please read the following articles:
[ERROR] [Help 1] http://cwiki.apache.org/confluence/display/MAVEN/MojoFailureException
[ERROR] 
[ERROR] After correcting the problems, you can resume the build with the command
[ERROR]   mvn <goals> -rf :dropwizard-http2
