[INFO] pl.project13.maven.git.log.MavenLoggerBridge - isPomProject is true and skipPoms is true, return
[INFO] pl.project13.maven.git.log.MavenLoggerBridge - dotGitDirectory /pfs/proj/nobackup/fs/projnb01/snic2020-10-10/dginelli/repairnator-workspace/repairnator-repairnator-experiments-ctripcorp-apollo-389668297-20180608-125754-firstCommit/.git
[INFO] pl.project13.maven.git.log.MavenLoggerBridge - git.build.user.name 
[INFO] pl.project13.maven.git.log.MavenLoggerBridge - git.build.user.email 
[INFO] pl.project13.maven.git.log.MavenLoggerBridge - git.branch d878213af4cb874c1e1c25c22784d9e031e8e1fe
[INFO] pl.project13.maven.git.log.MavenLoggerBridge - --always = true
[INFO] pl.project13.maven.git.log.MavenLoggerBridge - --dirty = -dirty
[INFO] pl.project13.maven.git.log.MavenLoggerBridge - --abbrev = 7
[INFO] pl.project13.maven.git.log.MavenLoggerBridge - Tag refs [ [] ]
[INFO] pl.project13.maven.git.log.MavenLoggerBridge - Created map: [ {} ] 
[INFO] pl.project13.maven.git.log.MavenLoggerBridge - HEAD is [ d878213af4cb874c1e1c25c22784d9e031e8e1fe ] 
[INFO] pl.project13.maven.git.log.MavenLoggerBridge - Repo is in dirty state [ true ]
[INFO] pl.project13.maven.git.log.MavenLoggerBridge - git.commit.id.describe d878213-dirty
[INFO] pl.project13.maven.git.log.MavenLoggerBridge - git.commit.id d878213af4cb874c1e1c25c22784d9e031e8[INFO] 
[INFO] --- maven-resources-plugin:2.6:resources (default-resources) @ apollo-buildtools ---
[INFO] Using 'UTF-8' encoding to copy filtered resources.
[INFO] Copying 1 resource
[INFO] Copying 1 resource
[INFO] 
[INFO] --- maven-compiler-plugin:3.6.0:compile (default-compile) @ apollo-buildtools ---
[INFO] No sources to compile
[INFO] 
[INFO] --- maven-resources-plugin:2.6:testResources (default-testResources) @ apollo-buildtools ---
[INFO] Using 'UTF-8' encoding to copy filtered resources.
[INFO] skip non existing resourceDirectory /pfs/proj/nobackup/fs/projnb01/snic2020-10-10/dginelli/repairnator-workspace/repairnator-repairnator-experiments-ctripcorp-apollo-389668297-20180608-125754-firstCommit/apollo-buildtools/src/test/resources
[INFO] 
[INFO] --- maven-compiler-plugin:3.6.0:testCompile (default-testCompile) @ apollo-buildtools ---
[INFO] No sources to compile
[INFO] 
[INFO] --- maven-surefire-plugin:2.19.1:test (default-test) @ apollo-buildtools ---
[INFO] No tests to run.
[INFO]                                                                         
[INFO] ------------------------------------------------------------------------
[INFO] Building Apollo Core 0.11.0-SNAPSHOT
[INFO] ------------------------------------------------------------------------
[INFO] 
[INFO] --- git-commit-id-plugin:2.2.0:revision (default) @ apollo-core ---
[INFO] 
[INFO] --- maven-resources-plugin:2.6:resources (default-resources) @ apollo-core ---
[INFO] Using 'UTF-8' encoding to copy filtered resources.
[INFO] Copying 1 resource
[INFO] Copying 2 resources
[INFO] 
[INFO] --- maven-compiler-plugin:3.6.0:compile (default-compile) @ apollo-core ---
[INFO] Nothing to compile - all classes are up to date
[INFO] 
[INFO] --- maven-resources-plugin:2.6:testResources (default-testResources) @ apollo-core ---
[INFO] Using 'UTF-8' encoding to copy filtered resources.
[INFO] Copying 12 resources
[INFO] 
[INFO] --- maven-compiler-plugin:3.6.0:testCompile (default-testCompile) @ apollo-core ---
[INFO] Nothing to compile - all classes are up to date
[INFO] 
[INFO] --- maven-surefire-plugin:2.19.1:test (default-test) @ apollo-core ---
[INFO] Surefire report directory: /pfs/proj/nobackup/fs/projnb01/snic2020-10-10/dginelli/repairnator-workspace/repairnator-repairnator-experiments-ctripcorp-apollo-389668297-20180608-125754-firstCommit/apollo-core/target/surefire-reports
[INFO] Downloading: https://repo.maven.apache.org/maven2/org/apache/maven/surefire/surefire-junit4/2.19.1/surefire-junit4-2.19.1.pom
[INFO] Downloaded: https://repo.maven.apache.org/maven2/org/apache/maven/surefire/surefire-junit4/2.19.1/surefire-junit4-2.19.1.pom (4 KB at 8.2 KB/sec)
[INFO] Downloading: https://repo.maven.apache.org/maven2/org/apache/maven/surefire/surefire-providers/2.19.1/surefire-providers-2.19.1.pom
[INFO] Downloaded: https://repo.maven.apache.org/maven2/org/apache/maven/surefire/surefire-providers/2.19.1/surefire-providers-2.19.1.pom (3 KB at 48.1 KB/sec)
[INFO] Downloading: https://repo.maven.apache.org/maven2/org/apache/maven/surefire/surefire-junit4/2.19.1/surefire-junit4-2.19.1.jar
[INFO] Downloaded: https://repo.maven.apache.org/maven2/org/apache/maven/surefire/surefire-junit4/2.19.1/surefire-junit4-2.19.1.jar (74 KB at 898.2 KB/sec)

-------------------------------------------------------
 T E S T S
-------------------------------------------------------
Running com.ctrip.framework.apollo.core.MetaDomainTest
Tests run: 1, Failures: 0, Errors: 1, Skipped: 0, Time elapsed: 0.818 sec <<< FAILURE! - in com.ctrip.framework.apollo.core.MetaDomainTest
testGetMetaDomain(com.ctrip.framework.apollo.core.MetaDomainTest)  Time elapsed: 0.749 sec  <<< ERROR!
java.lang.RuntimeException: invalid meta address, please check $env_meta config!
	at com.ctrip.framework.apollo.core.MetaDomainTest.testGetMetaDomain(MetaDomainTest.java:12)

Running com.ctrip.framework.apollo.core.utils.NetUtilTest
Tests run: 2, Failures: 1, Errors: 1, Skipped: 0, Time elapsed: 1.176 sec <<< FAILURE! - in com.ctrip.framework.apollo.core.utils.NetUtilTest
testCheckUrl(com.ctrip.framework.apollo.core.utils.NetUtilTest)  Time elapsed: 1.118 sec  <<< FAILURE!
java.lang.AssertionError: expected:<false> but was:<true>
	at com.ctrip.framework.apollo.core.utils.NetUtilTest.testCheckUrl(NetUtilTest.java:13)

testGetValidAddress(com.ctrip.framework.apollo.core.utils.NetUtilTest)  Time elapsed: 0.058 sec  <<< ERROR!
java.lang.RuntimeException: invalid meta address, please check $env_meta config!
	at com.ctrip.framework.apollo.core.utils.NetUtilTest.testGetValidAddress(NetUtilTest.java:19)

Running com.ctrip.framework.apollo.tracer.TracerTest
[apollo-client][main]2020-06-27 18:13:17,583 WARN  [com.ctrip.framework.apollo.tracer.Tracer] Failed to log error for cause: Mock for Throwable, hashCode: 1766505436
java.lang.RuntimeException
[apollo-client][main]2020-06-27 18:13:17,588 WARN  [com.ctrip.framework.apollo.tracer.Tracer] Failed to create transaction for type: someType, name: someName
java.lang.RuntimeException
[apollo-client][main]2020-06-27 18:13:17,609 WARN  [com.ctrip.framework.apollo.tracer.Tracer] Failed to log error for message: someMessage, cause: Mock for Throwable, hashCode: 173099767
java.lang.RuntimeException
[apollo-client][main]2020-06-27 18:13:17,621 WARN  [com.ctrip.framework.apollo.tracer.Tracer] Failed to log event for type: someType, name: someName
java.lang.RuntimeException
[apollo-client][main]2020-06-27 18:13:17,623 WARN  [com.ctrip.framework.apollo.tracer.Tracer] Failed to log event for type: someType, name: someName, status: someStatus, nameValuePairs: someNameValuePairs
java.lang.RuntimeException
Tests run: 10, Failures: 0, Errors: 0, Skipped: 0, Time elapsed: 0.257 sec - in com.ctrip.framework.apollo.tracer.TracerTest
Running com.ctrip.framework.apollo.tracer.internals.NullMessageProducerTest
Tests run: 1, Failures: 0, Errors: 0, Skipped: 0, Time elapsed: 0 sec - in com.ctrip.framework.apollo.tracer.internals.NullMessageProducerTest
Running com.ctrip.framework.apollo.tracer.internals.DefaultMessageProducerManagerTest
Tests run: 1, Failures: 0, Errors: 0, Skipped: 0, Time elapsed: 0 sec - in com.ctrip.framework.apollo.tracer.internals.DefaultMessageProducerManagerTest
Running com.ctrip.framework.apollo.tracer.internals.NullMessageProducerManagerTest
Tests run: 1, Failures: 0, Errors: 0, Skipped: 0, Time elapsed: 0 sec - in com.ctrip.framework.apollo.tracer.internals.NullMessageProducerManagerTest
Running com.ctrip.framework.apollo.foundation.FoundationTest
[apollo-client][main]2020-06-27 18:13:17,690 INFO  [com.ctrip.framework.foundation.internals.provider.DefaultApplicationProvider] App ID is set to 110402 by app.id property from /META-INF/app.properties
[apollo-client][main]2020-06-27 18:13:17,693 WARN  [com.ctrip.framework.foundation.internals.provider.DefaultServerProvider] /opt/settings/server.properties does not exist or is not readable.
[apollo-client][main]2020-06-27 18:13:17,693 INFO  [com.ctrip.framework.foundation.internals.provider.DefaultServerProvider] Environment is set to [pro] by JVM system property 'env'.
Tests run: 3, Failures: 0, Errors: 0, Skipped: 0, Time elapsed: 0.052 sec - in com.ctrip.framework.apollo.foundation.FoundationTest
Running com.ctrip.framework.apollo.foundation.internals.ServiceBootstrapTest
Tests run: 5, Failures: 0, Errors: 0, Skipped: 0, Time elapsed: 0.019 sec - in com.ctrip.framework.apollo.foundation.internals.ServiceBootstrapTest
Running com.ctrip.framework.apollo.foundation.internals.provider.DefaultApplicationProviderTest
[apollo-client][main]2020-06-27 18:13:17,750 INFO  [com.ctrip.framework.foundation.internals.provider.DefaultApplicationProvider] App ID is set to 110402 by app.id property from /META-INF/app.properties
[apollo-client][main]2020-06-27 18:13:17,752 INFO  [com.ctrip.framework.foundation.internals.provider.DefaultApplicationProvider] App ID is set to 110402 by app.id property from /META-INF/app.properties
[apollo-client][main]2020-06-27 18:13:17,753 INFO  [com.ctrip.framework.foundation.internals.provider.DefaultApplicationProvider] App ID is set to someAppId by app.id property from System Property
Tests run: 4, Failures: 0, Errors: 0, Skipped: 0, Time elapsed: 0 sec - in com.ctrip.framework.apollo.foundation.internals.provider.DefaultApplicationProviderTest
Running com.ctrip.framework.apollo.foundation.internals.provider.DefaultServerProviderTest
[apollo-client][main]2020-06-27 18:13:17,757 WARN  [com.ctrip.framework.foundation.internals.provider.DefaultApplicationProvider] app.id is not available from System Property and /META-INF/app.properties. It is set to null
[apollo-client][main]2020-06-27 18:13:17,758 WARN  [com.ctrip.framework.foundation.internals.provider.DefaultServerProvider] Environment is set to null. Because it is not available in either (1) JVM system property 'env', (2) OS env variable 'ENV' nor (3) property 'env' from the properties InputStream.
[apollo-client][main]2020-06-27 18:13:17,759 INFO  [com.ctrip.framework.foundation.internals.provider.DefaultServerProvider] Environment is set to [someEnv] by JVM system property 'env'.
[apollo-client][main]2020-06-27 18:13:17,759 INFO  [com.ctrip.framework.foundation.internals.provider.DefaultServerProvider] Data Center is set to [someDc] by JVM system property 'idc'.
[apollo-client][main]2020-06-27 18:13:17,761 INFO  [com.ctrip.framework.foundation.internals.provider.DefaultServerProvider] Environment is set to [pro] by JVM system property 'env'.
[apollo-client][main]2020-06-27 18:13:17,761 INFO  [com.ctrip.framework.foundation.internals.provider.DefaultServerProvider] Data Center is set to [SHAJQ] by property 'idc' in server.properties.
[apollo-client][main]2020-06-27 18:13:17,763 INFO  [com.ctrip.framework.foundation.internals.provider.DefaultServerProvider] Environment is set to [DEV] by property 'env' in server.properties.
[apollo-client][main]2020-06-27 18:13:17,763 INFO  [com.ctrip.framework.foundation.internals.provider.DefaultServerProvider] Data Center is set to [SHAJQ] by property 'idc' in server.properties.
Tests run: 5, Failures: 0, Errors: 0, Skipped: 0, Time elapsed: 0 sec - in com.ctrip.framework.apollo.foundation.internals.provider.DefaultServerProviderTest
[apollo-client][main]2020-06-27 18:13:17,768 INFO  [com.ctrip.framework.foundation.internals.provider.DefaultServerProvider] Environment is set to [DEV] by property 'env' in server.properties.
[apollo-client][main]2020-06-27 18:13:17,768 INFO  [com.ctrip.framework.foundation.internals.provider.DefaultServerProvider] Data Center is set to [SHAJQ] by property 'idc' in server.properties.

Results :

Failed tests: 
  NetUtilTest.testCheckUrl:13 expected:<false> but was:<true>
Tests in error: 
  MetaDomainTest.testGetMetaDomain:12 » Runtime invalid meta address, please che...
  NetUtilTest.testGetValidAddress:19 » Runtime invalid meta address, please chec...

Tests run: 33, Failures: 1, Errors: 2, Skipped: 0

[INFO] ------------------------------------------------------------------------
[INFO] Reactor Summary:
[INFO] 
[INFO] Apollo ............................................. SUCCESS [  1.038 s]
[INFO] Apollo BuildTools .................................. SUCCESS [  6.275 s]
[INFO] Apollo Core ........................................ FAILURE [  8.496 s]
[INFO] Apollo Client ...................................... SKIPPED
[INFO] Apollo Common ...................................... SKIPPED
[INFO] Apollo Biz ......................................... SKIPPED
[INFO] Apollo ConfigService ............................... SKIPPED
[INFO] Apollo AdminService ................................ SKIPPED
[INFO] Apollo Portal ...................................... SKIPPED
[INFO] Apollo Assembly .................................... SKIPPED
[INFO] Apollo Demo ........................................ SKIPPED
[INFO] ------------------------------------------------------------------------
[INFO] BUILD FAILURE
[INFO] ------------------------------------------------------------------------
[INFO] Total time: 17.954 s
[INFO] Finished at: 2020-06-27T18:13:18+02:00
[INFO] Final Memory: 33M/80M
[INFO] ------------------------------------------------------------------------
[ERROR] Failed to execute goal org.apache.maven.plugins:maven-surefire-plugin:2.19.1:test (default-test) on project apollo-core: There are test failures.
[ERROR] 
[ERROR] Please refer to /pfs/proj/nobackup/fs/projnb01/snic2020-10-10/dginelli/repairnator-workspace/repairnator-repairnator-experiments-ctripcorp-apollo-389668297-20180608-125754-firstCommit/apollo-core/target/surefire-reports for the individual test results.
[ERROR] -> [Help 1]
org.apache.maven.lifecycle.LifecycleExecutionException: Failed to execute goal org.apache.maven.plugins:maven-surefire-plugin:2.19.1:test (default-test) on project apollo-core: There are test failures.

Please refer to /pfs/proj/nobackup/fs/projnb01/snic2020-10-10/dginelli/repairnator-workspace/repairnator-repairnator-experiments-ctripcorp-apollo-389668297-20180608-125754-firstCommit/apollo-core/target/surefire-reports for the individual test results.
	at org.apache.maven.lifecycle.internal.MojoExecutor.execute(MojoExecutor.java:212)
	at org.apache.maven.lifecycle.internal.MojoExecutor.execute(MojoExecutor.java:153)
	at org.apache.maven.lifecycle.internal.MojoExecutor.execute(MojoExecutor.java:145)
	at org.apache.maven.lifecycle.internal.LifecycleModuleBuilder.buildProject(LifecycleModuleBuilder.java:116)
	at org.apache.maven.lifecycle.internal.LifecycleModuleBuilder.buildProject(LifecycleModuleBuilder.java:80)
	at org.apache.maven.lifecycle.internal.builder.singlethreaded.SingleThreadedBuilder.build(SingleThreadedBuilder.java:51)
	at org.apache.maven.lifecycle.internal.LifecycleStarter.execute(LifecycleStarter.java:128)
	at org.apache.maven.DefaultMaven.doExecute(DefaultMaven.java:307)
	at org.apache.maven.DefaultMaven.doExecute(DefaultMaven.java:193)
	at org.apache.maven.DefaultMaven.execute(DefaultMaven.java:106)
	at org.apache.maven.cli.MavenCli.execute(MavenCli.java:863)
	at org.apache.maven.cli.MavenCli.doMain(MavenCli.java:288)
	at org.apache.maven.cli.MavenCli.main(MavenCli.java:199)
	at sun.reflect.NativeMethodAccessorImpl.invoke0(Native Method)
	at sun.reflect.NativeMethodAccessorImpl.invoke(NativeMethodAccessorImpl.java:62)
	at sun.reflect.DelegatingMethodAccessorImpl.invoke(DelegatingMethodAccessorImpl.java:43)
	at java.lang.reflect.Method.invoke(Method.java:498)
	at org.codehaus.plexus.classworlds.launcher.Launcher.launchEnhanced(Launcher.java:289)
	at org.codehaus.plexus.classworlds.launcher.Launcher.launch(Launcher.java:229)
	at org.codehaus.plexus.classworlds.launcher.Launcher.mainWithExitCode(Launcher.java:415)
	at org.codehaus.plexus.classworlds.launcher.Launcher.main(Launcher.java:356)
Caused by: org.apache.maven.plugin.MojoFailureException: There are test failures.

Please refer to /pfs/proj/nobackup/fs/projnb01/snic2020-10-10/dginelli/repairnator-workspace/repairnator-repairnator-experiments-ctripcorp-apollo-389668297-20180608-125754-firstCommit/apollo-core/target/surefire-reports for the individual test results.
	at org.apache.maven.plugin.surefire.SurefireHelper.reportExecution(SurefireHelper.java:91)
	at org.apache.maven.plugin.surefire.SurefirePlugin.handleSummary(SurefirePlugin.java:320)
	at org.apache.maven.plugin.surefire.AbstractSurefireMojo.executeAfterPreconditionsChecked(AbstractSurefireMojo.java:892)
	at org.apache.maven.plugin.surefire.AbstractSurefireMojo.execute(AbstractSurefireMojo.java:755)
	at org.apache.maven.plugin.DefaultBuildPluginManager.executeMojo(DefaultBuildPluginManager.java:134)
	at org.apache.maven.lifecycle.internal.MojoExecutor.execute(MojoExecutor.java:207)
	... 20 more
[ERROR] 
[ERROR] Re-run Maven using the -X switch to enable full debug logging.
[ERROR] 
[ERROR] For more information about the errors and possible solutions, please read the following articles:
[ERROR] [Help 1] http://cwiki.apache.org/confluence/display/MAVEN/MojoFailureException
[ERROR] 
[ERROR] After correcting the problems, you can resume the build with the command
[ERROR]   mvn <goals> -rf :apollo-core
